[17:14:57] dispatching H11: Contract, predeploys, precompiles
[17:14:57] dispatching H04: Blockchain + receipts + persistence
[17:14:57] dispatching H10: Procedures, decorators, memory-client, node, client-types
[17:14:57] dispatching H07: Errors, logger, common, consensus, effect
[17:14:57] dispatching H08: JSON-RPC transport (jsonrpc + http-client + server)
[17:14:57] dispatching H02: VM runner (block/tx execution)
[17:14:57] dispatching H12: Bundler core
[17:14:57] dispatching H09: Actions (handlers backing every method)
[17:14:57] dispatching H05: Block, Tx, TxPool
[17:14:57] dispatching H14: Rust bundler components
[17:14:57] dispatching H15: Extensions + LSP + CLI
[17:14:57] dispatching H06: Trie, RLP, utils, address
[17:14:57] dispatching H03: State manager
[17:14:57] dispatching H16: Top-level tevm package + test infra
[17:14:57] dispatching H01: EVM core opcodes & execution
[17:14:57] dispatching H13: Bundler plugins (esbuild/vite/webpack/rollup/etc.)
[17:18:11] OK H14
[17:18:21] OK H08
[17:18:30] OK H04
[17:18:56] OK H06
[17:19:24] OK H13
[17:19:26] OK H07
[17:19:26] OK H01
[17:19:26] OK H11
[17:19:37] OK H15
[17:19:48] OK H03
[17:19:57] OK H05
[17:19:58] OK H12
[17:20:01] OK H09
[17:20:09] OK H16
[17:20:10] OK H10
[17:21:06] OK H02
[17:21:36] dispatching V01: Forking & state proxying end-to-end
[17:21:36] dispatching V04: JSON-RPC debug_* and tevm_* methods
[17:21:36] dispatching V02: JSON-RPC eth_* method surface
[17:21:36] dispatching V06: Bundler caching strategy
[17:21:36] dispatching V05: Solidity bundler pipeline (resolve→compile→codegen)
[17:21:36] dispatching V03: JSON-RPC anvil_* method surface
[17:21:36] dispatching V08: EIP-7702 (delegated authorization) e2e
[17:21:36] dispatching V07: Hardfork readiness, gates, transitions
[17:21:36] dispatching V10: TypeScript LSP / Solidity type inference
[17:21:36] dispatching V09: EIP-3155 trace comparison tooling
[17:21:36] dispatching V12: Memory client public API
[17:21:36] dispatching V11: Test infrastructure (matchers, conformance, hive)
[17:21:36] dispatching V14: Viem extension integration
[17:21:36] dispatching V13: Predeploys & precompiles correctness
[17:21:36] dispatching V15: Ethers compatibility shim
[17:21:36] dispatching V16: CLI commands & UX
[17:24:12] OK V06
[17:24:54] OK V15
[17:24:56] OK V13
[17:24:56] OK V11
[17:25:21] OK V04
[17:25:25] OK V14
[17:25:26] OK V05
[17:25:28] OK V09
[17:25:35] OK V16
[17:25:55] OK V02
[17:26:08] OK V12
[17:27:01] OK V01
[17:27:07] OK V07
[17:27:32] OK V10
[17:27:40] OK V03
[17:27:50] OK V08
