[17:55:45] dispatching FIX H05: Block, Tx, TxPool
[17:55:45] dispatching FIX H07: Errors, logger, common, consensus, effect
[17:55:45] dispatching FIX H13: Bundler plugins (esbuild/vite/webpack/rollup/etc.)
[17:55:45] dispatching FIX H09: Actions (handlers backing every method)
[17:55:45] dispatching FIX H10: Procedures, decorators, memory-client, node, client-types
[17:55:45] dispatching FIX H16: Top-level tevm package + test infra
[17:55:45] dispatching FIX H08: JSON-RPC transport (jsonrpc + http-client + server)
[17:55:45] dispatching FIX H04: Blockchain + receipts + persistence
[17:55:45] dispatching FIX H06: Trie, RLP, utils, address
[17:55:45] dispatching FIX H02: VM runner (block/tx execution)
[17:55:45] dispatching FIX H15: Extensions + LSP + CLI
[17:55:45] dispatching FIX H01: EVM core opcodes & execution
[17:55:45] dispatching FIX H12: Bundler core
[17:55:45] dispatching FIX H03: State manager
[17:55:45] dispatching FIX H11: Contract, predeploys, precompiles
[17:55:45] dispatching FIX H14: Rust bundler components
[17:58:37] COMMIT H06 -> efa4ee161 (staged=7 scope=6 out-of-scope=73)
[17:58:47] COMMIT H03 -> 3173262fd (staged=9 scope=8 out-of-scope=67)
[17:59:27] COMMIT H11 -> 225e00e11 (staged=10 scope=9 out-of-scope=81)
[17:59:33] COMMIT H16 -> 43a5498af (staged=10 scope=9 out-of-scope=78)
[17:59:43] COMMIT H04 -> 8967f253d (staged=7 scope=6 out-of-scope=161)
[18:00:01] COMMIT H07 -> 2f762862e (staged=15 scope=14 out-of-scope=152)
[18:00:35] COMMIT H15 -> 920c7dcc6 (staged=10 scope=9 out-of-scope=149)
[18:00:38] COMMIT H10 -> 63e04a9fa (staged=10 scope=9 out-of-scope=140)
[18:00:53] COMMIT H13 -> d982062bc (staged=8 scope=7 out-of-scope=133)
[18:00:53] COMMIT H08 -> c18a7e69a (staged=9 scope=8 out-of-scope=125)
[18:01:35] COMMIT H02 -> 0518e1e4f (staged=5 scope=4 out-of-scope=121)
[18:01:36] COMMIT H01 -> f718654c5 (staged=5 scope=4 out-of-scope=117)
[18:03:23] COMMIT H14 -> d8a52666e (staged=11 scope=10 out-of-scope=110)
[18:03:26] COMMIT H12 -> e49880753 (staged=24 scope=23 out-of-scope=87)
[18:04:15] COMMIT H05 -> 9598f4860 (staged=6 scope=5 out-of-scope=82)
[18:04:58] COMMIT H09 -> b89e0f6d5 (staged=83 scope=82 out-of-scope=0)
[19:20:58] dispatching FIX V02: JSON-RPC eth_* method surface
[19:20:58] dispatching FIX V15: Ethers compatibility shim
[19:20:58] dispatching FIX V10: TypeScript LSP / Solidity type inference
[19:20:58] dispatching FIX V01: Forking & state proxying end-to-end
[19:20:58] dispatching FIX V04: JSON-RPC debug_* and tevm_* methods
[19:20:58] dispatching FIX V03: JSON-RPC anvil_* method surface
[19:20:58] dispatching FIX V07: Hardfork readiness, gates, transitions
[19:20:58] dispatching FIX V14: Viem extension integration
[19:20:58] dispatching FIX V06: Bundler caching strategy
[19:20:58] dispatching FIX V13: Predeploys & precompiles correctness
[19:20:58] dispatching FIX V16: CLI commands & UX
[19:20:58] dispatching FIX V09: EIP-3155 trace comparison tooling
[19:20:58] dispatching FIX V11: Test infrastructure (matchers, conformance, hive)
[19:20:58] dispatching FIX V08: EIP-7702 (delegated authorization) e2e
[19:20:58] dispatching FIX V05: Solidity bundler pipeline (resolve→compile→codegen)
[19:20:58] dispatching FIX V12: Memory client public API
[19:24:01] COMMIT V09 -> 913f9ae97 (staged=4 scope=3 out-of-scope=56)
[19:24:26] COMMIT V12 -> f4f4acd27 (staged=6 scope=5 out-of-scope=72)
[19:24:44] COMMIT V04 -> 160a995ee (staged=6 scope=5 out-of-scope=77)
[19:25:41] COMMIT V13 -> 7d765205a (staged=4 scope=3 out-of-scope=83)
[19:25:42] COMMIT V05 -> 54de2df16 (staged=7 scope=6 out-of-scope=77)
[19:25:58] COMMIT V08 -> 9c356c0c3 (staged=24 scope=23 out-of-scope=56)
[19:26:19] COMMIT V07 -> 7efd45b77 (staged=5 scope=4 out-of-scope=57)
[19:26:48] COMMIT V15 -> 9cdbb329d (staged=6 scope=5 out-of-scope=57)
[19:26:56] COMMIT V11 -> aea6d19be (staged=12 scope=11 out-of-scope=47)
[19:27:33] COMMIT V10 -> af1738220 (staged=6 scope=5 out-of-scope=51)
[19:27:48] COMMIT V14 -> 685264310 (staged=6 scope=5 out-of-scope=46)
[19:28:32] COMMIT V03 -> 1e91d5f1a (staged=6 scope=5 out-of-scope=41)
[19:28:51] COMMIT V06 -> 98fd6299b (staged=18 scope=17 out-of-scope=24)
[19:29:08] COMMIT V16 -> 64da235f2 (staged=17 scope=16 out-of-scope=8)
[19:29:26] COMMIT V01 -> de2502bac (staged=8 scope=7 out-of-scope=1)
[19:30:43] COMMIT V02 -> 007bc040e (staged=1 scope=0 out-of-scope=1)
