
 NX   --skip-nx-cache disables the connection to Nx Cloud for the current run.

The remote cache will not be read from or written to during this run.


 NX   Running target typecheck for 38 projects and 86 tasks they depend on:

- @tevm/sync-storage-persister
- @tevm/receipt-manager
- @tevm/test-matchers
- @tevm/webpack-plugin
- @tevm/memory-client
- @tevm/client-types
- @tevm/http-client
- @tevm/test-node
- @tevm/blockchain
- @tevm/decorators
- @tevm/predeploys
- @tevm/procedures
- @tevm/consensus
- @tevm/memory-client-integration
- @tevm/test-matchers-integration
- @tevm/contract
- @tevm/ethers
- @tevm/actions
- @tevm/address
- @tevm/jsonrpc
- @tevm/precompiles-integration
- @tevm/common
- @tevm/errors
- @tevm/logger
- @tevm/server
- @tevm/txpool
- @tevm/viem
- @tevm/block
- @tevm/state
- @tevm/utils
- @tevm/node
- @tevm/trie
- @tevm/ts-plugin
- @tevm/evm
- @tevm/rlp
- @tevm/tx
- @tevm/vm
- tevm



> nx run @tevm/tsupconfig:"build:dist"


> nx run @tevm/tsupconfig:"build:types"

@tevm/tsupconfig: > @tevm/tsupconfig@1.0.0-next.148 build:dist /Users/williamcory/tevm-monorepo/configs/tsupconfig
@tevm/tsupconfig: > tsup
@tevm/tsupconfig: > @tevm/tsupconfig@1.0.0-next.148 build:types /Users/williamcory/tevm-monorepo/configs/tsupconfig
@tevm/tsupconfig: > tsup --dts-only && tsc --emitDeclarationOnly --declaration
@tevm/tsupconfig: [2m[[22m@TEVM/TSUPCONFIG[2m][22m [34mCLI[39m Building entry: src/index.js
@tevm/tsupconfig: [2m[[22m@TEVM/TSUPCONFIG[2m][22m [34mCLI[39m Building entry: src/index.js
@tevm/tsupconfig: [2m[[22m@TEVM/TSUPCONFIG[2m][22m [34mCLI[39m Using tsconfig: tsconfig.json
@tevm/tsupconfig: [2m[[22m@TEVM/TSUPCONFIG[2m][22m [34mCLI[39m tsup v8.5.1
@tevm/tsupconfig: [2m[[22m@TEVM/TSUPCONFIG[2m][22m [34mCLI[39m Using tsup config: /Users/williamcory/tevm-monorepo/configs/tsupconfig/tsup.config.ts
@tevm/tsupconfig: [2m[[22m@TEVM/TSUPCONFIG[2m][22m [34mCLI[39m Using tsconfig: tsconfig.json
@tevm/tsupconfig: [2m[[22m@TEVM/TSUPCONFIG[2m][22m [34mCLI[39m tsup v8.5.1
@tevm/tsupconfig: [2m[[22m@TEVM/TSUPCONFIG[2m][22m [34mCLI[39m Using tsup config: /Users/williamcory/tevm-monorepo/configs/tsupconfig/tsup.config.ts
@tevm/tsupconfig: [2m[[22m@TEVM/TSUPCONFIG[2m][22m [34mCLI[39m Target: node16
@tevm/tsupconfig: [2m[[22m@TEVM/TSUPCONFIG[2m][22m [34mCJS[39m Build start
@tevm/tsupconfig: [2m[[22m@TEVM/TSUPCONFIG[2m][22m [34mESM[39m Build start
@tevm/tsupconfig: [2m[[22m@TEVM/TSUPCONFIG[2m][22m [32mCJS[39m [1mdist/index.cjs     [22m[32m1.24 KB[39m
@tevm/tsupconfig: [2m[[22m@TEVM/TSUPCONFIG[2m][22m [32mCJS[39m [1mdist/index.cjs.map [22m[32m3.11 KB[39m
@tevm/tsupconfig: [2m[[22m@TEVM/TSUPCONFIG[2m][22m [32mCJS[39m ⚡️ Build success in 38ms
@tevm/tsupconfig: [2m[[22m@TEVM/TSUPCONFIG[2m][22m [32mESM[39m [1mdist/index.js     [22m[32m1.17 KB[39m
@tevm/tsupconfig: [2m[[22m@TEVM/TSUPCONFIG[2m][22m [32mESM[39m [1mdist/index.js.map [22m[32m3.09 KB[39m
@tevm/tsupconfig: [2m[[22m@TEVM/TSUPCONFIG[2m][22m [32mESM[39m ⚡️ Build success in 38ms
@tevm/tsupconfig: [2m[[22m@TEVM/TSUPCONFIG[2m][22m [34mDTS[39m Build start

> nx run @tevm/errors:"build:dist"


> nx run @tevm/logger:"build:dist"

@tevm/tsupconfig: [2m[[22m@TEVM/TSUPCONFIG[2m][22m [32mDTS[39m ⚡️ Build success in 386ms
@tevm/tsupconfig: [2m[[22m@TEVM/TSUPCONFIG[2m][22m [32mDTS[39m [1mdist/index.d.cts [22m[32m464.00 B[39m
@tevm/tsupconfig: [2m[[22m@TEVM/TSUPCONFIG[2m][22m [32mDTS[39m [1mdist/index.d.ts  [22m[32m464.00 B[39m
@tevm/logger: > @tevm/logger@1.0.0-next.148 build:dist /Users/williamcory/tevm-monorepo/packages/logger
@tevm/logger: > tsup
@tevm/errors: > @tevm/errors@1.0.0-next.148 build:dist /Users/williamcory/tevm-monorepo/packages/errors
@tevm/errors: > tsup
@tevm/logger: [2m[[22m@TEVM/LOGGER[2m][22m [34mCLI[39m Building entry: src/index.ts
@tevm/errors: [2m[[22m@TEVM/ERRORS[2m][22m [34mCLI[39m Building entry: src/index.ts
@tevm/logger: [2m[[22m@TEVM/LOGGER[2m][22m [34mCLI[39m Using tsconfig: tsconfig.json
@tevm/logger: [2m[[22m@TEVM/LOGGER[2m][22m [34mCLI[39m tsup v8.5.1
@tevm/logger: [2m[[22m@TEVM/LOGGER[2m][22m [34mCLI[39m Using tsup config: /Users/williamcory/tevm-monorepo/packages/logger/tsup.config.js
@tevm/errors: [2m[[22m@TEVM/ERRORS[2m][22m [34mCLI[39m Using tsconfig: tsconfig.json
@tevm/errors: [2m[[22m@TEVM/ERRORS[2m][22m [34mCLI[39m tsup v8.5.1
@tevm/errors: [2m[[22m@TEVM/ERRORS[2m][22m [34mCLI[39m Using tsup config: /Users/williamcory/tevm-monorepo/packages/errors/tsup.config.ts
@tevm/logger: [2m[[22m@TEVM/LOGGER[2m][22m [34mCLI[39m Target: chrome91,firefox90,edge91,safari15,ios15,opera77
@tevm/errors: [2m[[22m@TEVM/ERRORS[2m][22m [34mCLI[39m Target: chrome91,firefox90,edge91,safari15,ios15,opera77
@tevm/errors: [2m[[22m@TEVM/ERRORS[2m][22m [34mCJS[39m Build start
@tevm/errors: [2m[[22m@TEVM/ERRORS[2m][22m [34mESM[39m Build start
@tevm/logger: [2m[[22m@TEVM/LOGGER[2m][22m [34mCJS[39m Build start
@tevm/logger: [2m[[22m@TEVM/LOGGER[2m][22m [34mESM[39m Build start
@tevm/logger: [2m[[22m@TEVM/LOGGER[2m][22m [32mESM[39m [1mdist/index.js     [22m[32m287.00 B[39m
@tevm/logger: [2m[[22m@TEVM/LOGGER[2m][22m [32mESM[39m [1mdist/index.js.map [22m[32m703.00 B[39m
@tevm/logger: [2m[[22m@TEVM/LOGGER[2m][22m [32mESM[39m ⚡️ Build success in 29ms
@tevm/logger: [2m[[22m@TEVM/LOGGER[2m][22m [32mCJS[39m [1mdist/index.cjs     [22m[32m320.00 B[39m
@tevm/logger: [2m[[22m@TEVM/LOGGER[2m][22m [32mCJS[39m [1mdist/index.cjs.map [22m[32m713.00 B[39m
@tevm/logger: [2m[[22m@TEVM/LOGGER[2m][22m [32mCJS[39m ⚡️ Build success in 29ms

> nx run @tevm/jsonrpc:"build:dist"

@tevm/errors: [2m[[22m@TEVM/ERRORS[2m][22m [32mCJS[39m [1mdist/index.cjs     [22m[32m112.15 KB[39m
@tevm/errors: [2m[[22m@TEVM/ERRORS[2m][22m [32mCJS[39m [1mdist/index.cjs.map [22m[32m360.63 KB[39m
@tevm/errors: [2m[[22m@TEVM/ERRORS[2m][22m [32mCJS[39m ⚡️ Build success in 147ms
@tevm/errors: [2m[[22m@TEVM/ERRORS[2m][22m [32mESM[39m [1mdist/index.js     [22m[32m106.87 KB[39m
@tevm/errors: [2m[[22m@TEVM/ERRORS[2m][22m [32mESM[39m [1mdist/index.js.map [22m[32m360.60 KB[39m
@tevm/errors: [2m[[22m@TEVM/ERRORS[2m][22m [32mESM[39m ⚡️ Build success in 147ms

> nx run @tevm/errors:"build:types"


> nx run @tevm/utils:"build:dist"

@tevm/jsonrpc: > @tevm/jsonrpc@1.0.0-next.148 build:dist /Users/williamcory/tevm-monorepo/packages/jsonrpc
@tevm/jsonrpc: > tsup
@tevm/jsonrpc: [2m[[22m@TEVM/JSONRPC[2m][22m [34mCLI[39m Building entry: src/index.ts
@tevm/jsonrpc: [2m[[22m@TEVM/JSONRPC[2m][22m [34mCLI[39m Using tsconfig: tsconfig.json
@tevm/jsonrpc: [2m[[22m@TEVM/JSONRPC[2m][22m [34mCLI[39m tsup v8.5.1
@tevm/jsonrpc: [2m[[22m@TEVM/JSONRPC[2m][22m [34mCLI[39m Using tsup config: /Users/williamcory/tevm-monorepo/packages/jsonrpc/tsup.config.js
@tevm/jsonrpc: [2m[[22m@TEVM/JSONRPC[2m][22m [34mCLI[39m Target: chrome91,firefox90,edge91,safari15,ios15,opera77
@tevm/jsonrpc: [2m[[22m@TEVM/JSONRPC[2m][22m [34mCJS[39m Build start
@tevm/jsonrpc: [2m[[22m@TEVM/JSONRPC[2m][22m [34mESM[39m Build start
@tevm/jsonrpc: [2m[[22m@TEVM/JSONRPC[2m][22m [32mCJS[39m [1mdist/index.cjs     [22m[32m1.93 KB[39m
@tevm/jsonrpc: [2m[[22m@TEVM/JSONRPC[2m][22m [32mCJS[39m [1mdist/index.cjs.map [22m[32m3.39 KB[39m
@tevm/jsonrpc: [2m[[22m@TEVM/JSONRPC[2m][22m [32mCJS[39m ⚡️ Build success in 32ms
@tevm/jsonrpc: [2m[[22m@TEVM/JSONRPC[2m][22m [32mESM[39m [1mdist/index.js     [22m[32m1.47 KB[39m
@tevm/jsonrpc: [2m[[22m@TEVM/JSONRPC[2m][22m [32mESM[39m [1mdist/index.js.map [22m[32m3.39 KB[39m
@tevm/jsonrpc: [2m[[22m@TEVM/JSONRPC[2m][22m [32mESM[39m ⚡️ Build success in 32ms
@tevm/errors: > @tevm/errors@1.0.0-next.148 build:types /Users/williamcory/tevm-monorepo/packages/errors
@tevm/errors: > tsup --dts-only && tsc --emitDeclarationOnly --declaration
@tevm/utils: > @tevm/utils@1.0.0-next.148 build:dist /Users/williamcory/tevm-monorepo/packages/utils
@tevm/utils: > tsup

> nx run @tevm/jsonrpc:"build:types"

@tevm/errors: [2m[[22m@TEVM/ERRORS[2m][22m [34mCLI[39m Building entry: src/index.ts
@tevm/errors: [2m[[22m@TEVM/ERRORS[2m][22m [34mCLI[39m Using tsconfig: tsconfig.json
@tevm/errors: [2m[[22m@TEVM/ERRORS[2m][22m [34mCLI[39m tsup v8.5.1
@tevm/errors: [2m[[22m@TEVM/ERRORS[2m][22m [34mCLI[39m Using tsup config: /Users/williamcory/tevm-monorepo/packages/errors/tsup.config.ts
@tevm/utils: [2m[[22m@TEVM/UTILS[2m][22m [34mCLI[39m Building entry: src/index.ts
@tevm/utils: [2m[[22m@TEVM/UTILS[2m][22m [34mCLI[39m Using tsconfig: tsconfig.json
@tevm/utils: [2m[[22m@TEVM/UTILS[2m][22m [34mCLI[39m tsup v8.5.1
@tevm/utils: [2m[[22m@TEVM/UTILS[2m][22m [34mCLI[39m Using tsup config: /Users/williamcory/tevm-monorepo/packages/utils/tsup.config.ts
@tevm/utils: [2m[[22m@TEVM/UTILS[2m][22m [34mCLI[39m Target: chrome91,firefox90,edge91,safari15,ios15,opera77
@tevm/utils: [2m[[22m@TEVM/UTILS[2m][22m [34mCJS[39m Build start
@tevm/utils: [2m[[22m@TEVM/UTILS[2m][22m [34mESM[39m Build start
@tevm/utils: [2m[[22m@TEVM/UTILS[2m][22m [32mESM[39m [1mdist/index.js     [22m[32m7.47 KB[39m
@tevm/utils: [2m[[22m@TEVM/UTILS[2m][22m [32mESM[39m [1mdist/index.js.map [22m[32m16.17 KB[39m
@tevm/utils: [2m[[22m@TEVM/UTILS[2m][22m [32mESM[39m ⚡️ Build success in 64ms
@tevm/utils: [2m[[22m@TEVM/UTILS[2m][22m [32mCJS[39m [1mdist/index.cjs     [22m[32m16.51 KB[39m
@tevm/utils: [2m[[22m@TEVM/UTILS[2m][22m [32mCJS[39m [1mdist/index.cjs.map [22m[32m16.35 KB[39m
@tevm/utils: [2m[[22m@TEVM/UTILS[2m][22m [32mCJS[39m ⚡️ Build success in 64ms
@tevm/jsonrpc: > @tevm/jsonrpc@1.0.0-next.148 build:types /Users/williamcory/tevm-monorepo/packages/jsonrpc
@tevm/jsonrpc: > tsup --dts-only && tsc --emitDeclarationOnly --declaration
@tevm/errors: [2m[[22m@TEVM/ERRORS[2m][22m [34mDTS[39m Build start

> nx run @tevm/common:"build:dist"

@tevm/jsonrpc: [2m[[22m@TEVM/JSONRPC[2m][22m [34mCLI[39m Building entry: src/index.ts
@tevm/jsonrpc: [2m[[22m@TEVM/JSONRPC[2m][22m [34mCLI[39m Using tsconfig: tsconfig.json
@tevm/jsonrpc: [2m[[22m@TEVM/JSONRPC[2m][22m [34mCLI[39m tsup v8.5.1
@tevm/jsonrpc: [2m[[22m@TEVM/JSONRPC[2m][22m [34mCLI[39m Using tsup config: /Users/williamcory/tevm-monorepo/packages/jsonrpc/tsup.config.js
@tevm/jsonrpc: [2m[[22m@TEVM/JSONRPC[2m][22m [34mDTS[39m Build start
@tevm/common: > @tevm/common@1.0.0-next.148 build:dist /Users/williamcory/tevm-monorepo/packages/common
@tevm/common: > tsup
@tevm/common: [2m[[22m@TEVM/COMMON[2m][22m [34mCLI[39m Building entry: src/index.ts
@tevm/common: [2m[[22m@TEVM/COMMON[2m][22m [34mCLI[39m Using tsconfig: tsconfig.json
@tevm/common: [2m[[22m@TEVM/COMMON[2m][22m [34mCLI[39m tsup v8.5.1
@tevm/common: [2m[[22m@TEVM/COMMON[2m][22m [34mCLI[39m Using tsup config: /Users/williamcory/tevm-monorepo/packages/common/tsup.config.ts
@tevm/common: [2m[[22m@TEVM/COMMON[2m][22m [34mCLI[39m Target: chrome91,firefox90,edge91,safari15,ios15,opera77
@tevm/common: [2m[[22m@TEVM/COMMON[2m][22m [34mCJS[39m Build start
@tevm/common: [2m[[22m@TEVM/COMMON[2m][22m [34mESM[39m Build start
@tevm/common: [2m[[22m@TEVM/COMMON[2m][22m [32mCJS[39m [1mdist/index.cjs     [22m[32m52.69 KB[39m
@tevm/common: [2m[[22m@TEVM/COMMON[2m][22m [32mCJS[39m [1mdist/index.cjs.map [22m[32m359.57 KB[39m
@tevm/common: [2m[[22m@TEVM/COMMON[2m][22m [32mCJS[39m ⚡️ Build success in 226ms
@tevm/common: [2m[[22m@TEVM/COMMON[2m][22m [32mESM[39m [1mdist/index.js     [22m[32m53.08 KB[39m
@tevm/common: [2m[[22m@TEVM/COMMON[2m][22m [32mESM[39m [1mdist/index.js.map [22m[32m359.32 KB[39m
@tevm/common: [2m[[22m@TEVM/COMMON[2m][22m [32mESM[39m ⚡️ Build success in 226ms
@tevm/jsonrpc: [2m[[22m@TEVM/JSONRPC[2m][22m [32mDTS[39m ⚡️ Build success in 776ms
@tevm/jsonrpc: [2m[[22m@TEVM/JSONRPC[2m][22m [32mDTS[39m [1mdist/index.d.cts [22m[32m1.55 KB[39m
@tevm/jsonrpc: [2m[[22m@TEVM/JSONRPC[2m][22m [32mDTS[39m [1mdist/index.d.ts  [22m[32m1.55 KB[39m
@tevm/errors: [2m[[22m@TEVM/ERRORS[2m][22m [32mDTS[39m ⚡️ Build success in 1146ms
@tevm/errors: [2m[[22m@TEVM/ERRORS[2m][22m [32mDTS[39m [1mdist/index.d.cts [22m[32m342.46 KB[39m
@tevm/errors: [2m[[22m@TEVM/ERRORS[2m][22m [32mDTS[39m [1mdist/index.d.ts  [22m[32m342.46 KB[39m

> nx run @tevm/contract:"build:dist"

@tevm/contract: > @tevm/contract@1.0.0-next.149 build:dist /Users/williamcory/tevm-monorepo/packages/contract
@tevm/contract: > tsup
@tevm/contract: [2m[[22m@TEVM/CONTRACT[2m][22m [34mCLI[39m Building entry: src/index.ts
@tevm/contract: [2m[[22m@TEVM/CONTRACT[2m][22m [34mCLI[39m Using tsconfig: tsconfig.json
@tevm/contract: [2m[[22m@TEVM/CONTRACT[2m][22m [34mCLI[39m tsup v8.5.1
@tevm/contract: [2m[[22m@TEVM/CONTRACT[2m][22m [34mCLI[39m Using tsup config: /Users/williamcory/tevm-monorepo/packages/contract/tsup.config.js
@tevm/contract: [2m[[22m@TEVM/CONTRACT[2m][22m [34mCLI[39m Target: chrome91,firefox90,edge91,safari15,ios15,opera77
@tevm/contract: [2m[[22m@TEVM/CONTRACT[2m][22m [34mCJS[39m Build start
@tevm/contract: [2m[[22m@TEVM/CONTRACT[2m][22m [34mESM[39m Build start

> nx run @tevm/address:"build:dist"

@tevm/contract: [2m[[22m@TEVM/CONTRACT[2m][22m [32mCJS[39m [1mdist/index.cjs     [22m[32m96.99 KB[39m
@tevm/contract: [2m[[22m@TEVM/CONTRACT[2m][22m [32mCJS[39m [1mdist/index.cjs.map [22m[32m167.59 KB[39m
@tevm/contract: [2m[[22m@TEVM/CONTRACT[2m][22m [32mCJS[39m ⚡️ Build success in 68ms
@tevm/contract: [2m[[22m@TEVM/CONTRACT[2m][22m [32mESM[39m [1mdist/index.js     [22m[32m96.81 KB[39m
@tevm/contract: [2m[[22m@TEVM/CONTRACT[2m][22m [32mESM[39m [1mdist/index.js.map [22m[32m167.52 KB[39m
@tevm/contract: [2m[[22m@TEVM/CONTRACT[2m][22m [32mESM[39m ⚡️ Build success in 69ms

> nx run @tevm/block:"build:dist"

@tevm/address: > @tevm/address@1.0.0-next.148 build:dist /Users/williamcory/tevm-monorepo/packages/address
@tevm/address: > tsup
@tevm/block: > @tevm/block@1.0.0-next.148 build:dist /Users/williamcory/tevm-monorepo/packages/block
@tevm/block: > tsup

> nx run @tevm/utils:"build:types"

@tevm/address: [2m[[22m@TEVM/ADDRESS[2m][22m [34mCLI[39m Building entry: src/index.ts
@tevm/address: [2m[[22m@TEVM/ADDRESS[2m][22m [34mCLI[39m Using tsconfig: tsconfig.json
@tevm/address: [2m[[22m@TEVM/ADDRESS[2m][22m [34mCLI[39m tsup v8.5.1
@tevm/address: [2m[[22m@TEVM/ADDRESS[2m][22m [34mCLI[39m Using tsup config: /Users/williamcory/tevm-monorepo/packages/address/tsup.config.ts
@tevm/address: [2m[[22m@TEVM/ADDRESS[2m][22m [34mCLI[39m Target: chrome91,firefox90,edge91,safari15,ios15,opera77
@tevm/address: [2m[[22m@TEVM/ADDRESS[2m][22m [34mCJS[39m Build start
@tevm/address: [2m[[22m@TEVM/ADDRESS[2m][22m [34mESM[39m Build start
@tevm/block: [2m[[22m@TEVM/BLOCK[2m][22m [34mCLI[39m Building entry: src/index.ts
@tevm/block: [2m[[22m@TEVM/BLOCK[2m][22m [34mCLI[39m Using tsconfig: tsconfig.json
@tevm/block: [2m[[22m@TEVM/BLOCK[2m][22m [34mCLI[39m tsup v8.5.1
@tevm/block: [2m[[22m@TEVM/BLOCK[2m][22m [34mCLI[39m Using tsup config: /Users/williamcory/tevm-monorepo/packages/block/tsup.config.ts
@tevm/address: [2m[[22m@TEVM/ADDRESS[2m][22m [32mCJS[39m [1mdist/index.cjs     [22m[32m3.88 KB[39m
@tevm/address: [2m[[22m@TEVM/ADDRESS[2m][22m [32mCJS[39m [1mdist/index.cjs.map [22m[32m18.47 KB[39m
@tevm/address: [2m[[22m@TEVM/ADDRESS[2m][22m [32mCJS[39m ⚡️ Build success in 48ms
@tevm/address: [2m[[22m@TEVM/ADDRESS[2m][22m [32mESM[39m [1mdist/index.js     [22m[32m3.76 KB[39m
@tevm/address: [2m[[22m@TEVM/ADDRESS[2m][22m [32mESM[39m [1mdist/index.js.map [22m[32m18.35 KB[39m
@tevm/address: [2m[[22m@TEVM/ADDRESS[2m][22m [32mESM[39m ⚡️ Build success in 48ms
@tevm/block: [2m[[22m@TEVM/BLOCK[2m][22m [34mCLI[39m Target: chrome91,firefox90,edge91,safari15,ios15,opera77
@tevm/block: [2m[[22m@TEVM/BLOCK[2m][22m [34mCJS[39m Build start
@tevm/block: [2m[[22m@TEVM/BLOCK[2m][22m [34mESM[39m Build start
@tevm/block: [2m[[22m@TEVM/BLOCK[2m][22m [32mESM[39m [1mdist/index.js     [22m[32m70.50 KB[39m
@tevm/block: [2m[[22m@TEVM/BLOCK[2m][22m [32mESM[39m [1mdist/index.js.map [22m[32m160.41 KB[39m
@tevm/block: [2m[[22m@TEVM/BLOCK[2m][22m [32mESM[39m ⚡️ Build success in 168ms
@tevm/block: [2m[[22m@TEVM/BLOCK[2m][22m [32mCJS[39m [1mdist/index.cjs     [22m[32m71.45 KB[39m
@tevm/block: [2m[[22m@TEVM/BLOCK[2m][22m [32mCJS[39m [1mdist/index.cjs.map [22m[32m160.85 KB[39m
@tevm/block: [2m[[22m@TEVM/BLOCK[2m][22m [32mCJS[39m ⚡️ Build success in 168ms
@tevm/utils: > @tevm/utils@1.0.0-next.148 build:types /Users/williamcory/tevm-monorepo/packages/utils
@tevm/utils: > tsup --dts-only && tsc --emitDeclarationOnly --declaration

> nx run @tevm/logger:"build:types"


> nx run @tevm/solc:"build:dist"

@tevm/utils: [2m[[22m@TEVM/UTILS[2m][22m [34mCLI[39m Building entry: src/index.ts
@tevm/utils: [2m[[22m@TEVM/UTILS[2m][22m [34mCLI[39m Using tsconfig: tsconfig.json
@tevm/utils: [2m[[22m@TEVM/UTILS[2m][22m [34mCLI[39m tsup v8.5.1
@tevm/utils: [2m[[22m@TEVM/UTILS[2m][22m [34mCLI[39m Using tsup config: /Users/williamcory/tevm-monorepo/packages/utils/tsup.config.ts
@tevm/logger: > @tevm/logger@1.0.0-next.148 build:types /Users/williamcory/tevm-monorepo/packages/logger
@tevm/logger: > tsup --dts-only
@tevm/solc: > @tevm/solc@1.0.0-next.148 build:dist /Users/williamcory/tevm-monorepo/bundler-packages/solc
@tevm/solc: > tsup
@tevm/utils: [2m[[22m@TEVM/UTILS[2m][22m [34mDTS[39m Build start
@tevm/logger: [2m[[22m@TEVM/LOGGER[2m][22m [34mCLI[39m Building entry: src/index.ts
@tevm/solc: [2m[[22m@TEVM/SOLC[2m][22m [34mCLI[39m Building entry: src/index.ts
@tevm/logger: [2m[[22m@TEVM/LOGGER[2m][22m [34mCLI[39m Using tsconfig: tsconfig.json
@tevm/logger: [2m[[22m@TEVM/LOGGER[2m][22m [34mCLI[39m tsup v8.5.1
@tevm/logger: [2m[[22m@TEVM/LOGGER[2m][22m [34mCLI[39m Using tsup config: /Users/williamcory/tevm-monorepo/packages/logger/tsup.config.js
@tevm/solc: [2m[[22m@TEVM/SOLC[2m][22m [34mCLI[39m Using tsconfig: tsconfig.json
@tevm/solc: [2m[[22m@TEVM/SOLC[2m][22m [34mCLI[39m tsup v8.5.1
@tevm/solc: [2m[[22m@TEVM/SOLC[2m][22m [34mCLI[39m Using tsup config: /Users/williamcory/tevm-monorepo/bundler-packages/solc/tsup.config.ts
@tevm/solc: [2m[[22m@TEVM/SOLC[2m][22m [34mCLI[39m Target: node16
@tevm/solc: [2m[[22m@TEVM/SOLC[2m][22m [34mCJS[39m Build start
@tevm/solc: [2m[[22m@TEVM/SOLC[2m][22m [34mESM[39m Build start
@tevm/solc: [2m[[22m@TEVM/SOLC[2m][22m [32mCJS[39m [1mdist/index.cjs     [22m[32m5.20 KB[39m
@tevm/solc: [2m[[22m@TEVM/SOLC[2m][22m [32mCJS[39m [1mdist/index.cjs.map [22m[32m9.30 KB[39m
@tevm/solc: [2m[[22m@TEVM/SOLC[2m][22m [32mCJS[39m ⚡️ Build success in 46ms
@tevm/solc: [2m[[22m@TEVM/SOLC[2m][22m [32mESM[39m [1mdist/index.js     [22m[32m4.98 KB[39m
@tevm/solc: [2m[[22m@TEVM/SOLC[2m][22m [32mESM[39m [1mdist/index.js.map [22m[32m9.29 KB[39m
@tevm/solc: [2m[[22m@TEVM/SOLC[2m][22m [32mESM[39m ⚡️ Build success in 46ms

> nx run @tevm/predeploys:"build:dist"

@tevm/logger: [2m[[22m@TEVM/LOGGER[2m][22m [34mDTS[39m Build start
@tevm/predeploys: > @tevm/predeploys@1.0.0-next.148 build:dist /Users/williamcory/tevm-monorepo/packages/predeploys
@tevm/predeploys: > tsup
@tevm/utils: [2m[[22m@TEVM/UTILS[2m][22m [32mDTS[39m ⚡️ Build success in 818ms
@tevm/utils: [2m[[22m@TEVM/UTILS[2m][22m [32mDTS[39m [1mdist/index.d.cts [22m[32m11.46 KB[39m
@tevm/utils: [2m[[22m@TEVM/UTILS[2m][22m [32mDTS[39m [1mdist/index.d.ts  [22m[32m11.46 KB[39m
@tevm/logger: [2m[[22m@TEVM/LOGGER[2m][22m [32mDTS[39m ⚡️ Build success in 438ms
@tevm/logger: [2m[[22m@TEVM/LOGGER[2m][22m [32mDTS[39m [1mdist/index.d.cts [22m[32m1.45 KB[39m
@tevm/logger: [2m[[22m@TEVM/LOGGER[2m][22m [32mDTS[39m [1mdist/index.d.ts  [22m[32m1.45 KB[39m
@tevm/predeploys: [2m[[22m@TEVM/PREDEPLOYS[2m][22m [34mCLI[39m Building entry: src/index.ts
@tevm/predeploys: [2m[[22m@TEVM/PREDEPLOYS[2m][22m [34mCLI[39m Using tsconfig: tsconfig.json
@tevm/predeploys: [2m[[22m@TEVM/PREDEPLOYS[2m][22m [34mCLI[39m tsup v8.5.1
@tevm/predeploys: [2m[[22m@TEVM/PREDEPLOYS[2m][22m [34mCLI[39m Using tsup config: /Users/williamcory/tevm-monorepo/packages/predeploys/tsup.config.js
@tevm/predeploys: [2m[[22m@TEVM/PREDEPLOYS[2m][22m [34mCLI[39m Target: chrome91,firefox90,edge91,safari15,ios15,opera77
@tevm/predeploys: [2m[[22m@TEVM/PREDEPLOYS[2m][22m [34mCJS[39m Build start
@tevm/predeploys: [2m[[22m@TEVM/PREDEPLOYS[2m][22m [34mESM[39m Build start

> nx run @tevm/solc:"build:types"

@tevm/predeploys: [2m[[22m@TEVM/PREDEPLOYS[2m][22m [32mCJS[39m [1mdist/index.cjs     [22m[32m389.00 B[39m
@tevm/predeploys: [2m[[22m@TEVM/PREDEPLOYS[2m][22m [32mCJS[39m [1mdist/index.cjs.map [22m[32m1.37 KB[39m
@tevm/predeploys: [2m[[22m@TEVM/PREDEPLOYS[2m][22m [32mCJS[39m ⚡️ Build success in 27ms
@tevm/predeploys: [2m[[22m@TEVM/PREDEPLOYS[2m][22m [32mESM[39m [1mdist/index.js     [22m[32m356.00 B[39m
@tevm/predeploys: [2m[[22m@TEVM/PREDEPLOYS[2m][22m [32mESM[39m [1mdist/index.js.map [22m[32m1.35 KB[39m
@tevm/predeploys: [2m[[22m@TEVM/PREDEPLOYS[2m][22m [32mESM[39m ⚡️ Build success in 27ms

> nx run @tevm/consensus:"build:types"

@tevm/solc: > @tevm/solc@1.0.0-next.148 build:types /Users/williamcory/tevm-monorepo/bundler-packages/solc
@tevm/solc: > tsup --dts-only && tsc --emitDeclarationOnly --declaration
@tevm/consensus: > @tevm/consensus@1.0.0-next.148 build:types /Users/williamcory/tevm-monorepo/packages/consensus
@tevm/consensus: > tsup --dts-only
@tevm/solc: [2m[[22m@TEVM/SOLC[2m][22m [34mCLI[39m Building entry: src/index.ts
@tevm/solc: [2m[[22m@TEVM/SOLC[2m][22m [34mCLI[39m Using tsconfig: tsconfig.json
@tevm/solc: [2m[[22m@TEVM/SOLC[2m][22m [34mCLI[39m tsup v8.5.1
@tevm/solc: [2m[[22m@TEVM/SOLC[2m][22m [34mCLI[39m Using tsup config: /Users/williamcory/tevm-monorepo/bundler-packages/solc/tsup.config.ts
@tevm/consensus: [2m[[22m@TEVM/CONSENSUS[2m][22m [34mCLI[39m Building entry: src/index.ts
@tevm/consensus: [2m[[22m@TEVM/CONSENSUS[2m][22m [34mCLI[39m Using tsconfig: tsconfig.json
@tevm/consensus: [2m[[22m@TEVM/CONSENSUS[2m][22m [34mCLI[39m tsup v8.5.1
@tevm/consensus: [2m[[22m@TEVM/CONSENSUS[2m][22m [34mCLI[39m Using tsup config: /Users/williamcory/tevm-monorepo/packages/consensus/tsup.config.ts
@tevm/solc: [2m[[22m@TEVM/SOLC[2m][22m [34mDTS[39m Build start
@tevm/consensus: [2m[[22m@TEVM/CONSENSUS[2m][22m [34mDTS[39m Build start

> nx run @tevm/common:"build:types"

@tevm/solc: [2m[[22m@TEVM/SOLC[2m][22m [32mDTS[39m ⚡️ Build success in 498ms
@tevm/solc: [2m[[22m@TEVM/SOLC[2m][22m [32mDTS[39m [1mdist/index.d.cts [22m[32m16.88 KB[39m
@tevm/solc: [2m[[22m@TEVM/SOLC[2m][22m [32mDTS[39m [1mdist/index.d.ts  [22m[32m16.88 KB[39m
@tevm/consensus: [2m[[22m@TEVM/CONSENSUS[2m][22m [32mDTS[39m ⚡️ Build success in 465ms
@tevm/consensus: [2m[[22m@TEVM/CONSENSUS[2m][22m [32mDTS[39m [1mdist/index.d.cts [22m[32m2.80 KB[39m
@tevm/consensus: [2m[[22m@TEVM/CONSENSUS[2m][22m [32mDTS[39m [1mdist/index.d.ts  [22m[32m2.80 KB[39m

> nx run @tevm/contract:"build:types"

@tevm/common: > @tevm/common@1.0.0-next.148 build:types /Users/williamcory/tevm-monorepo/packages/common
@tevm/common: > tsup --dts-only && tsc --emitDeclarationOnly --declaration
@tevm/contract: > @tevm/contract@1.0.0-next.149 build:types /Users/williamcory/tevm-monorepo/packages/contract
@tevm/contract: > tsup --dts-only && tsc --emitDeclarationOnly --declaration
@tevm/common: [2m[[22m@TEVM/COMMON[2m][22m [34mCLI[39m Building entry: src/index.ts
@tevm/common: [2m[[22m@TEVM/COMMON[2m][22m [34mCLI[39m Using tsconfig: tsconfig.json
@tevm/common: [2m[[22m@TEVM/COMMON[2m][22m [34mCLI[39m tsup v8.5.1
@tevm/common: [2m[[22m@TEVM/COMMON[2m][22m [34mCLI[39m Using tsup config: /Users/williamcory/tevm-monorepo/packages/common/tsup.config.ts

> nx run @tevm/address:"build:types"

@tevm/contract: [2m[[22m@TEVM/CONTRACT[2m][22m [34mCLI[39m Building entry: src/index.ts
@tevm/contract: [2m[[22m@TEVM/CONTRACT[2m][22m [34mCLI[39m Using tsconfig: tsconfig.json
@tevm/contract: [2m[[22m@TEVM/CONTRACT[2m][22m [34mCLI[39m tsup v8.5.1
@tevm/contract: [2m[[22m@TEVM/CONTRACT[2m][22m [34mCLI[39m Using tsup config: /Users/williamcory/tevm-monorepo/packages/contract/tsup.config.js
@tevm/common: [2m[[22m@TEVM/COMMON[2m][22m [34mDTS[39m Build start
@tevm/contract: [2m[[22m@TEVM/CONTRACT[2m][22m [34mDTS[39m Build start
@tevm/address: > @tevm/address@1.0.0-next.148 build:types /Users/williamcory/tevm-monorepo/packages/address
@tevm/address: > tsup --dts-only && tsc --emitDeclarationOnly --declaration
@tevm/address: [2m[[22m@TEVM/ADDRESS[2m][22m [34mCLI[39m Building entry: src/index.ts
@tevm/address: [2m[[22m@TEVM/ADDRESS[2m][22m [34mCLI[39m Using tsconfig: tsconfig.json
@tevm/address: [2m[[22m@TEVM/ADDRESS[2m][22m [34mCLI[39m tsup v8.5.1
@tevm/address: [2m[[22m@TEVM/ADDRESS[2m][22m [34mCLI[39m Using tsup config: /Users/williamcory/tevm-monorepo/packages/address/tsup.config.ts
@tevm/address: [2m[[22m@TEVM/ADDRESS[2m][22m [34mDTS[39m Build start
@tevm/contract: [2m[[22m@TEVM/CONTRACT[2m][22m [32mDTS[39m ⚡️ Build success in 997ms
@tevm/contract: [2m[[22m@TEVM/CONTRACT[2m][22m [32mDTS[39m [1mdist/index.d.cts [22m[32m111.92 KB[39m
@tevm/contract: [2m[[22m@TEVM/CONTRACT[2m][22m [32mDTS[39m [1mdist/index.d.ts  [22m[32m111.92 KB[39m
@tevm/address: [2m[[22m@TEVM/ADDRESS[2m][22m [32mDTS[39m ⚡️ Build success in 767ms
@tevm/address: [2m[[22m@TEVM/ADDRESS[2m][22m [32mDTS[39m [1mdist/index.d.cts [22m[32m2.11 KB[39m
@tevm/address: [2m[[22m@TEVM/ADDRESS[2m][22m [32mDTS[39m [1mdist/index.d.ts  [22m[32m2.11 KB[39m
@tevm/common: [2m[[22m@TEVM/COMMON[2m][22m [32mDTS[39m ⚡️ Build success in 1680ms
@tevm/common: [2m[[22m@TEVM/COMMON[2m][22m [32mDTS[39m [1mdist/index.d.cts [22m[32m204.78 KB[39m
@tevm/common: [2m[[22m@TEVM/COMMON[2m][22m [32mDTS[39m [1mdist/index.d.ts  [22m[32m204.78 KB[39m

> nx run @tevm/consensus:"build:dist"


> nx run @tevm/predeploys:"build:types"

@tevm/consensus: > @tevm/consensus@1.0.0-next.148 build:dist /Users/williamcory/tevm-monorepo/packages/consensus
@tevm/consensus: > tsup
@tevm/predeploys: > @tevm/predeploys@1.0.0-next.148 build:types /Users/williamcory/tevm-monorepo/packages/predeploys
@tevm/predeploys: > tsup --dts-only && tsc --emitDeclarationOnly --declaration
@tevm/consensus: [2m[[22m@TEVM/CONSENSUS[2m][22m [34mCLI[39m Building entry: src/index.ts
@tevm/consensus: [2m[[22m@TEVM/CONSENSUS[2m][22m [34mCLI[39m Using tsconfig: tsconfig.json
@tevm/consensus: [2m[[22m@TEVM/CONSENSUS[2m][22m [34mCLI[39m tsup v8.5.1
@tevm/consensus: [2m[[22m@TEVM/CONSENSUS[2m][22m [34mCLI[39m Using tsup config: /Users/williamcory/tevm-monorepo/packages/consensus/tsup.config.ts
@tevm/consensus: [2m[[22m@TEVM/CONSENSUS[2m][22m [34mCLI[39m Target: chrome91,firefox90,edge91,safari15,ios15,opera77
@tevm/consensus: [2m[[22m@TEVM/CONSENSUS[2m][22m [34mCJS[39m Build start
@tevm/consensus: [2m[[22m@TEVM/CONSENSUS[2m][22m [34mESM[39m Build start
@tevm/predeploys: [2m[[22m@TEVM/PREDEPLOYS[2m][22m [34mCLI[39m Building entry: src/index.ts
@tevm/predeploys: [2m[[22m@TEVM/PREDEPLOYS[2m][22m [34mCLI[39m Using tsconfig: tsconfig.json
@tevm/predeploys: [2m[[22m@TEVM/PREDEPLOYS[2m][22m [34mCLI[39m tsup v8.5.1
@tevm/predeploys: [2m[[22m@TEVM/PREDEPLOYS[2m][22m [34mCLI[39m Using tsup config: /Users/williamcory/tevm-monorepo/packages/predeploys/tsup.config.js
@tevm/consensus: [2m[[22m@TEVM/CONSENSUS[2m][22m [32mCJS[39m [1mdist/index.cjs     [22m[32m1.79 KB[39m
@tevm/consensus: [2m[[22m@TEVM/CONSENSUS[2m][22m [32mCJS[39m [1mdist/index.cjs.map [22m[32m3.87 KB[39m
@tevm/consensus: [2m[[22m@TEVM/CONSENSUS[2m][22m [32mCJS[39m ⚡️ Build success in 39ms
@tevm/consensus: [2m[[22m@TEVM/CONSENSUS[2m][22m [32mESM[39m [1mdist/index.js     [22m[32m1.70 KB[39m
@tevm/consensus: [2m[[22m@TEVM/CONSENSUS[2m][22m [32mESM[39m [1mdist/index.js.map [22m[32m3.87 KB[39m
@tevm/consensus: [2m[[22m@TEVM/CONSENSUS[2m][22m [32mESM[39m ⚡️ Build success in 39ms

> nx run @tevm/effect:"build:dist"

@tevm/predeploys: [2m[[22m@TEVM/PREDEPLOYS[2m][22m [34mDTS[39m Build start
@tevm/effect: > @tevm/effect@1.0.0-next.148 build:dist /Users/williamcory/tevm-monorepo/packages/effect
@tevm/effect: > tsup
@tevm/effect: [2m[[22m@TEVM/EFFECT[2m][22m [34mCLI[39m Building entry: src/index.js
@tevm/effect: [2m[[22m@TEVM/EFFECT[2m][22m [34mCLI[39m Using tsconfig: tsconfig.json
@tevm/effect: [2m[[22m@TEVM/EFFECT[2m][22m [34mCLI[39m tsup v8.5.1
@tevm/effect: [2m[[22m@TEVM/EFFECT[2m][22m [34mCLI[39m Using tsup config: /Users/williamcory/tevm-monorepo/packages/effect/tsup.config.js
@tevm/effect: [2m[[22m@TEVM/EFFECT[2m][22m [34mCLI[39m Target: chrome91,firefox90,edge91,safari15,ios15,opera77
@tevm/effect: [2m[[22m@TEVM/EFFECT[2m][22m [34mCJS[39m Build start
@tevm/effect: [2m[[22m@TEVM/EFFECT[2m][22m [34mESM[39m Build start
@tevm/effect: [2m[[22m@TEVM/EFFECT[2m][22m [32mCJS[39m [1mdist/index.cjs     [22m[32m4.56 KB[39m
@tevm/effect: [2m[[22m@TEVM/EFFECT[2m][22m [32mCJS[39m [1mdist/index.cjs.map [22m[32m10.83 KB[39m
@tevm/effect: [2m[[22m@TEVM/EFFECT[2m][22m [32mCJS[39m ⚡️ Build success in 58ms
@tevm/effect: [2m[[22m@TEVM/EFFECT[2m][22m [32mESM[39m [1mdist/index.js     [22m[32m4.08 KB[39m
@tevm/effect: [2m[[22m@TEVM/EFFECT[2m][22m [32mESM[39m [1mdist/index.js.map [22m[32m10.68 KB[39m
@tevm/effect: [2m[[22m@TEVM/EFFECT[2m][22m [32mESM[39m ⚡️ Build success in 58ms

> nx run @tevm/block:"build:types"


> nx run @tevm/config:"build:dist"

@tevm/predeploys: [2m[[22m@TEVM/PREDEPLOYS[2m][22m [32mDTS[39m ⚡️ Build success in 796ms
@tevm/predeploys: [2m[[22m@TEVM/PREDEPLOYS[2m][22m [32mDTS[39m [1mdist/index.d.cts [22m[32m2.19 KB[39m
@tevm/predeploys: [2m[[22m@TEVM/PREDEPLOYS[2m][22m [32mDTS[39m [1mdist/index.d.ts  [22m[32m2.19 KB[39m
@tevm/block: > @tevm/block@1.0.0-next.148 build:types /Users/williamcory/tevm-monorepo/packages/block
@tevm/block: > tsup --dts-only && tsc --emitDeclarationOnly --declaration
@tevm/config: > @tevm/config@1.0.0-next.148 build:dist /Users/williamcory/tevm-monorepo/bundler-packages/config
@tevm/config: > tsup
@tevm/block: [2m[[22m@TEVM/BLOCK[2m][22m [34mCLI[39m Building entry: src/index.ts
@tevm/block: [2m[[22m@TEVM/BLOCK[2m][22m [34mCLI[39m Using tsconfig: tsconfig.json
@tevm/block: [2m[[22m@TEVM/BLOCK[2m][22m [34mCLI[39m tsup v8.5.1
@tevm/block: [2m[[22m@TEVM/BLOCK[2m][22m [34mCLI[39m Using tsup config: /Users/williamcory/tevm-monorepo/packages/block/tsup.config.ts
@tevm/block: [2m[[22m@TEVM/BLOCK[2m][22m [34mDTS[39m Build start
@tevm/config: [2m[[22m@TEVM/CONFIG[2m][22m [34mCLI[39m Building entry: src/index.js
@tevm/config: [2m[[22m@TEVM/CONFIG[2m][22m [34mCLI[39m Using tsconfig: tsconfig.json
@tevm/config: [2m[[22m@TEVM/CONFIG[2m][22m [34mCLI[39m tsup v8.5.1
@tevm/config: [2m[[22m@TEVM/CONFIG[2m][22m [34mCLI[39m Using tsup config: /Users/williamcory/tevm-monorepo/bundler-packages/config/tsup.config.ts
@tevm/config: [2m[[22m@TEVM/CONFIG[2m][22m [34mCLI[39m Target: node16
@tevm/config: [2m[[22m@TEVM/CONFIG[2m][22m [34mCJS[39m Build start
@tevm/config: [2m[[22m@TEVM/CONFIG[2m][22m [34mESM[39m Build start
@tevm/config: [2m[[22m@TEVM/CONFIG[2m][22m [32mESM[39m [1mdist/index.js     [22m[32m19.49 KB[39m
@tevm/config: [2m[[22m@TEVM/CONFIG[2m][22m [32mESM[39m [1mdist/index.js.map [22m[32m46.04 KB[39m
@tevm/config: [2m[[22m@TEVM/CONFIG[2m][22m [32mESM[39m ⚡️ Build success in 95ms
@tevm/config: [2m[[22m@TEVM/CONFIG[2m][22m [32mCJS[39m [1mdist/index.cjs     [22m[32m20.97 KB[39m
@tevm/config: [2m[[22m@TEVM/CONFIG[2m][22m [32mCJS[39m [1mdist/index.cjs.map [22m[32m46.26 KB[39m
@tevm/config: [2m[[22m@TEVM/CONFIG[2m][22m [32mCJS[39m ⚡️ Build success in 96ms

> nx run @tevm/resolutions:"build:dist"


> nx run @tevm/tx:"build:types"

@tevm/resolutions: > @tevm/resolutions@1.0.0-next.148 build:dist /Users/williamcory/tevm-monorepo/bundler-packages/resolutions
@tevm/resolutions: > tsup
@tevm/resolutions: [2m[[22m@TEVM/RESOLUTIONS[2m][22m [34mCLI[39m Building entry: src/index.js
@tevm/resolutions: [2m[[22m@TEVM/RESOLUTIONS[2m][22m [34mCLI[39m Using tsconfig: tsconfig.json
@tevm/resolutions: [2m[[22m@TEVM/RESOLUTIONS[2m][22m [34mCLI[39m tsup v8.5.1
@tevm/resolutions: [2m[[22m@TEVM/RESOLUTIONS[2m][22m [34mCLI[39m Using tsup config: /Users/williamcory/tevm-monorepo/bundler-packages/resolutions/tsup.config.ts
@tevm/resolutions: [2m[[22m@TEVM/RESOLUTIONS[2m][22m [34mCLI[39m Target: node16
@tevm/resolutions: [2m[[22m@TEVM/RESOLUTIONS[2m][22m [34mCJS[39m Build start
@tevm/resolutions: [2m[[22m@TEVM/RESOLUTIONS[2m][22m [34mESM[39m Build start
@tevm/tx: > @tevm/tx@1.0.0-next.148 build:types /Users/williamcory/tevm-monorepo/packages/tx
@tevm/tx: > tsup --dts-only && tsc --emitDeclarationOnly --declaration
@tevm/resolutions: [2m[[22m@TEVM/RESOLUTIONS[2m][22m [32mESM[39m [1mdist/index.js     [22m[32m8.42 KB[39m
@tevm/resolutions: [2m[[22m@TEVM/RESOLUTIONS[2m][22m [32mESM[39m [1mdist/index.js.map [22m[32m22.64 KB[39m
@tevm/resolutions: [2m[[22m@TEVM/RESOLUTIONS[2m][22m [32mESM[39m ⚡️ Build success in 66ms
@tevm/resolutions: [2m[[22m@TEVM/RESOLUTIONS[2m][22m [32mCJS[39m [1mdist/index.cjs     [22m[32m8.71 KB[39m
@tevm/resolutions: [2m[[22m@TEVM/RESOLUTIONS[2m][22m [32mCJS[39m [1mdist/index.cjs.map [22m[32m22.71 KB[39m
@tevm/resolutions: [2m[[22m@TEVM/RESOLUTIONS[2m][22m [32mCJS[39m ⚡️ Build success in 66ms
@tevm/tx: [2m[[22m@TEVM/TX[2m][22m [34mCLI[39m Building entry: src/index.ts
@tevm/tx: [2m[[22m@TEVM/TX[2m][22m [34mCLI[39m Using tsconfig: tsconfig.json
@tevm/tx: [2m[[22m@TEVM/TX[2m][22m [34mCLI[39m tsup v8.5.1
@tevm/tx: [2m[[22m@TEVM/TX[2m][22m [34mCLI[39m Using tsup config: /Users/williamcory/tevm-monorepo/packages/tx/tsup.config.ts

> nx run @tevm/compiler:"build:dist"

@tevm/tx: [2m[[22m@TEVM/TX[2m][22m [34mDTS[39m Build start
@tevm/compiler: > @tevm/compiler@1.0.0-next.148 build:dist /Users/williamcory/tevm-monorepo/bundler-packages/compiler
@tevm/compiler: > tsup
@tevm/block: [2m[[22m@TEVM/BLOCK[2m][22m [32mDTS[39m ⚡️ Build success in 1475ms
@tevm/block: [2m[[22m@TEVM/BLOCK[2m][22m [32mDTS[39m [1mdist/index.d.cts [22m[32m41.24 KB[39m
@tevm/block: [2m[[22m@TEVM/BLOCK[2m][22m [32mDTS[39m [1mdist/index.d.ts  [22m[32m41.24 KB[39m
@tevm/compiler: [2m[[22m@TEVM/COMPILER[2m][22m [34mCLI[39m Building entry: src/index.js
@tevm/compiler: [2m[[22m@TEVM/COMPILER[2m][22m [34mCLI[39m Using tsconfig: tsconfig.json
@tevm/compiler: [2m[[22m@TEVM/COMPILER[2m][22m [34mCLI[39m tsup v8.5.1
@tevm/compiler: [2m[[22m@TEVM/COMPILER[2m][22m [34mCLI[39m Using tsup config: /Users/williamcory/tevm-monorepo/bundler-packages/compiler/tsup.config.ts
@tevm/compiler: [2m[[22m@TEVM/COMPILER[2m][22m [34mCLI[39m Target: node16
@tevm/compiler: [2m[[22m@TEVM/COMPILER[2m][22m [34mCJS[39m Build start
@tevm/compiler: [2m[[22m@TEVM/COMPILER[2m][22m [34mESM[39m Build start
@tevm/tx: [2m[[22m@TEVM/TX[2m][22m [32mDTS[39m ⚡️ Build success in 432ms
@tevm/tx: [2m[[22m@TEVM/TX[2m][22m [32mDTS[39m [1mdist/index.d.cts [22m[32m954.00 B[39m
@tevm/tx: [2m[[22m@TEVM/TX[2m][22m [32mDTS[39m [1mdist/index.d.ts  [22m[32m954.00 B[39m
@tevm/compiler: [2m[[22m@TEVM/COMPILER[2m][22m [32mCJS[39m [1mdist/index.cjs     [22m[32m10.16 KB[39m
@tevm/compiler: [2m[[22m@TEVM/COMPILER[2m][22m [32mCJS[39m [1mdist/index.cjs.map [22m[32m22.37 KB[39m
@tevm/compiler: [2m[[22m@TEVM/COMPILER[2m][22m [32mCJS[39m ⚡️ Build success in 64ms
@tevm/compiler: [2m[[22m@TEVM/COMPILER[2m][22m [32mESM[39m [1mdist/index.js     [22m[32m9.86 KB[39m
@tevm/compiler: [2m[[22m@TEVM/COMPILER[2m][22m [32mESM[39m [1mdist/index.js.map [22m[32m22.32 KB[39m
@tevm/compiler: [2m[[22m@TEVM/COMPILER[2m][22m [32mESM[39m ⚡️ Build success in 64ms

> nx run @tevm/bundler-cache:"build:dist"


> nx run @tevm/runtime:"build:dist"

@tevm/bundler-cache: > @tevm/bundler-cache@1.0.0-next.148 build:dist /Users/williamcory/tevm-monorepo/bundler-packages/bundler-cache
@tevm/bundler-cache: > tsup
@tevm/runtime: > @tevm/runtime@1.0.0-next.148 build:dist /Users/williamcory/tevm-monorepo/bundler-packages/runtime
@tevm/runtime: > tsup
@tevm/bundler-cache: [2m[[22m@TEVM/BUNDLER-CACHE[2m][22m [34mCLI[39m Building entry: src/index.js
@tevm/bundler-cache: [2m[[22m@TEVM/BUNDLER-CACHE[2m][22m [34mCLI[39m Using tsconfig: tsconfig.json
@tevm/bundler-cache: [2m[[22m@TEVM/BUNDLER-CACHE[2m][22m [34mCLI[39m tsup v8.5.1
@tevm/bundler-cache: [2m[[22m@TEVM/BUNDLER-CACHE[2m][22m [34mCLI[39m Using tsup config: /Users/williamcory/tevm-monorepo/bundler-packages/bundler-cache/tsup.config.ts
@tevm/bundler-cache: [2m[[22m@TEVM/BUNDLER-CACHE[2m][22m [34mCLI[39m Target: node16
@tevm/bundler-cache: [2m[[22m@TEVM/BUNDLER-CACHE[2m][22m [34mCJS[39m Build start
@tevm/bundler-cache: [2m[[22m@TEVM/BUNDLER-CACHE[2m][22m [34mESM[39m Build start
@tevm/bundler-cache: [2m[[22m@TEVM/BUNDLER-CACHE[2m][22m [32mESM[39m [1mdist/index.js     [22m[32m12.33 KB[39m
@tevm/bundler-cache: [2m[[22m@TEVM/BUNDLER-CACHE[2m][22m [32mESM[39m [1mdist/index.js.map [22m[32m36.81 KB[39m
@tevm/bundler-cache: [2m[[22m@TEVM/BUNDLER-CACHE[2m][22m [32mESM[39m ⚡️ Build success in 61ms
@tevm/bundler-cache: [2m[[22m@TEVM/BUNDLER-CACHE[2m][22m [32mCJS[39m [1mdist/index.cjs     [22m[32m12.87 KB[39m
@tevm/bundler-cache: [2m[[22m@TEVM/BUNDLER-CACHE[2m][22m [32mCJS[39m [1mdist/index.cjs.map [22m[32m36.85 KB[39m
@tevm/bundler-cache: [2m[[22m@TEVM/BUNDLER-CACHE[2m][22m [32mCJS[39m ⚡️ Build success in 61ms

> nx run @tevm/effect:"build:types"

@tevm/runtime: [2m[[22m@TEVM/RUNTIME[2m][22m [34mCLI[39m Building entry: src/index.js
@tevm/runtime: [2m[[22m@TEVM/RUNTIME[2m][22m [34mCLI[39m Using tsconfig: tsconfig.json
@tevm/runtime: [2m[[22m@TEVM/RUNTIME[2m][22m [34mCLI[39m tsup v8.5.1
@tevm/runtime: [2m[[22m@TEVM/RUNTIME[2m][22m [34mCLI[39m Using tsup config: /Users/williamcory/tevm-monorepo/bundler-packages/runtime/tsup.config.ts
@tevm/runtime: [2m[[22m@TEVM/RUNTIME[2m][22m [34mCLI[39m Target: node16
@tevm/runtime: [2m[[22m@TEVM/RUNTIME[2m][22m [34mCJS[39m Build start
@tevm/runtime: [2m[[22m@TEVM/RUNTIME[2m][22m [34mESM[39m Build start
@tevm/runtime: [2m[[22m@TEVM/RUNTIME[2m][22m [32mESM[39m [1mdist/index.js     [22m[32m6.45 KB[39m
@tevm/runtime: [2m[[22m@TEVM/RUNTIME[2m][22m [32mESM[39m [1mdist/index.js.map [22m[32m18.69 KB[39m
@tevm/runtime: [2m[[22m@TEVM/RUNTIME[2m][22m [32mESM[39m ⚡️ Build success in 50ms
@tevm/runtime: [2m[[22m@TEVM/RUNTIME[2m][22m [32mCJS[39m [1mdist/index.cjs     [22m[32m6.52 KB[39m
@tevm/runtime: [2m[[22m@TEVM/RUNTIME[2m][22m [32mCJS[39m [1mdist/index.cjs.map [22m[32m18.72 KB[39m
@tevm/runtime: [2m[[22m@TEVM/RUNTIME[2m][22m [32mCJS[39m ⚡️ Build success in 50ms
@tevm/block: [96msrc/ClRequest.spec.ts[0m:[93m30[0m:[93m56[0m - [91merror[0m[90m TS2532: [0mObject is possibly 'undefined'.
@tevm/block: [7m30[0m   expect(block.toExecutionPayload().requestsRoot).toBe(block.toJSON().header.requestsRoot)
@tevm/block: [7m  [0m [91m                                                       ~~~~~~~~~~~~~~~~~~~~~[0m
@tevm/block: Found 1 error in src/ClRequest.spec.ts[90m:30[0m
@tevm/block: [41m[30m ELIFECYCLE [39m[49m [31mCommand failed with exit code 2.[39m
@tevm/effect: > @tevm/effect@1.0.0-next.148 build:types /Users/williamcory/tevm-monorepo/packages/effect
@tevm/effect: > tsup --dts-only && tsc --emitDeclarationOnly --declaration

> nx run @tevm/base-bundler:"build:dist"


> nx run @tevm/resolutions:"build:types"

@tevm/effect: [2m[[22m@TEVM/EFFECT[2m][22m [34mCLI[39m Building entry: src/index.js
@tevm/effect: [2m[[22m@TEVM/EFFECT[2m][22m [34mCLI[39m Using tsconfig: tsconfig.json
@tevm/effect: [2m[[22m@TEVM/EFFECT[2m][22m [34mCLI[39m tsup v8.5.1
@tevm/effect: [2m[[22m@TEVM/EFFECT[2m][22m [34mCLI[39m Using tsup config: /Users/williamcory/tevm-monorepo/packages/effect/tsup.config.js
@tevm/resolutions: > @tevm/resolutions@1.0.0-next.148 build:types /Users/williamcory/tevm-monorepo/bundler-packages/resolutions
@tevm/resolutions: > tsup --dts-only && tsc --emitDeclarationOnly --declaration
@tevm/base-bundler: > @tevm/base-bundler@1.0.0-next.149 build:dist /Users/williamcory/tevm-monorepo/bundler-packages/base-bundler
@tevm/base-bundler: > tsup
@tevm/effect: [2m[[22m@TEVM/EFFECT[2m][22m [34mDTS[39m Build start
@tevm/resolutions: [2m[[22m@TEVM/RESOLUTIONS[2m][22m [34mCLI[39m Building entry: src/index.js
@tevm/base-bundler: [2m[[22m@TEVM/BASE-BUNDLER[2m][22m [34mCLI[39m Building entry: src/index.js
@tevm/resolutions: [2m[[22m@TEVM/RESOLUTIONS[2m][22m [34mCLI[39m Using tsconfig: tsconfig.json
@tevm/resolutions: [2m[[22m@TEVM/RESOLUTIONS[2m][22m [34mCLI[39m tsup v8.5.1
@tevm/base-bundler: [2m[[22m@TEVM/BASE-BUNDLER[2m][22m [34mCLI[39m Using tsconfig: tsconfig.json
@tevm/base-bundler: [2m[[22m@TEVM/BASE-BUNDLER[2m][22m [34mCLI[39m tsup v8.5.1
@tevm/base-bundler: [2m[[22m@TEVM/BASE-BUNDLER[2m][22m [34mCLI[39m Using tsup config: /Users/williamcory/tevm-monorepo/bundler-packages/base-bundler/tsup.config.js
@tevm/resolutions: [2m[[22m@TEVM/RESOLUTIONS[2m][22m [34mCLI[39m Using tsup config: /Users/williamcory/tevm-monorepo/bundler-packages/resolutions/tsup.config.ts
@tevm/base-bundler: [2m[[22m@TEVM/BASE-BUNDLER[2m][22m [34mCLI[39m Target: node16
@tevm/base-bundler: [2m[[22m@TEVM/BASE-BUNDLER[2m][22m [34mCJS[39m Build start
@tevm/base-bundler: [2m[[22m@TEVM/BASE-BUNDLER[2m][22m [34mESM[39m Build start
@tevm/base-bundler: [2m[[22m@TEVM/BASE-BUNDLER[2m][22m [32mESM[39m [1mdist/index.js     [22m[32m11.22 KB[39m
@tevm/base-bundler: [2m[[22m@TEVM/BASE-BUNDLER[2m][22m [32mESM[39m [1mdist/index.js.map [22m[32m40.19 KB[39m
@tevm/base-bundler: [2m[[22m@TEVM/BASE-BUNDLER[2m][22m [32mESM[39m ⚡️ Build success in 68ms
@tevm/base-bundler: [2m[[22m@TEVM/BASE-BUNDLER[2m][22m [32mCJS[39m [1mdist/index.cjs     [22m[32m11.26 KB[39m
@tevm/base-bundler: [2m[[22m@TEVM/BASE-BUNDLER[2m][22m [32mCJS[39m [1mdist/index.cjs.map [22m[32m40.30 KB[39m
@tevm/base-bundler: [2m[[22m@TEVM/BASE-BUNDLER[2m][22m [32mCJS[39m ⚡️ Build success in 68ms
@tevm/resolutions: [2m[[22m@TEVM/RESOLUTIONS[2m][22m [34mDTS[39m Build start

> nx run @tevm/unplugin:"build:dist"

@tevm/effect: [2m[[22m@TEVM/EFFECT[2m][22m [32mDTS[39m ⚡️ Build success in 656ms
@tevm/effect: [2m[[22m@TEVM/EFFECT[2m][22m [32mDTS[39m [1mdist/index.d.cts [22m[32m3.01 KB[39m
@tevm/effect: [2m[[22m@TEVM/EFFECT[2m][22m [32mDTS[39m [1mdist/index.d.ts  [22m[32m3.01 KB[39m
@tevm/unplugin: > @tevm/unplugin@1.0.0-next.148 build:dist /Users/williamcory/tevm-monorepo/bundler-packages/unplugin
@tevm/unplugin: > tsup
@tevm/resolutions: [2m[[22m@TEVM/RESOLUTIONS[2m][22m [32mDTS[39m ⚡️ Build success in 659ms
@tevm/resolutions: [2m[[22m@TEVM/RESOLUTIONS[2m][22m [32mDTS[39m [1mdist/index.d.cts [22m[32m2.83 KB[39m
@tevm/resolutions: [2m[[22m@TEVM/RESOLUTIONS[2m][22m [32mDTS[39m [1mdist/index.d.ts  [22m[32m2.83 KB[39m
@tevm/unplugin: [2m[[22m@TEVM/UNPLUGIN[2m][22m [34mCLI[39m Building entry: src/index.ts
@tevm/unplugin: [2m[[22m@TEVM/UNPLUGIN[2m][22m [34mCLI[39m Using tsconfig: tsconfig.json
@tevm/unplugin: [2m[[22m@TEVM/UNPLUGIN[2m][22m [34mCLI[39m tsup v8.5.1
@tevm/unplugin: [2m[[22m@TEVM/UNPLUGIN[2m][22m [34mCLI[39m Using tsup config: /Users/williamcory/tevm-monorepo/bundler-packages/unplugin/tsup.config.ts
@tevm/unplugin: [2m[[22m@TEVM/UNPLUGIN[2m][22m [34mCLI[39m Target: node16
@tevm/unplugin: [2m[[22m@TEVM/UNPLUGIN[2m][22m [34mCJS[39m Build start
@tevm/unplugin: [2m[[22m@TEVM/UNPLUGIN[2m][22m [34mESM[39m Build start
@tevm/unplugin: [2m[[22m@TEVM/UNPLUGIN[2m][22m [32mESM[39m [1mdist/index.js     [22m[32m5.40 KB[39m
@tevm/unplugin: [2m[[22m@TEVM/UNPLUGIN[2m][22m [32mESM[39m [1mdist/index.js.map [22m[32m10.46 KB[39m
@tevm/unplugin: [2m[[22m@TEVM/UNPLUGIN[2m][22m [32mESM[39m ⚡️ Build success in 51ms
@tevm/unplugin: [2m[[22m@TEVM/UNPLUGIN[2m][22m [32mCJS[39m [1mdist/index.cjs     [22m[32m5.84 KB[39m
@tevm/unplugin: [2m[[22m@TEVM/UNPLUGIN[2m][22m [32mCJS[39m [1mdist/index.cjs.map [22m[32m10.79 KB[39m
@tevm/unplugin: [2m[[22m@TEVM/UNPLUGIN[2m][22m [32mCJS[39m ⚡️ Build success in 51ms

> nx run @tevm/ts-plugin:"build:dist"


> nx run @tevm/config:"build:types"

@tevm/ts-plugin: > @tevm/ts-plugin@1.0.0-next.148 build:dist /Users/williamcory/tevm-monorepo/lsp/ts-plugin
@tevm/ts-plugin: > tsup
@tevm/config: > @tevm/config@1.0.0-next.148 build:types /Users/williamcory/tevm-monorepo/bundler-packages/config
@tevm/config: > tsup --dts-only && tsc --emitDeclarationOnly --declaration

> nx run @tevm/esbuild-plugin:"build:dist"

@tevm/ts-plugin: [2m[[22m@TEVM/TS-PLUGIN[2m][22m [34mCLI[39m Building entry: src/index.ts, src/bin/tevm-gen.ts
@tevm/ts-plugin: [2m[[22m@TEVM/TS-PLUGIN[2m][22m [34mCLI[39m Using tsconfig: tsconfig.json
@tevm/ts-plugin: [2m[[22m@TEVM/TS-PLUGIN[2m][22m [34mCLI[39m tsup v8.5.1
@tevm/ts-plugin: [2m[[22m@TEVM/TS-PLUGIN[2m][22m [34mCLI[39m Using tsup config: /Users/williamcory/tevm-monorepo/lsp/ts-plugin/tsup.config.ts
@tevm/ts-plugin: [2m[[22m@TEVM/TS-PLUGIN[2m][22m [34mCLI[39m Target: node16
@tevm/ts-plugin: [2m[[22m@TEVM/TS-PLUGIN[2m][22m [34mCJS[39m Build start
@tevm/ts-plugin: [2m[[22m@TEVM/TS-PLUGIN[2m][22m [34mESM[39m Build start
@tevm/config: [2m[[22m@TEVM/CONFIG[2m][22m [34mCLI[39m Building entry: src/index.js
@tevm/config: [2m[[22m@TEVM/CONFIG[2m][22m [34mCLI[39m Using tsconfig: tsconfig.json
@tevm/config: [2m[[22m@TEVM/CONFIG[2m][22m [34mCLI[39m tsup v8.5.1
@tevm/config: [2m[[22m@TEVM/CONFIG[2m][22m [34mCLI[39m Using tsup config: /Users/williamcory/tevm-monorepo/bundler-packages/config/tsup.config.ts
@tevm/ts-plugin: [2m[[22m@TEVM/TS-PLUGIN[2m][22m [32mCJS[39m [1mdist/bin/tevm-gen.cjs     [22m[32m3.05 KB[39m
@tevm/ts-plugin: [2m[[22m@TEVM/TS-PLUGIN[2m][22m [32mCJS[39m [1mdist/index.cjs            [22m[32m21.57 KB[39m
@tevm/ts-plugin: [2m[[22m@TEVM/TS-PLUGIN[2m][22m [32mCJS[39m [1mdist/bin/tevm-gen.cjs.map [22m[32m5.52 KB[39m
@tevm/ts-plugin: [2m[[22m@TEVM/TS-PLUGIN[2m][22m [32mCJS[39m [1mdist/index.cjs.map        [22m[32m50.75 KB[39m
@tevm/ts-plugin: [2m[[22m@TEVM/TS-PLUGIN[2m][22m [32mCJS[39m ⚡️ Build success in 102ms
@tevm/ts-plugin: [2m[[22m@TEVM/TS-PLUGIN[2m][22m [32mESM[39m [1mdist/bin/tevm-gen.js     [22m[32m2.27 KB[39m
@tevm/ts-plugin: [2m[[22m@TEVM/TS-PLUGIN[2m][22m [32mESM[39m [1mdist/index.js            [22m[32m20.65 KB[39m
@tevm/ts-plugin: [2m[[22m@TEVM/TS-PLUGIN[2m][22m [32mESM[39m [1mdist/bin/tevm-gen.js.map [22m[32m5.28 KB[39m
@tevm/ts-plugin: [2m[[22m@TEVM/TS-PLUGIN[2m][22m [32mESM[39m [1mdist/index.js.map        [22m[32m50.46 KB[39m
@tevm/ts-plugin: [2m[[22m@TEVM/TS-PLUGIN[2m][22m [32mESM[39m ⚡️ Build success in 102ms

> nx run @tevm/bun-plugin:"build:dist"

@tevm/config: [2m[[22m@TEVM/CONFIG[2m][22m [34mDTS[39m Build start
@tevm/esbuild-plugin: > @tevm/esbuild-plugin@1.0.0-next.148 build:dist /Users/williamcory/tevm-monorepo/bundler-packages/esbuild
@tevm/esbuild-plugin: > tsup
@tevm/bun-plugin: > @tevm/bun-plugin@1.0.0-next.148 build:dist /Users/williamcory/tevm-monorepo/bundler-packages/bun
@tevm/bun-plugin: > tsup
@tevm/esbuild-plugin: [2m[[22m@TEVM/ESBUILD-PLUGIN[2m][22m [34mCLI[39m Building entry: src/index.js
@tevm/esbuild-plugin: [2m[[22m@TEVM/ESBUILD-PLUGIN[2m][22m [34mCLI[39m Using tsconfig: tsconfig.json
@tevm/esbuild-plugin: [2m[[22m@TEVM/ESBUILD-PLUGIN[2m][22m [34mCLI[39m tsup v8.5.1
@tevm/esbuild-plugin: [2m[[22m@TEVM/ESBUILD-PLUGIN[2m][22m [34mCLI[39m Using tsup config: /Users/williamcory/tevm-monorepo/bundler-packages/esbuild/tsup.config.ts
@tevm/esbuild-plugin: [2m[[22m@TEVM/ESBUILD-PLUGIN[2m][22m [34mCLI[39m Target: node16
@tevm/esbuild-plugin: [2m[[22m@TEVM/ESBUILD-PLUGIN[2m][22m [34mCJS[39m Build start
@tevm/esbuild-plugin: [2m[[22m@TEVM/ESBUILD-PLUGIN[2m][22m [34mESM[39m Build start
@tevm/esbuild-plugin: [2m[[22m@TEVM/ESBUILD-PLUGIN[2m][22m [32mCJS[39m [1mdist/index.cjs     [22m[32m283.00 B[39m
@tevm/esbuild-plugin: [2m[[22m@TEVM/ESBUILD-PLUGIN[2m][22m [32mCJS[39m [1mdist/index.cjs.map [22m[32m3.66 KB[39m
@tevm/esbuild-plugin: [2m[[22m@TEVM/ESBUILD-PLUGIN[2m][22m [32mCJS[39m ⚡️ Build success in 24ms
@tevm/esbuild-plugin: [2m[[22m@TEVM/ESBUILD-PLUGIN[2m][22m [32mESM[39m [1mdist/index.js     [22m[32m252.00 B[39m
@tevm/esbuild-plugin: [2m[[22m@TEVM/ESBUILD-PLUGIN[2m][22m [32mESM[39m [1mdist/index.js.map [22m[32m3.63 KB[39m
@tevm/esbuild-plugin: [2m[[22m@TEVM/ESBUILD-PLUGIN[2m][22m [32mESM[39m ⚡️ Build success in 24ms

> nx run @tevm/test-utils:"build:dist"

@tevm/bun-plugin: [2m[[22m@TEVM/BUN-PLUGIN[2m][22m [34mCLI[39m Building entry: src/index.js
@tevm/bun-plugin: [2m[[22m@TEVM/BUN-PLUGIN[2m][22m [34mCLI[39m Using tsconfig: tsconfig.json
@tevm/bun-plugin: [2m[[22m@TEVM/BUN-PLUGIN[2m][22m [34mCLI[39m tsup v8.5.1
@tevm/bun-plugin: [2m[[22m@TEVM/BUN-PLUGIN[2m][22m [34mCLI[39m Using tsup config: /Users/williamcory/tevm-monorepo/bundler-packages/bun/tsup.config.ts
@tevm/bun-plugin: [2m[[22m@TEVM/BUN-PLUGIN[2m][22m [34mCLI[39m Target: node16
@tevm/bun-plugin: [2m[[22m@TEVM/BUN-PLUGIN[2m][22m [34mCJS[39m Build start
@tevm/bun-plugin: [2m[[22m@TEVM/BUN-PLUGIN[2m][22m [34mESM[39m Build start
@tevm/bun-plugin: [2m[[22m@TEVM/BUN-PLUGIN[2m][22m [32mCJS[39m [1mdist/index.cjs     [22m[32m5.93 KB[39m
@tevm/bun-plugin: [2m[[22m@TEVM/BUN-PLUGIN[2m][22m [32mCJS[39m [1mdist/index.cjs.map [22m[32m14.79 KB[39m
@tevm/bun-plugin: [2m[[22m@TEVM/BUN-PLUGIN[2m][22m [32mCJS[39m ⚡️ Build success in 53ms
@tevm/bun-plugin: [2m[[22m@TEVM/BUN-PLUGIN[2m][22m [32mESM[39m [1mdist/index.js     [22m[32m5.59 KB[39m
@tevm/bun-plugin: [2m[[22m@TEVM/BUN-PLUGIN[2m][22m [32mESM[39m [1mdist/index.js.map [22m[32m14.53 KB[39m
@tevm/bun-plugin: [2m[[22m@TEVM/BUN-PLUGIN[2m][22m [32mESM[39m ⚡️ Build success in 53ms
@tevm/test-utils: > @tevm/test-utils@1.0.0-next.148 build:dist /Users/williamcory/tevm-monorepo/test/test-utils
@tevm/test-utils: > tsup

> nx run @tevm/precompiles:"build:dist"

@tevm/config: [2m[[22m@TEVM/CONFIG[2m][22m [32mDTS[39m ⚡️ Build success in 854ms
@tevm/config: [2m[[22m@TEVM/CONFIG[2m][22m [32mDTS[39m [1mdist/index.d.cts [22m[32m9.06 KB[39m
@tevm/config: [2m[[22m@TEVM/CONFIG[2m][22m [32mDTS[39m [1mdist/index.d.ts  [22m[32m9.06 KB[39m
@tevm/precompiles: > @tevm/precompiles@1.0.0-next.148 build:dist /Users/williamcory/tevm-monorepo/packages/precompiles
@tevm/precompiles: > tsup
@tevm/precompiles: [2m[[22m@TEVM/PRECOMPILES[2m][22m [34mCLI[39m Building entry: src/index.ts
@tevm/precompiles: [2m[[22m@TEVM/PRECOMPILES[2m][22m [34mCLI[39m Using tsconfig: tsconfig.json
@tevm/precompiles: [2m[[22m@TEVM/PRECOMPILES[2m][22m [34mCLI[39m tsup v8.5.1
@tevm/precompiles: [2m[[22m@TEVM/PRECOMPILES[2m][22m [34mCLI[39m Using tsup config: /Users/williamcory/tevm-monorepo/packages/precompiles/tsup.config.js
@tevm/precompiles: [2m[[22m@TEVM/PRECOMPILES[2m][22m [34mCLI[39m Target: chrome91,firefox90,edge91,safari15,ios15,opera77
@tevm/precompiles: [2m[[22m@TEVM/PRECOMPILES[2m][22m [34mCJS[39m Build start
@tevm/precompiles: [2m[[22m@TEVM/PRECOMPILES[2m][22m [34mESM[39m Build start
@tevm/precompiles: [2m[[22m@TEVM/PRECOMPILES[2m][22m [32mESM[39m [1mdist/index.js     [22m[32m4.42 KB[39m
@tevm/precompiles: [2m[[22m@TEVM/PRECOMPILES[2m][22m [32mESM[39m [1mdist/index.js.map [22m[32m15.87 KB[39m
@tevm/precompiles: [2m[[22m@TEVM/PRECOMPILES[2m][22m [32mESM[39m ⚡️ Build success in 48ms
@tevm/precompiles: [2m[[22m@TEVM/PRECOMPILES[2m][22m [32mCJS[39m [1mdist/index.cjs     [22m[32m4.52 KB[39m
@tevm/precompiles: [2m[[22m@TEVM/PRECOMPILES[2m][22m [32mCJS[39m [1mdist/index.cjs.map [22m[32m16.06 KB[39m
@tevm/precompiles: [2m[[22m@TEVM/PRECOMPILES[2m][22m [32mCJS[39m ⚡️ Build success in 48ms

> nx run @tevm/errors:typecheck

@tevm/test-utils: [2m[[22m@TEVM/TEST-UTILS[2m][22m [34mCLI[39m Building entry: src/index.ts
@tevm/test-utils: [2m[[22m@TEVM/TEST-UTILS[2m][22m [34mCLI[39m Using tsconfig: tsconfig.json
@tevm/test-utils: [2m[[22m@TEVM/TEST-UTILS[2m][22m [34mCLI[39m tsup v8.5.1
@tevm/test-utils: [2m[[22m@TEVM/TEST-UTILS[2m][22m [34mCLI[39m Using tsup config: /Users/williamcory/tevm-monorepo/test/test-utils/tsup.config.js
@tevm/test-utils: [2m[[22m@TEVM/TEST-UTILS[2m][22m [34mCLI[39m Target: chrome91,firefox90,edge91,safari15,ios15,opera77
@tevm/test-utils: [2m[[22m@TEVM/TEST-UTILS[2m][22m [34mCJS[39m Build start
@tevm/test-utils: [2m[[22m@TEVM/TEST-UTILS[2m][22m [34mESM[39m Build start
@tevm/test-utils: proces.cwd() /Users/williamcory/tevm-monorepo/test/test-utils
@tevm/test-utils: proces.cwd() /Users/williamcory/tevm-monorepo/test/test-utils
@tevm/test-utils: [2m[[22m@TEVM/TEST-UTILS[2m][22m [32mCJS[39m [1mdist/index.cjs     [22m[32m165.55 KB[39m
@tevm/test-utils: [2m[[22m@TEVM/TEST-UTILS[2m][22m [32mCJS[39m [1mdist/index.cjs.map [22m[32m306.17 KB[39m
@tevm/test-utils: [2m[[22m@TEVM/TEST-UTILS[2m][22m [32mCJS[39m ⚡️ Build success in 63ms
@tevm/test-utils: [2m[[22m@TEVM/TEST-UTILS[2m][22m [32mESM[39m [1mdist/index.js     [22m[32m165.31 KB[39m
@tevm/test-utils: [2m[[22m@TEVM/TEST-UTILS[2m][22m [32mESM[39m [1mdist/index.js.map [22m[32m306.12 KB[39m
@tevm/test-utils: [2m[[22m@TEVM/TEST-UTILS[2m][22m [32mESM[39m ⚡️ Build success in 63ms
@tevm/errors: > @tevm/errors@1.0.0-next.148 typecheck /Users/williamcory/tevm-monorepo/packages/errors
@tevm/errors: > tsc --noEmit

> nx run @tevm/state:"build:dist"


> nx run @tevm/blockchain:"build:dist"

@tevm/state: > @tevm/state@1.0.0-next.148 build:dist /Users/williamcory/tevm-monorepo/packages/state
@tevm/state: > tsup
@tevm/blockchain: > @tevm/blockchain@1.0.0-next.148 build:dist /Users/williamcory/tevm-monorepo/packages/blockchain
@tevm/blockchain: > tsup
@tevm/state: [2m[[22m@TEVM/STATE[2m][22m [34mCLI[39m Building entry: src/index.ts
@tevm/state: [2m[[22m@TEVM/STATE[2m][22m [34mCLI[39m Using tsconfig: tsconfig.json
@tevm/state: [2m[[22m@TEVM/STATE[2m][22m [34mCLI[39m tsup v8.5.1
@tevm/state: [2m[[22m@TEVM/STATE[2m][22m [34mCLI[39m Using tsup config: /Users/williamcory/tevm-monorepo/packages/state/tsup.config.ts
@tevm/state: [2m[[22m@TEVM/STATE[2m][22m [34mCLI[39m Target: chrome91,firefox90,edge91,safari15,ios15,opera77
@tevm/state: [2m[[22m@TEVM/STATE[2m][22m [34mCJS[39m Build start
@tevm/state: [2m[[22m@TEVM/STATE[2m][22m [34mESM[39m Build start
@tevm/state: "createAddressFromString" is imported from external module "@tevm/utils" but never used in "dist/index.js".
@tevm/blockchain: [2m[[22m@TEVM/BLOCKCHAIN[2m][22m [34mCLI[39m Building entry: src/index.ts
@tevm/blockchain: [2m[[22m@TEVM/BLOCKCHAIN[2m][22m [34mCLI[39m Using tsconfig: tsconfig.json
@tevm/blockchain: [2m[[22m@TEVM/BLOCKCHAIN[2m][22m [34mCLI[39m tsup v8.5.1
@tevm/blockchain: [2m[[22m@TEVM/BLOCKCHAIN[2m][22m [34mCLI[39m Using tsup config: /Users/williamcory/tevm-monorepo/packages/blockchain/tsup.config.ts
@tevm/blockchain: [2m[[22m@TEVM/BLOCKCHAIN[2m][22m [34mCLI[39m Target: chrome91,firefox90,edge91,safari15,ios15,opera77
@tevm/blockchain: [2m[[22m@TEVM/BLOCKCHAIN[2m][22m [34mCJS[39m Build start
@tevm/blockchain: [2m[[22m@TEVM/BLOCKCHAIN[2m][22m [34mESM[39m Build start
@tevm/state: "createAddressFromString" is imported from external module "@tevm/utils" but never used in "dist/index.cjs".
@tevm/blockchain: "Block" is imported from external module "@tevm/block" but never used in "dist/index.js".
@tevm/state: [2m[[22m@TEVM/STATE[2m][22m [32mESM[39m [1mdist/index.js     [22m[32m30.96 KB[39m
@tevm/state: [2m[[22m@TEVM/STATE[2m][22m [32mESM[39m [1mdist/index.js.map [22m[32m77.99 KB[39m
@tevm/state: [2m[[22m@TEVM/STATE[2m][22m [32mESM[39m ⚡️ Build success in 122ms
@tevm/state: [2m[[22m@TEVM/STATE[2m][22m [32mCJS[39m [1mdist/index.cjs     [22m[32m32.39 KB[39m
@tevm/state: [2m[[22m@TEVM/STATE[2m][22m [32mCJS[39m [1mdist/index.cjs.map [22m[32m78.24 KB[39m
@tevm/state: [2m[[22m@TEVM/STATE[2m][22m [32mCJS[39m ⚡️ Build success in 122ms
@tevm/blockchain: "Block" is imported from external module "@tevm/block" but never used in "dist/index.cjs".
@tevm/blockchain: [2m[[22m@TEVM/BLOCKCHAIN[2m][22m [32mESM[39m [1mdist/index.js     [22m[32m19.92 KB[39m
@tevm/blockchain: [2m[[22m@TEVM/BLOCKCHAIN[2m][22m [32mESM[39m [1mdist/index.js.map [22m[32m45.77 KB[39m
@tevm/blockchain: [2m[[22m@TEVM/BLOCKCHAIN[2m][22m [32mESM[39m ⚡️ Build success in 94ms
@tevm/blockchain: [2m[[22m@TEVM/BLOCKCHAIN[2m][22m [32mCJS[39m [1mdist/index.cjs     [22m[32m20.28 KB[39m
@tevm/blockchain: [2m[[22m@TEVM/BLOCKCHAIN[2m][22m [32mCJS[39m [1mdist/index.cjs.map [22m[32m46.00 KB[39m
@tevm/blockchain: [2m[[22m@TEVM/BLOCKCHAIN[2m][22m [32mCJS[39m ⚡️ Build success in 94ms

> nx run @tevm/compiler:"build:types"


> nx run @tevm/sync-storage-persister:"build:dist"


> nx run @tevm/evm:"build:dist"

@tevm/sync-storage-persister: > @tevm/sync-storage-persister@1.0.0-next.148 build:dist /Users/williamcory/tevm-monorepo/packages/sync-storage-persister
@tevm/sync-storage-persister: > tsup
@tevm/compiler: > @tevm/compiler@1.0.0-next.148 build:types /Users/williamcory/tevm-monorepo/bundler-packages/compiler
@tevm/compiler: > tsup --dts-only && tsc --emitDeclarationOnly --declaration
@tevm/evm: > @tevm/evm@1.0.0-next.148 build:dist /Users/williamcory/tevm-monorepo/packages/evm
@tevm/evm: > tsup
@tevm/compiler: [2m[[22m@TEVM/COMPILER[2m][22m [34mCLI[39m Building entry: src/index.js
@tevm/evm: [2m[[22m@TEVM/EVM[2m][22m [34mCLI[39m Building entry: src/index.ts
@tevm/sync-storage-persister: [2m[[22m@TEVM/SYNC-STORAGE-PERSISTER[2m][22m [34mCLI[39m Building entry: src/index.ts
@tevm/compiler: [2m[[22m@TEVM/COMPILER[2m][22m [34mCLI[39m Using tsconfig: tsconfig.json
@tevm/compiler: [2m[[22m@TEVM/COMPILER[2m][22m [34mCLI[39m tsup v8.5.1
@tevm/compiler: [2m[[22m@TEVM/COMPILER[2m][22m [34mCLI[39m Using tsup config: /Users/williamcory/tevm-monorepo/bundler-packages/compiler/tsup.config.ts
@tevm/evm: [2m[[22m@TEVM/EVM[2m][22m [34mCLI[39m Using tsconfig: tsconfig.json
@tevm/evm: [2m[[22m@TEVM/EVM[2m][22m [34mCLI[39m tsup v8.5.1
@tevm/evm: [2m[[22m@TEVM/EVM[2m][22m [34mCLI[39m Using tsup config: /Users/williamcory/tevm-monorepo/packages/evm/tsup.config.js
@tevm/sync-storage-persister: [2m[[22m@TEVM/SYNC-STORAGE-PERSISTER[2m][22m [34mCLI[39m Using tsconfig: tsconfig.json
@tevm/sync-storage-persister: [2m[[22m@TEVM/SYNC-STORAGE-PERSISTER[2m][22m [34mCLI[39m tsup v8.5.1
@tevm/sync-storage-persister: [2m[[22m@TEVM/SYNC-STORAGE-PERSISTER[2m][22m [34mCLI[39m Using tsup config: /Users/williamcory/tevm-monorepo/packages/sync-storage-persister/tsup.config.ts
@tevm/evm: [2m[[22m@TEVM/EVM[2m][22m [34mCLI[39m Target: chrome91,firefox90,edge91,safari15,ios15,opera77
@tevm/sync-storage-persister: [2m[[22m@TEVM/SYNC-STORAGE-PERSISTER[2m][22m [34mCLI[39m Target: chrome91,firefox90,edge91,safari15,ios15,opera77
@tevm/evm: [2m[[22m@TEVM/EVM[2m][22m [34mCJS[39m Build start
@tevm/sync-storage-persister: [2m[[22m@TEVM/SYNC-STORAGE-PERSISTER[2m][22m [34mCJS[39m Build start
@tevm/sync-storage-persister: [2m[[22m@TEVM/SYNC-STORAGE-PERSISTER[2m][22m [34mESM[39m Build start
@tevm/evm: [2m[[22m@TEVM/EVM[2m][22m [34mESM[39m Build start
@tevm/sync-storage-persister: [2m[[22m@TEVM/SYNC-STORAGE-PERSISTER[2m][22m [32mCJS[39m [1mdist/index.cjs     [22m[32m2.70 KB[39m
@tevm/sync-storage-persister: [2m[[22m@TEVM/SYNC-STORAGE-PERSISTER[2m][22m [32mCJS[39m [1mdist/index.cjs.map [22m[32m5.69 KB[39m
@tevm/sync-storage-persister: [2m[[22m@TEVM/SYNC-STORAGE-PERSISTER[2m][22m [32mCJS[39m ⚡️ Build success in 44ms
@tevm/sync-storage-persister: [2m[[22m@TEVM/SYNC-STORAGE-PERSISTER[2m][22m [32mESM[39m [1mdist/index.js     [22m[32m2.63 KB[39m
@tevm/sync-storage-persister: [2m[[22m@TEVM/SYNC-STORAGE-PERSISTER[2m][22m [32mESM[39m [1mdist/index.js.map [22m[32m5.69 KB[39m
@tevm/sync-storage-persister: [2m[[22m@TEVM/SYNC-STORAGE-PERSISTER[2m][22m [32mESM[39m ⚡️ Build success in 44ms
@tevm/evm: [2m[[22m@TEVM/EVM[2m][22m [32mCJS[39m [1mdist/index.cjs     [22m[32m5.20 KB[39m
@tevm/evm: [2m[[22m@TEVM/EVM[2m][22m [32mCJS[39m [1mdist/index.cjs.map [22m[32m10.13 KB[39m
@tevm/evm: [2m[[22m@TEVM/EVM[2m][22m [32mCJS[39m ⚡️ Build success in 51ms
@tevm/evm: [2m[[22m@TEVM/EVM[2m][22m [32mESM[39m [1mdist/index.js     [22m[32m4.75 KB[39m
@tevm/evm: [2m[[22m@TEVM/EVM[2m][22m [32mESM[39m [1mdist/index.js.map [22m[32m9.95 KB[39m
@tevm/evm: [2m[[22m@TEVM/EVM[2m][22m [32mESM[39m ⚡️ Build success in 51ms

> nx run @tevm/receipt-manager:"build:dist"

@tevm/compiler: [2m[[22m@TEVM/COMPILER[2m][22m [34mDTS[39m Build start

> nx run @tevm/vm:"build:dist"

@tevm/receipt-manager: > @tevm/receipt-manager@1.0.0-next.148 build:dist /Users/williamcory/tevm-monorepo/packages/receipt-manager
@tevm/receipt-manager: > tsup
@tevm/vm: > @tevm/vm@1.0.0-next.148 build:dist /Users/williamcory/tevm-monorepo/packages/vm
@tevm/vm: > tsup
@tevm/receipt-manager: [2m[[22m@TEVM/RECEIPT-MANAGER[2m][22m [34mCLI[39m Building entry: src/index.ts
@tevm/receipt-manager: [2m[[22m@TEVM/RECEIPT-MANAGER[2m][22m [34mCLI[39m Using tsconfig: tsconfig.json
@tevm/receipt-manager: [2m[[22m@TEVM/RECEIPT-MANAGER[2m][22m [34mCLI[39m tsup v8.5.1
@tevm/receipt-manager: [2m[[22m@TEVM/RECEIPT-MANAGER[2m][22m [34mCLI[39m Using tsup config: /Users/williamcory/tevm-monorepo/packages/receipt-manager/tsup.config.ts
@tevm/receipt-manager: [2m[[22m@TEVM/RECEIPT-MANAGER[2m][22m [34mCLI[39m Target: chrome91,firefox90,edge91,safari15,ios15,opera77
@tevm/receipt-manager: [2m[[22m@TEVM/RECEIPT-MANAGER[2m][22m [34mCJS[39m Build start
@tevm/receipt-manager: [2m[[22m@TEVM/RECEIPT-MANAGER[2m][22m [34mESM[39m Build start
@tevm/receipt-manager: [2m[[22m@TEVM/RECEIPT-MANAGER[2m][22m [32mESM[39m [1mdist/index.js     [22m[32m9.97 KB[39m
@tevm/receipt-manager: [2m[[22m@TEVM/RECEIPT-MANAGER[2m][22m [32mESM[39m [1mdist/index.js.map [22m[32m27.90 KB[39m
@tevm/receipt-manager: [2m[[22m@TEVM/RECEIPT-MANAGER[2m][22m [32mESM[39m ⚡️ Build success in 64ms
@tevm/receipt-manager: [2m[[22m@TEVM/RECEIPT-MANAGER[2m][22m [32mCJS[39m [1mdist/index.cjs     [22m[32m10.10 KB[39m
@tevm/receipt-manager: [2m[[22m@TEVM/RECEIPT-MANAGER[2m][22m [32mCJS[39m [1mdist/index.cjs.map [22m[32m28.10 KB[39m
@tevm/receipt-manager: [2m[[22m@TEVM/RECEIPT-MANAGER[2m][22m [32mCJS[39m ⚡️ Build success in 64ms

> nx run @tevm/utils:typecheck

@tevm/vm: [2m[[22m@TEVM/VM[2m][22m [34mCLI[39m Building entry: src/index.ts
@tevm/vm: [2m[[22m@TEVM/VM[2m][22m [34mCLI[39m Using tsconfig: tsconfig.json
@tevm/vm: [2m[[22m@TEVM/VM[2m][22m [34mCLI[39m tsup v8.5.1
@tevm/vm: [2m[[22m@TEVM/VM[2m][22m [34mCLI[39m Using tsup config: /Users/williamcory/tevm-monorepo/packages/vm/tsup.config.ts
@tevm/vm: [2m[[22m@TEVM/VM[2m][22m [34mCLI[39m Target: chrome91,firefox90,edge91,safari15,ios15,opera77
@tevm/vm: [2m[[22m@TEVM/VM[2m][22m [34mCJS[39m Build start
@tevm/vm: [2m[[22m@TEVM/VM[2m][22m [34mESM[39m Build start
@tevm/compiler: [2m[[22m@TEVM/COMPILER[2m][22m [32mDTS[39m ⚡️ Build success in 809ms
@tevm/compiler: [2m[[22m@TEVM/COMPILER[2m][22m [32mDTS[39m [1mdist/index.d.cts [22m[32m2.56 KB[39m
@tevm/compiler: [2m[[22m@TEVM/COMPILER[2m][22m [32mDTS[39m [1mdist/index.d.ts  [22m[32m2.56 KB[39m
@tevm/vm: [2m[[22m@TEVM/VM[2m][22m [32mESM[39m [1mdist/index.js     [22m[32m52.81 KB[39m
@tevm/vm: [2m[[22m@TEVM/VM[2m][22m [32mESM[39m [1mdist/index.js.map [22m[32m123.57 KB[39m
@tevm/vm: [2m[[22m@TEVM/VM[2m][22m [32mESM[39m ⚡️ Build success in 163ms
@tevm/vm: [2m[[22m@TEVM/VM[2m][22m [32mCJS[39m [1mdist/index.cjs     [22m[32m53.82 KB[39m
@tevm/vm: [2m[[22m@TEVM/VM[2m][22m [32mCJS[39m [1mdist/index.cjs.map [22m[32m124.24 KB[39m
@tevm/vm: [2m[[22m@TEVM/VM[2m][22m [32mCJS[39m ⚡️ Build success in 163ms
@tevm/utils: > @tevm/utils@1.0.0-next.148 typecheck /Users/williamcory/tevm-monorepo/packages/utils
@tevm/utils: > tsc --noEmit

> nx run @tevm/txpool:"build:dist"

@tevm/txpool: > @tevm/txpool@1.0.0-next.148 build:dist /Users/williamcory/tevm-monorepo/packages/txpool
@tevm/txpool: > tsup
@tevm/txpool: [2m[[22m@TEVM/TXPOOL[2m][22m [34mCLI[39m Building entry: src/index.ts
@tevm/txpool: [2m[[22m@TEVM/TXPOOL[2m][22m [34mCLI[39m Using tsconfig: tsconfig.json
@tevm/txpool: [2m[[22m@TEVM/TXPOOL[2m][22m [34mCLI[39m tsup v8.5.1
@tevm/txpool: [2m[[22m@TEVM/TXPOOL[2m][22m [34mCLI[39m Using tsup config: /Users/williamcory/tevm-monorepo/packages/txpool/tsup.config.ts
@tevm/txpool: [2m[[22m@TEVM/TXPOOL[2m][22m [34mCLI[39m Target: chrome91,firefox90,edge91,safari15,ios15,opera77
@tevm/txpool: [2m[[22m@TEVM/TXPOOL[2m][22m [34mCJS[39m Build start
@tevm/txpool: [2m[[22m@TEVM/TXPOOL[2m][22m [34mESM[39m Build start
@tevm/txpool: [2m[[22m@TEVM/TXPOOL[2m][22m [32mCJS[39m [1mdist/index.cjs     [22m[32m2.92 KB[39m
@tevm/txpool: [2m[[22m@TEVM/TXPOOL[2m][22m [32mCJS[39m [1mdist/index.cjs.map [22m[32m7.24 KB[39m
@tevm/txpool: [2m[[22m@TEVM/TXPOOL[2m][22m [32mCJS[39m ⚡️ Build success in 51ms
@tevm/txpool: [2m[[22m@TEVM/TXPOOL[2m][22m [32mESM[39m [1mdist/index.js     [22m[32m2.90 KB[39m

> nx run @tevm/bundler-cache:"build:types"

@tevm/txpool: [2m[[22m@TEVM/TXPOOL[2m][22m [32mESM[39m [1mdist/index.js.map [22m[32m7.24 KB[39m
@tevm/txpool: [2m[[22m@TEVM/TXPOOL[2m][22m [32mESM[39m ⚡️ Build success in 51ms

> nx run @tevm/runtime:"build:types"


> nx run @tevm/node:"build:dist"

@tevm/bundler-cache: > @tevm/bundler-cache@1.0.0-next.148 build:types /Users/williamcory/tevm-monorepo/bundler-packages/bundler-cache
@tevm/bundler-cache: > tsup --dts-only && tsc --emitDeclarationOnly --declaration
@tevm/bundler-cache: [2m[[22m@TEVM/BUNDLER-CACHE[2m][22m [34mCLI[39m Building entry: src/index.js
@tevm/bundler-cache: [2m[[22m@TEVM/BUNDLER-CACHE[2m][22m [34mCLI[39m Using tsconfig: tsconfig.json
@tevm/bundler-cache: [2m[[22m@TEVM/BUNDLER-CACHE[2m][22m [34mCLI[39m tsup v8.5.1
@tevm/bundler-cache: [2m[[22m@TEVM/BUNDLER-CACHE[2m][22m [34mCLI[39m Using tsup config: /Users/williamcory/tevm-monorepo/bundler-packages/bundler-cache/tsup.config.ts
@tevm/node: > @tevm/node@1.0.0-next.148 build:dist /Users/williamcory/tevm-monorepo/packages/node
@tevm/node: > tsup
@tevm/runtime: > @tevm/runtime@1.0.0-next.148 build:types /Users/williamcory/tevm-monorepo/bundler-packages/runtime
@tevm/runtime: > tsup --dts-only && tsc --emitDeclarationOnly --declaration
@tevm/bundler-cache: [2m[[22m@TEVM/BUNDLER-CACHE[2m][22m [34mDTS[39m Build start
@tevm/node: [2m[[22m@TEVM/NODE[2m][22m [34mCLI[39m Building entry: src/index.ts
@tevm/runtime: [2m[[22m@TEVM/RUNTIME[2m][22m [34mCLI[39m Building entry: src/index.js
@tevm/node: [2m[[22m@TEVM/NODE[2m][22m [34mCLI[39m Using tsconfig: tsconfig.json
@tevm/node: [2m[[22m@TEVM/NODE[2m][22m [34mCLI[39m tsup v8.5.1
@tevm/node: [2m[[22m@TEVM/NODE[2m][22m [34mCLI[39m Using tsup config: /Users/williamcory/tevm-monorepo/packages/node/tsup.config.js
@tevm/runtime: [2m[[22m@TEVM/RUNTIME[2m][22m [34mCLI[39m Using tsconfig: tsconfig.json
@tevm/runtime: [2m[[22m@TEVM/RUNTIME[2m][22m [34mCLI[39m tsup v8.5.1
@tevm/runtime: [2m[[22m@TEVM/RUNTIME[2m][22m [34mCLI[39m Using tsup config: /Users/williamcory/tevm-monorepo/bundler-packages/runtime/tsup.config.ts
@tevm/node: [2m[[22m@TEVM/NODE[2m][22m [34mCLI[39m Target: chrome91,firefox90,edge91,safari15,ios15,opera77
@tevm/node: [2m[[22m@TEVM/NODE[2m][22m [34mCJS[39m Build start
@tevm/node: [2m[[22m@TEVM/NODE[2m][22m [34mESM[39m Build start
@tevm/node: [2m[[22m@TEVM/NODE[2m][22m [32mESM[39m [1mdist/index.js     [22m[32m32.21 KB[39m
@tevm/node: [2m[[22m@TEVM/NODE[2m][22m [32mESM[39m [1mdist/index.js.map [22m[32m67.41 KB[39m
@tevm/node: [2m[[22m@TEVM/NODE[2m][22m [32mESM[39m ⚡️ Build success in 97ms
@tevm/node: [2m[[22m@TEVM/NODE[2m][22m [32mCJS[39m [1mdist/index.cjs     [22m[32m32.39 KB[39m
@tevm/node: [2m[[22m@TEVM/NODE[2m][22m [32mCJS[39m [1mdist/index.cjs.map [22m[32m67.84 KB[39m
@tevm/node: [2m[[22m@TEVM/NODE[2m][22m [32mCJS[39m ⚡️ Build success in 97ms
@tevm/runtime: [2m[[22m@TEVM/RUNTIME[2m][22m [34mDTS[39m Build start

> nx run @tevm/actions:"build:dist"

@tevm/bundler-cache: [2m[[22m@TEVM/BUNDLER-CACHE[2m][22m [32mDTS[39m ⚡️ Build success in 711ms
@tevm/bundler-cache: [2m[[22m@TEVM/BUNDLER-CACHE[2m][22m [32mDTS[39m [1mdist/index.d.cts [22m[32m2.47 KB[39m
@tevm/bundler-cache: [2m[[22m@TEVM/BUNDLER-CACHE[2m][22m [32mDTS[39m [1mdist/index.d.ts  [22m[32m2.47 KB[39m
@tevm/runtime: [2m[[22m@TEVM/RUNTIME[2m][22m [32mDTS[39m ⚡️ Build success in 477ms
@tevm/runtime: [2m[[22m@TEVM/RUNTIME[2m][22m [32mDTS[39m [1mdist/index.d.cts [22m[32m1.05 KB[39m
@tevm/runtime: [2m[[22m@TEVM/RUNTIME[2m][22m [32mDTS[39m [1mdist/index.d.ts  [22m[32m1.05 KB[39m
@tevm/actions: > @tevm/actions@1.0.0-next.149 build:dist /Users/williamcory/tevm-monorepo/packages/actions
@tevm/actions: > tsup
@tevm/actions: [2m[[22m@TEVM/ACTIONS[2m][22m [34mCLI[39m Building entry: src/index.ts
@tevm/actions: [2m[[22m@TEVM/ACTIONS[2m][22m [34mCLI[39m Using tsconfig: tsconfig.json
@tevm/actions: [2m[[22m@TEVM/ACTIONS[2m][22m [34mCLI[39m tsup v8.5.1
@tevm/actions: [2m[[22m@TEVM/ACTIONS[2m][22m [34mCLI[39m Using tsup config: /Users/williamcory/tevm-monorepo/packages/actions/tsup.config.ts
@tevm/actions: [2m[[22m@TEVM/ACTIONS[2m][22m [34mCLI[39m Target: chrome91,firefox90,edge91,safari15,ios15,opera77
@tevm/actions: [2m[[22m@TEVM/ACTIONS[2m][22m [34mCJS[39m Build start
@tevm/actions: [2m[[22m@TEVM/ACTIONS[2m][22m [34mESM[39m Build start
@tevm/actions: "EthjsAddress" is imported from external module "@tevm/utils" but never used in "dist/index.js".
@tevm/actions: "EthjsAddress" is imported from external module "@tevm/utils" but never used in "dist/index.cjs".
@tevm/actions: [2m[[22m@TEVM/ACTIONS[2m][22m [32mCJS[39m [1mdist/index.cjs     [22m[32m443.08 KB[39m
@tevm/actions: [2m[[22m@TEVM/ACTIONS[2m][22m [32mCJS[39m [1mdist/index.cjs.map [22m[32m1.02 MB[39m
@tevm/actions: [2m[[22m@TEVM/ACTIONS[2m][22m [32mCJS[39m ⚡️ Build success in 582ms
@tevm/actions: [2m[[22m@TEVM/ACTIONS[2m][22m [32mESM[39m [1mdist/index.js     [22m[32m432.62 KB[39m
@tevm/actions: [2m[[22m@TEVM/ACTIONS[2m][22m [32mESM[39m [1mdist/index.js.map [22m[32m1.02 MB[39m
@tevm/actions: [2m[[22m@TEVM/ACTIONS[2m][22m [32mESM[39m ⚡️ Build success in 582ms

> nx run @tevm/decorators:"build:dist"

@tevm/decorators: > @tevm/decorators@1.0.0-next.148 build:dist /Users/williamcory/tevm-monorepo/packages/decorators
@tevm/decorators: > tsup

> nx run @tevm/client-types:"build:dist"

@tevm/runtime: [96msrc/generateTevmBody.js[0m:[93m5[0m:[93m22[0m - [91merror[0m[90m TS7006: [0mParameter 'value' implicitly has an 'any' type.
@tevm/runtime: [7m5[0m const escapeJSDoc = (value) =>
@tevm/runtime: [7m [0m [91m                     ~~~~~[0m
@tevm/runtime: [96msrc/generateTevmBodyDts.js[0m:[93m4[0m:[93m22[0m - [91merror[0m[90m TS7006: [0mParameter 'value' implicitly has an 'any' type.
@tevm/runtime: [7m4[0m const escapeJSDoc = (value) =>
@tevm/runtime: [7m [0m [91m                     ~~~~~[0m
@tevm/runtime: Found 2 errors in 2 files.
@tevm/runtime: Errors  Files
@tevm/runtime:      1  src/generateTevmBody.js[90m:5[0m
@tevm/runtime:      1  src/generateTevmBodyDts.js[90m:4[0m
@tevm/runtime: [41m[30m ELIFECYCLE [39m[49m [31mCommand failed with exit code 1.[39m

> nx run @tevm/contract:typecheck

@tevm/decorators: [2m[[22m@TEVM/DECORATORS[2m][22m [34mCLI[39m Building entry: src/index.ts
@tevm/decorators: [2m[[22m@TEVM/DECORATORS[2m][22m [34mCLI[39m Using tsconfig: tsconfig.json
@tevm/decorators: [2m[[22m@TEVM/DECORATORS[2m][22m [34mCLI[39m tsup v8.5.1
@tevm/decorators: [2m[[22m@TEVM/DECORATORS[2m][22m [34mCLI[39m Using tsup config: /Users/williamcory/tevm-monorepo/packages/decorators/tsup.config.js
@tevm/decorators: [2m[[22m@TEVM/DECORATORS[2m][22m [34mCLI[39m Target: chrome91,firefox90,edge91,safari15,ios15,opera77
@tevm/decorators: [2m[[22m@TEVM/DECORATORS[2m][22m [34mCJS[39m Build start
@tevm/decorators: [2m[[22m@TEVM/DECORATORS[2m][22m [34mESM[39m Build start
@tevm/decorators: [2m[[22m@TEVM/DECORATORS[2m][22m [32mCJS[39m [1mdist/index.cjs     [22m[32m3.27 KB[39m
@tevm/decorators: [2m[[22m@TEVM/DECORATORS[2m][22m [32mCJS[39m [1mdist/index.cjs.map [22m[32m9.29 KB[39m
@tevm/decorators: [2m[[22m@TEVM/DECORATORS[2m][22m [32mCJS[39m ⚡️ Build success in 47ms
@tevm/decorators: [2m[[22m@TEVM/DECORATORS[2m][22m [32mESM[39m [1mdist/index.js     [22m[32m3.33 KB[39m
@tevm/decorators: [2m[[22m@TEVM/DECORATORS[2m][22m [32mESM[39m [1mdist/index.js.map [22m[32m8.94 KB[39m
@tevm/decorators: [2m[[22m@TEVM/DECORATORS[2m][22m [32mESM[39m ⚡️ Build success in 47ms
@tevm/client-types: > @tevm/client-types@1.0.0-next.148 build:dist /Users/williamcory/tevm-monorepo/packages/client-types
@tevm/client-types: > tsup
@tevm/contract: > @tevm/contract@1.0.0-next.149 typecheck /Users/williamcory/tevm-monorepo/packages/contract
@tevm/contract: > tsc --noEmit

> nx run @tevm/memory-client:"build:dist"

@tevm/client-types: [2m[[22m@TEVM/CLIENT-TYPES[2m][22m [34mCLI[39m Building entry: src/index.ts
@tevm/client-types: [2m[[22m@TEVM/CLIENT-TYPES[2m][22m [34mCLI[39m Using tsconfig: tsconfig.json
@tevm/client-types: [2m[[22m@TEVM/CLIENT-TYPES[2m][22m [34mCLI[39m tsup v8.5.1
@tevm/client-types: [2m[[22m@TEVM/CLIENT-TYPES[2m][22m [34mCLI[39m Using tsup config: /Users/williamcory/tevm-monorepo/packages/client-types/tsup.config.ts
@tevm/client-types: [2m[[22m@TEVM/CLIENT-TYPES[2m][22m [34mCLI[39m Target: chrome91,firefox90,edge91,safari15,ios15,opera77
@tevm/client-types: [2m[[22m@TEVM/CLIENT-TYPES[2m][22m [34mCJS[39m Build start
@tevm/client-types: [2m[[22m@TEVM/CLIENT-TYPES[2m][22m [34mESM[39m Build start
@tevm/client-types: Generated an empty chunk: "index".
@tevm/client-types: Generated an empty chunk: "index".
@tevm/client-types: [2m[[22m@TEVM/CLIENT-TYPES[2m][22m [32mESM[39m [1mdist/index.js     [22m[32m68.00 B[39m
@tevm/client-types: [2m[[22m@TEVM/CLIENT-TYPES[2m][22m [32mESM[39m [1mdist/index.js.map [22m[32m69.00 B[39m
@tevm/client-types: [2m[[22m@TEVM/CLIENT-TYPES[2m][22m [32mESM[39m ⚡️ Build success in 28ms
@tevm/client-types: [2m[[22m@TEVM/CLIENT-TYPES[2m][22m [32mCJS[39m [1mdist/index.cjs     [22m[32m84.00 B[39m
@tevm/client-types: [2m[[22m@TEVM/CLIENT-TYPES[2m][22m [32mCJS[39m [1mdist/index.cjs.map [22m[32m70.00 B[39m
@tevm/client-types: [2m[[22m@TEVM/CLIENT-TYPES[2m][22m [32mCJS[39m ⚡️ Build success in 28ms

> nx run @tevm/logger:typecheck

@tevm/memory-client: > @tevm/memory-client@1.0.0-next.148 build:dist /Users/williamcory/tevm-monorepo/packages/memory-client
@tevm/memory-client: > tsup
@tevm/logger: > @tevm/logger@1.0.0-next.148 typecheck /Users/williamcory/tevm-monorepo/packages/logger
@tevm/logger: > tsc --noEmit
@tevm/memory-client: [2m[[22m@TEVM/MEMORY-CLIENT[2m][22m [34mCLI[39m Building entry: src/index.ts
@tevm/memory-client: [2m[[22m@TEVM/MEMORY-CLIENT[2m][22m [34mCLI[39m Using tsconfig: tsconfig.json
@tevm/memory-client: [2m[[22m@TEVM/MEMORY-CLIENT[2m][22m [34mCLI[39m tsup v8.5.1
@tevm/memory-client: [2m[[22m@TEVM/MEMORY-CLIENT[2m][22m [34mCLI[39m Using tsup config: /Users/williamcory/tevm-monorepo/packages/memory-client/tsup.config.js
@tevm/memory-client: [2m[[22m@TEVM/MEMORY-CLIENT[2m][22m [34mCLI[39m Target: chrome91,firefox90,edge91,safari15,ios15,opera77
@tevm/memory-client: [2m[[22m@TEVM/MEMORY-CLIENT[2m][22m [34mCJS[39m Build start
@tevm/memory-client: [2m[[22m@TEVM/MEMORY-CLIENT[2m][22m [34mESM[39m Build start
@tevm/memory-client: [2m[[22m@TEVM/MEMORY-CLIENT[2m][22m [32mCJS[39m [1mdist/index.cjs     [22m[32m5.53 KB[39m
@tevm/memory-client: [2m[[22m@TEVM/MEMORY-CLIENT[2m][22m [32mCJS[39m [1mdist/index.cjs.map [22m[32m70.76 KB[39m
@tevm/memory-client: [2m[[22m@TEVM/MEMORY-CLIENT[2m][22m [32mCJS[39m ⚡️ Build success in 58ms
@tevm/memory-client: [2m[[22m@TEVM/MEMORY-CLIENT[2m][22m [32mESM[39m [1mdist/index.js     [22m[32m4.91 KB[39m
@tevm/memory-client: [2m[[22m@TEVM/MEMORY-CLIENT[2m][22m [32mESM[39m [1mdist/index.js.map [22m[32m70.45 KB[39m
@tevm/memory-client: [2m[[22m@TEVM/MEMORY-CLIENT[2m][22m [32mESM[39m ⚡️ Build success in 58ms

> nx run @tevm/server:"build:dist"


> nx run @tevm/common:typecheck


> nx run @tevm/address:typecheck

@tevm/server: > @tevm/server@1.0.0-next.148 build:dist /Users/williamcory/tevm-monorepo/packages/server
@tevm/server: > tsup
@tevm/common: > @tevm/common@1.0.0-next.148 typecheck /Users/williamcory/tevm-monorepo/packages/common
@tevm/common: > tsc --noEmit
@tevm/address: > @tevm/address@1.0.0-next.148 typecheck /Users/williamcory/tevm-monorepo/packages/address
@tevm/address: > tsc --noEmit
@tevm/server: [2m[[22m@TEVM/SERVER[2m][22m [34mCLI[39m Building entry: src/index.ts
@tevm/server: [2m[[22m@TEVM/SERVER[2m][22m [34mCLI[39m Using tsconfig: tsconfig.json
@tevm/server: [2m[[22m@TEVM/SERVER[2m][22m [34mCLI[39m tsup v8.5.1
@tevm/server: [2m[[22m@TEVM/SERVER[2m][22m [34mCLI[39m Using tsup config: /Users/williamcory/tevm-monorepo/packages/server/tsup.config.ts
@tevm/server: [2m[[22m@TEVM/SERVER[2m][22m [34mCLI[39m Target: node16
@tevm/server: [2m[[22m@TEVM/SERVER[2m][22m [34mCJS[39m Build start
@tevm/server: [2m[[22m@TEVM/SERVER[2m][22m [34mESM[39m Build start
@tevm/server: [2m[[22m@TEVM/SERVER[2m][22m [32mCJS[39m [1mdist/index.cjs     [22m[32m12.61 KB[39m
@tevm/server: [2m[[22m@TEVM/SERVER[2m][22m [32mCJS[39m [1mdist/index.cjs.map [22m[32m34.13 KB[39m
@tevm/server: [2m[[22m@TEVM/SERVER[2m][22m [32mCJS[39m ⚡️ Build success in 77ms
@tevm/server: [2m[[22m@TEVM/SERVER[2m][22m [32mESM[39m [1mdist/index.js     [22m[32m12.37 KB[39m
@tevm/server: [2m[[22m@TEVM/SERVER[2m][22m [32mESM[39m [1mdist/index.js.map [22m[32m34.02 KB[39m
@tevm/server: [2m[[22m@TEVM/SERVER[2m][22m [32mESM[39m ⚡️ Build success in 77ms

> nx run @tevm/block:typecheck


> nx run @tevm/jsonrpc:typecheck

@tevm/block: > @tevm/block@1.0.0-next.148 typecheck /Users/williamcory/tevm-monorepo/packages/block
@tevm/block: > tsc --noEmit
@tevm/jsonrpc: > @tevm/jsonrpc@1.0.0-next.148 typecheck /Users/williamcory/tevm-monorepo/packages/jsonrpc
@tevm/jsonrpc: > tsc --noEmit

> nx run @tevm/predeploys:typecheck


> nx run @tevm/consensus:typecheck

@tevm/predeploys: > @tevm/predeploys@1.0.0-next.148 typecheck /Users/williamcory/tevm-monorepo/packages/predeploys
@tevm/predeploys: > tsc --noEmit
@tevm/block: [96msrc/ClRequest.spec.ts[0m:[93m30[0m:[93m56[0m - [91merror[0m[90m TS2532: [0mObject is possibly 'undefined'.
@tevm/block: [7m30[0m   expect(block.toExecutionPayload().requestsRoot).toBe(block.toJSON().header.requestsRoot)
@tevm/block: [7m  [0m [91m                                                       ~~~~~~~~~~~~~~~~~~~~~[0m
@tevm/block: Found 1 error in src/ClRequest.spec.ts[90m:30[0m
@tevm/block: [41m[30m ELIFECYCLE [39m[49m [31mCommand failed with exit code 2.[39m

> nx run @tevm/tx:typecheck

@tevm/consensus: > @tevm/consensus@1.0.0-next.148 typecheck /Users/williamcory/tevm-monorepo/packages/consensus
@tevm/consensus: > tsc --noEmit
@tevm/tx: > @tevm/tx@1.0.0-next.148 typecheck /Users/williamcory/tevm-monorepo/packages/tx
@tevm/tx: > tsc --noEmit

> nx run @tevm/viem:"build:dist"


> nx run @tevm/rlp:typecheck

@tevm/viem: > @tevm/viem@1.0.0-next.148 build:dist /Users/williamcory/tevm-monorepo/extensions/viem
@tevm/viem: > tsup

> nx run @tevm/trie:typecheck

@tevm/rlp: > @tevm/rlp@1.0.0-next.148 typecheck /Users/williamcory/tevm-monorepo/packages/rlp
@tevm/rlp: > tsc --noEmit
@tevm/viem: [2m[[22m@TEVM/VIEM[2m][22m [34mCLI[39m Building entry: src/index.js
@tevm/viem: [2m[[22m@TEVM/VIEM[2m][22m [34mCLI[39m Using tsconfig: tsconfig.json
@tevm/viem: [2m[[22m@TEVM/VIEM[2m][22m [34mCLI[39m tsup v8.5.1
@tevm/viem: [2m[[22m@TEVM/VIEM[2m][22m [34mCLI[39m Using tsup config: /Users/williamcory/tevm-monorepo/extensions/viem/tsup.config.ts
@tevm/viem: [2m[[22m@TEVM/VIEM[2m][22m [34mCLI[39m Target: chrome91,firefox90,edge91,safari15,ios15,opera77
@tevm/viem: [2m[[22m@TEVM/VIEM[2m][22m [34mCJS[39m Build start
@tevm/viem: [2m[[22m@TEVM/VIEM[2m][22m [34mESM[39m Build start
@tevm/viem: [2m[[22m@TEVM/VIEM[2m][22m [32mCJS[39m [1mdist/index.cjs     [22m[32m13.31 KB[39m
@tevm/viem: [2m[[22m@TEVM/VIEM[2m][22m [32mCJS[39m [1mdist/index.cjs.map [22m[32m29.42 KB[39m
@tevm/viem: [2m[[22m@TEVM/VIEM[2m][22m [32mCJS[39m ⚡️ Build success in 66ms
@tevm/viem: [2m[[22m@TEVM/VIEM[2m][22m [32mESM[39m [1mdist/index.js     [22m[32m13.21 KB[39m
@tevm/viem: [2m[[22m@TEVM/VIEM[2m][22m [32mESM[39m [1mdist/index.js.map [22m[32m29.24 KB[39m
@tevm/viem: [2m[[22m@TEVM/VIEM[2m][22m [32mESM[39m ⚡️ Build success in 66ms
@tevm/trie: > @tevm/trie@1.0.0-next.148 typecheck /Users/williamcory/tevm-monorepo/packages/trie
@tevm/trie: > tsc --noEmit



 NX   Running target typecheck for 38 projects and 86 tasks they depend on failed

Tasks not run because their dependencies failed or --nx-bail=true:

- @tevm/sync-storage-persister:typecheck
- @tevm/receipt-manager:typecheck
- @tevm/test-matchers:typecheck
- @tevm/webpack-plugin:typecheck
- @tevm/memory-client:typecheck
- @tevm/client-types:typecheck
- @tevm/http-client:typecheck
- @tevm/test-node:typecheck
- @tevm/blockchain:typecheck
- @tevm/decorators:typecheck
- @tevm/procedures:typecheck
- @tevm/memory-client-integration:typecheck
- @tevm/test-matchers-integration:typecheck
- @tevm/ethers:typecheck
- @tevm/actions:typecheck
- @tevm/precompiles-integration:typecheck
- @tevm/server:typecheck
- @tevm/txpool:typecheck
- @tevm/viem:typecheck
- @tevm/state:typecheck
- @tevm/node:typecheck
- @tevm/ts-plugin:typecheck
- @tevm/evm:typecheck
- @tevm/vm:typecheck
- tevm:typecheck
- @tevm/state:build:types
- @tevm/test-utils:build:types
- @tevm/esbuild-plugin:build:types
- @tevm/unplugin:build:types
- @tevm/base-bundler:build:types
- @tevm/ts-plugin:build:types
- @tevm/blockchain:build:types
- @tevm/actions:build:types
- @tevm/evm:build:types
- @tevm/node:build:types
- @tevm/precompiles:build:types
- @tevm/bun-plugin:build:types
- @tevm/receipt-manager:build:types
- @tevm/sync-storage-persister:build:types
- @tevm/txpool:build:types
- @tevm/vm:build:types
- @tevm/decorators:build:types
- @tevm/client-types:build:types
- @tevm/server:build:types
- @tevm/memory-client:build:types
- @tevm/viem:build:types
- @tevm/test-node:build:types
- @tevm/test-matchers:build:types
- @tevm/http-client:build:types
- @tevm/rollup-plugin:build:types
- @tevm/rspack-plugin:build:types
- @tevm/vite-plugin:build:types
- @tevm/webpack-plugin:build:types

Failed tasks:

- @tevm/block:build:types
- @tevm/runtime:build:types
- @tevm/block:typecheck

