
 NX   --skip-nx-cache disables the connection to Nx Cloud for the current run.

The remote cache will not be read from or written to during this run.


 NX   Running target typecheck for 38 projects and 86 tasks they depend on:

- @tevm/sync-storage-persister
- @tevm/receipt-manager
- @tevm/test-matchers
- @tevm/webpack-plugin
- @tevm/memory-client
- @tevm/client-types
- @tevm/http-client
- @tevm/test-node
- @tevm/blockchain
- @tevm/decorators
- @tevm/predeploys
- @tevm/procedures
- @tevm/consensus
- @tevm/memory-client-integration
- @tevm/test-matchers-integration
- @tevm/contract
- @tevm/ethers
- @tevm/actions
- @tevm/address
- @tevm/jsonrpc
- @tevm/precompiles-integration
- @tevm/common
- @tevm/errors
- @tevm/logger
- @tevm/server
- @tevm/txpool
- @tevm/viem
- @tevm/block
- @tevm/state
- @tevm/utils
- @tevm/node
- @tevm/trie
- @tevm/ts-plugin
- @tevm/evm
- @tevm/rlp
- @tevm/tx
- @tevm/vm
- tevm



> nx run @tevm/tsupconfig:"build:dist"


> nx run @tevm/tsupconfig:"build:types"

@tevm/tsupconfig: > @tevm/tsupconfig@1.0.0-next.148 build:dist /Users/williamcory/tevm-monorepo/configs/tsupconfig
@tevm/tsupconfig: > tsup
@tevm/tsupconfig: > @tevm/tsupconfig@1.0.0-next.148 build:types /Users/williamcory/tevm-monorepo/configs/tsupconfig
@tevm/tsupconfig: > tsup --dts-only && tsc --emitDeclarationOnly --declaration
@tevm/tsupconfig: [2m[[22m@TEVM/TSUPCONFIG[2m][22m [34mCLI[39m Building entry: src/index.js
@tevm/tsupconfig: [2m[[22m@TEVM/TSUPCONFIG[2m][22m [34mCLI[39m Using tsconfig: tsconfig.json
@tevm/tsupconfig: [2m[[22m@TEVM/TSUPCONFIG[2m][22m [34mCLI[39m tsup v8.5.1
@tevm/tsupconfig: [2m[[22m@TEVM/TSUPCONFIG[2m][22m [34mCLI[39m Using tsup config: /Users/williamcory/tevm-monorepo/configs/tsupconfig/tsup.config.ts
@tevm/tsupconfig: [2m[[22m@TEVM/TSUPCONFIG[2m][22m [34mCLI[39m Target: node16
@tevm/tsupconfig: [2m[[22m@TEVM/TSUPCONFIG[2m][22m [34mCJS[39m Build start
@tevm/tsupconfig: [2m[[22m@TEVM/TSUPCONFIG[2m][22m [34mESM[39m Build start
@tevm/tsupconfig: [2m[[22m@TEVM/TSUPCONFIG[2m][22m [34mCLI[39m Building entry: src/index.js
@tevm/tsupconfig: [2m[[22m@TEVM/TSUPCONFIG[2m][22m [34mCLI[39m Using tsconfig: tsconfig.json
@tevm/tsupconfig: [2m[[22m@TEVM/TSUPCONFIG[2m][22m [34mCLI[39m tsup v8.5.1
@tevm/tsupconfig: [2m[[22m@TEVM/TSUPCONFIG[2m][22m [34mCLI[39m Using tsup config: /Users/williamcory/tevm-monorepo/configs/tsupconfig/tsup.config.ts
@tevm/tsupconfig: [2m[[22m@TEVM/TSUPCONFIG[2m][22m [32mCJS[39m [1mdist/index.cjs     [22m[32m1.24 KB[39m
@tevm/tsupconfig: [2m[[22m@TEVM/TSUPCONFIG[2m][22m [32mCJS[39m [1mdist/index.cjs.map [22m[32m3.11 KB[39m
@tevm/tsupconfig: [2m[[22m@TEVM/TSUPCONFIG[2m][22m [32mCJS[39m ⚡️ Build success in 81ms
@tevm/tsupconfig: [2m[[22m@TEVM/TSUPCONFIG[2m][22m [32mESM[39m [1mdist/index.js     [22m[32m1.17 KB[39m
@tevm/tsupconfig: [2m[[22m@TEVM/TSUPCONFIG[2m][22m [32mESM[39m [1mdist/index.js.map [22m[32m3.09 KB[39m
@tevm/tsupconfig: [2m[[22m@TEVM/TSUPCONFIG[2m][22m [32mESM[39m ⚡️ Build success in 81ms

> nx run @tevm/errors:"build:dist"


> nx run @tevm/logger:"build:dist"

@tevm/tsupconfig: [2m[[22m@TEVM/TSUPCONFIG[2m][22m [34mDTS[39m Build start
@tevm/logger: > @tevm/logger@1.0.0-next.148 build:dist /Users/williamcory/tevm-monorepo/packages/logger
@tevm/logger: > tsup
@tevm/errors: > @tevm/errors@1.0.0-next.148 build:dist /Users/williamcory/tevm-monorepo/packages/errors
@tevm/errors: > tsup
@tevm/tsupconfig: [2m[[22m@TEVM/TSUPCONFIG[2m][22m [32mDTS[39m ⚡️ Build success in 483ms
@tevm/tsupconfig: [2m[[22m@TEVM/TSUPCONFIG[2m][22m [32mDTS[39m [1mdist/index.d.cts [22m[32m464.00 B[39m
@tevm/tsupconfig: [2m[[22m@TEVM/TSUPCONFIG[2m][22m [32mDTS[39m [1mdist/index.d.ts  [22m[32m464.00 B[39m
@tevm/logger: [2m[[22m@TEVM/LOGGER[2m][22m [34mCLI[39m Building entry: src/index.ts
@tevm/errors: [2m[[22m@TEVM/ERRORS[2m][22m [34mCLI[39m Building entry: src/index.ts
@tevm/errors: [2m[[22m@TEVM/ERRORS[2m][22m [34mCLI[39m Using tsconfig: tsconfig.json
@tevm/logger: [2m[[22m@TEVM/LOGGER[2m][22m [34mCLI[39m Using tsconfig: tsconfig.json
@tevm/errors: [2m[[22m@TEVM/ERRORS[2m][22m [34mCLI[39m tsup v8.5.1
@tevm/errors: [2m[[22m@TEVM/ERRORS[2m][22m [34mCLI[39m Using tsup config: /Users/williamcory/tevm-monorepo/packages/errors/tsup.config.ts
@tevm/logger: [2m[[22m@TEVM/LOGGER[2m][22m [34mCLI[39m tsup v8.5.1
@tevm/logger: [2m[[22m@TEVM/LOGGER[2m][22m [34mCLI[39m Using tsup config: /Users/williamcory/tevm-monorepo/packages/logger/tsup.config.js
@tevm/errors: [2m[[22m@TEVM/ERRORS[2m][22m [34mCLI[39m Target: chrome91,firefox90,edge91,safari15,ios15,opera77
@tevm/logger: [2m[[22m@TEVM/LOGGER[2m][22m [34mCLI[39m Target: chrome91,firefox90,edge91,safari15,ios15,opera77
@tevm/errors: [2m[[22m@TEVM/ERRORS[2m][22m [34mCJS[39m Build start
@tevm/errors: [2m[[22m@TEVM/ERRORS[2m][22m [34mESM[39m Build start
@tevm/logger: [2m[[22m@TEVM/LOGGER[2m][22m [34mCJS[39m Build start
@tevm/logger: [2m[[22m@TEVM/LOGGER[2m][22m [34mESM[39m Build start
@tevm/logger: [2m[[22m@TEVM/LOGGER[2m][22m [32mCJS[39m [1mdist/index.cjs     [22m[32m320.00 B[39m
@tevm/logger: [2m[[22m@TEVM/LOGGER[2m][22m [32mCJS[39m [1mdist/index.cjs.map [22m[32m713.00 B[39m
@tevm/logger: [2m[[22m@TEVM/LOGGER[2m][22m [32mCJS[39m ⚡️ Build success in 29ms
@tevm/logger: [2m[[22m@TEVM/LOGGER[2m][22m [32mESM[39m [1mdist/index.js     [22m[32m287.00 B[39m
@tevm/logger: [2m[[22m@TEVM/LOGGER[2m][22m [32mESM[39m [1mdist/index.js.map [22m[32m703.00 B[39m
@tevm/logger: [2m[[22m@TEVM/LOGGER[2m][22m [32mESM[39m ⚡️ Build success in 30ms

> nx run @tevm/jsonrpc:"build:dist"

@tevm/errors: [2m[[22m@TEVM/ERRORS[2m][22m [32mESM[39m [1mdist/index.js     [22m[32m106.87 KB[39m
@tevm/errors: [2m[[22m@TEVM/ERRORS[2m][22m [32mESM[39m [1mdist/index.js.map [22m[32m360.60 KB[39m
@tevm/errors: [2m[[22m@TEVM/ERRORS[2m][22m [32mESM[39m ⚡️ Build success in 147ms
@tevm/errors: [2m[[22m@TEVM/ERRORS[2m][22m [32mCJS[39m [1mdist/index.cjs     [22m[32m112.15 KB[39m
@tevm/errors: [2m[[22m@TEVM/ERRORS[2m][22m [32mCJS[39m [1mdist/index.cjs.map [22m[32m360.63 KB[39m
@tevm/errors: [2m[[22m@TEVM/ERRORS[2m][22m [32mCJS[39m ⚡️ Build success in 147ms

> nx run @tevm/utils:"build:dist"

@tevm/jsonrpc: > @tevm/jsonrpc@1.0.0-next.148 build:dist /Users/williamcory/tevm-monorepo/packages/jsonrpc
@tevm/jsonrpc: > tsup
@tevm/utils: > @tevm/utils@1.0.0-next.148 build:dist /Users/williamcory/tevm-monorepo/packages/utils
@tevm/utils: > tsup

> nx run @tevm/errors:"build:types"

@tevm/jsonrpc: [2m[[22m@TEVM/JSONRPC[2m][22m [34mCLI[39m Building entry: src/index.ts
@tevm/jsonrpc: [2m[[22m@TEVM/JSONRPC[2m][22m [34mCLI[39m Using tsconfig: tsconfig.json
@tevm/jsonrpc: [2m[[22m@TEVM/JSONRPC[2m][22m [34mCLI[39m tsup v8.5.1
@tevm/jsonrpc: [2m[[22m@TEVM/JSONRPC[2m][22m [34mCLI[39m Using tsup config: /Users/williamcory/tevm-monorepo/packages/jsonrpc/tsup.config.js
@tevm/jsonrpc: [2m[[22m@TEVM/JSONRPC[2m][22m [34mCLI[39m Target: chrome91,firefox90,edge91,safari15,ios15,opera77
@tevm/jsonrpc: [2m[[22m@TEVM/JSONRPC[2m][22m [34mCJS[39m Build start
@tevm/jsonrpc: [2m[[22m@TEVM/JSONRPC[2m][22m [34mESM[39m Build start
@tevm/jsonrpc: [2m[[22m@TEVM/JSONRPC[2m][22m [32mCJS[39m [1mdist/index.cjs     [22m[32m1.93 KB[39m
@tevm/jsonrpc: [2m[[22m@TEVM/JSONRPC[2m][22m [32mCJS[39m [1mdist/index.cjs.map [22m[32m3.39 KB[39m
@tevm/jsonrpc: [2m[[22m@TEVM/JSONRPC[2m][22m [32mCJS[39m ⚡️ Build success in 33ms
@tevm/jsonrpc: [2m[[22m@TEVM/JSONRPC[2m][22m [32mESM[39m [1mdist/index.js     [22m[32m1.47 KB[39m
@tevm/jsonrpc: [2m[[22m@TEVM/JSONRPC[2m][22m [32mESM[39m [1mdist/index.js.map [22m[32m3.39 KB[39m
@tevm/jsonrpc: [2m[[22m@TEVM/JSONRPC[2m][22m [32mESM[39m ⚡️ Build success in 33ms

> nx run @tevm/jsonrpc:"build:types"

@tevm/utils: [2m[[22m@TEVM/UTILS[2m][22m [34mCLI[39m Building entry: src/index.ts
@tevm/utils: [2m[[22m@TEVM/UTILS[2m][22m [34mCLI[39m Using tsconfig: tsconfig.json
@tevm/utils: [2m[[22m@TEVM/UTILS[2m][22m [34mCLI[39m tsup v8.5.1
@tevm/utils: [2m[[22m@TEVM/UTILS[2m][22m [34mCLI[39m Using tsup config: /Users/williamcory/tevm-monorepo/packages/utils/tsup.config.ts
@tevm/utils: [2m[[22m@TEVM/UTILS[2m][22m [34mCLI[39m Target: chrome91,firefox90,edge91,safari15,ios15,opera77
@tevm/utils: [2m[[22m@TEVM/UTILS[2m][22m [34mCJS[39m Build start
@tevm/utils: [2m[[22m@TEVM/UTILS[2m][22m [34mESM[39m Build start
@tevm/utils: [2m[[22m@TEVM/UTILS[2m][22m [32mESM[39m [1mdist/index.js     [22m[32m7.47 KB[39m
@tevm/utils: [2m[[22m@TEVM/UTILS[2m][22m [32mESM[39m [1mdist/index.js.map [22m[32m16.17 KB[39m
@tevm/utils: [2m[[22m@TEVM/UTILS[2m][22m [32mESM[39m ⚡️ Build success in 65ms
@tevm/utils: [2m[[22m@TEVM/UTILS[2m][22m [32mCJS[39m [1mdist/index.cjs     [22m[32m16.51 KB[39m
@tevm/utils: [2m[[22m@TEVM/UTILS[2m][22m [32mCJS[39m [1mdist/index.cjs.map [22m[32m16.35 KB[39m
@tevm/utils: [2m[[22m@TEVM/UTILS[2m][22m [32mCJS[39m ⚡️ Build success in 65ms

> nx run @tevm/common:"build:dist"

@tevm/errors: > @tevm/errors@1.0.0-next.148 build:types /Users/williamcory/tevm-monorepo/packages/errors
@tevm/errors: > tsup --dts-only && tsc --emitDeclarationOnly --declaration
@tevm/jsonrpc: > @tevm/jsonrpc@1.0.0-next.148 build:types /Users/williamcory/tevm-monorepo/packages/jsonrpc
@tevm/jsonrpc: > tsup --dts-only && tsc --emitDeclarationOnly --declaration
@tevm/common: > @tevm/common@1.0.0-next.148 build:dist /Users/williamcory/tevm-monorepo/packages/common
@tevm/common: > tsup
@tevm/errors: [2m[[22m@TEVM/ERRORS[2m][22m [34mCLI[39m Building entry: src/index.ts
@tevm/errors: [2m[[22m@TEVM/ERRORS[2m][22m [34mCLI[39m Using tsconfig: tsconfig.json
@tevm/errors: [2m[[22m@TEVM/ERRORS[2m][22m [34mCLI[39m tsup v8.5.1
@tevm/errors: [2m[[22m@TEVM/ERRORS[2m][22m [34mCLI[39m Using tsup config: /Users/williamcory/tevm-monorepo/packages/errors/tsup.config.ts
@tevm/jsonrpc: [2m[[22m@TEVM/JSONRPC[2m][22m [34mCLI[39m Building entry: src/index.ts
@tevm/jsonrpc: [2m[[22m@TEVM/JSONRPC[2m][22m [34mCLI[39m Using tsconfig: tsconfig.json
@tevm/jsonrpc: [2m[[22m@TEVM/JSONRPC[2m][22m [34mCLI[39m tsup v8.5.1
@tevm/jsonrpc: [2m[[22m@TEVM/JSONRPC[2m][22m [34mCLI[39m Using tsup config: /Users/williamcory/tevm-monorepo/packages/jsonrpc/tsup.config.js
@tevm/errors: [2m[[22m@TEVM/ERRORS[2m][22m [34mDTS[39m Build start
@tevm/common: [2m[[22m@TEVM/COMMON[2m][22m [34mCLI[39m Building entry: src/index.ts
@tevm/common: [2m[[22m@TEVM/COMMON[2m][22m [34mCLI[39m Using tsconfig: tsconfig.json
@tevm/common: [2m[[22m@TEVM/COMMON[2m][22m [34mCLI[39m tsup v8.5.1
@tevm/common: [2m[[22m@TEVM/COMMON[2m][22m [34mCLI[39m Using tsup config: /Users/williamcory/tevm-monorepo/packages/common/tsup.config.ts
@tevm/common: [2m[[22m@TEVM/COMMON[2m][22m [34mCLI[39m Target: chrome91,firefox90,edge91,safari15,ios15,opera77
@tevm/common: [2m[[22m@TEVM/COMMON[2m][22m [34mCJS[39m Build start
@tevm/common: [2m[[22m@TEVM/COMMON[2m][22m [34mESM[39m Build start
@tevm/jsonrpc: [2m[[22m@TEVM/JSONRPC[2m][22m [34mDTS[39m Build start
@tevm/common: [2m[[22m@TEVM/COMMON[2m][22m [32mESM[39m [1mdist/index.js     [22m[32m53.08 KB[39m
@tevm/common: [2m[[22m@TEVM/COMMON[2m][22m [32mESM[39m [1mdist/index.js.map [22m[32m359.26 KB[39m
@tevm/common: [2m[[22m@TEVM/COMMON[2m][22m [32mESM[39m ⚡️ Build success in 225ms
@tevm/common: [2m[[22m@TEVM/COMMON[2m][22m [32mCJS[39m [1mdist/index.cjs     [22m[32m52.69 KB[39m
@tevm/common: [2m[[22m@TEVM/COMMON[2m][22m [32mCJS[39m [1mdist/index.cjs.map [22m[32m359.51 KB[39m
@tevm/common: [2m[[22m@TEVM/COMMON[2m][22m [32mCJS[39m ⚡️ Build success in 225ms

> nx run @tevm/contract:"build:dist"

@tevm/contract: > @tevm/contract@1.0.0-next.149 build:dist /Users/williamcory/tevm-monorepo/packages/contract
@tevm/contract: > tsup
@tevm/contract: [2m[[22m@TEVM/CONTRACT[2m][22m [34mCLI[39m Building entry: src/index.ts
@tevm/contract: [2m[[22m@TEVM/CONTRACT[2m][22m [34mCLI[39m Using tsconfig: tsconfig.json
@tevm/contract: [2m[[22m@TEVM/CONTRACT[2m][22m [34mCLI[39m tsup v8.5.1
@tevm/contract: [2m[[22m@TEVM/CONTRACT[2m][22m [34mCLI[39m Using tsup config: /Users/williamcory/tevm-monorepo/packages/contract/tsup.config.js
@tevm/contract: [2m[[22m@TEVM/CONTRACT[2m][22m [34mCLI[39m Target: chrome91,firefox90,edge91,safari15,ios15,opera77
@tevm/contract: [2m[[22m@TEVM/CONTRACT[2m][22m [34mCJS[39m Build start
@tevm/contract: [2m[[22m@TEVM/CONTRACT[2m][22m [34mESM[39m Build start
@tevm/contract: [2m[[22m@TEVM/CONTRACT[2m][22m [32mCJS[39m [1mdist/index.cjs     [22m[32m96.99 KB[39m
@tevm/contract: [2m[[22m@TEVM/CONTRACT[2m][22m [32mCJS[39m [1mdist/index.cjs.map [22m[32m167.59 KB[39m
@tevm/contract: [2m[[22m@TEVM/CONTRACT[2m][22m [32mCJS[39m ⚡️ Build success in 72ms
@tevm/contract: [2m[[22m@TEVM/CONTRACT[2m][22m [32mESM[39m [1mdist/index.js     [22m[32m96.81 KB[39m
@tevm/contract: [2m[[22m@TEVM/CONTRACT[2m][22m [32mESM[39m [1mdist/index.js.map [22m[32m167.52 KB[39m
@tevm/contract: [2m[[22m@TEVM/CONTRACT[2m][22m [32mESM[39m ⚡️ Build success in 72ms

> nx run @tevm/address:"build:dist"

@tevm/jsonrpc: [2m[[22m@TEVM/JSONRPC[2m][22m [32mDTS[39m ⚡️ Build success in 904ms
@tevm/jsonrpc: [2m[[22m@TEVM/JSONRPC[2m][22m [32mDTS[39m [1mdist/index.d.cts [22m[32m1.55 KB[39m
@tevm/jsonrpc: [2m[[22m@TEVM/JSONRPC[2m][22m [32mDTS[39m [1mdist/index.d.ts  [22m[32m1.55 KB[39m
@tevm/address: > @tevm/address@1.0.0-next.148 build:dist /Users/williamcory/tevm-monorepo/packages/address
@tevm/address: > tsup
@tevm/errors: [2m[[22m@TEVM/ERRORS[2m][22m [32mDTS[39m ⚡️ Build success in 1364ms
@tevm/errors: [2m[[22m@TEVM/ERRORS[2m][22m [32mDTS[39m [1mdist/index.d.cts [22m[32m342.46 KB[39m
@tevm/errors: [2m[[22m@TEVM/ERRORS[2m][22m [32mDTS[39m [1mdist/index.d.ts  [22m[32m342.46 KB[39m
@tevm/address: [2m[[22m@TEVM/ADDRESS[2m][22m [34mCLI[39m Building entry: src/index.ts
@tevm/address: [2m[[22m@TEVM/ADDRESS[2m][22m [34mCLI[39m Using tsconfig: tsconfig.json
@tevm/address: [2m[[22m@TEVM/ADDRESS[2m][22m [34mCLI[39m tsup v8.5.1
@tevm/address: [2m[[22m@TEVM/ADDRESS[2m][22m [34mCLI[39m Using tsup config: /Users/williamcory/tevm-monorepo/packages/address/tsup.config.ts
@tevm/address: [2m[[22m@TEVM/ADDRESS[2m][22m [34mCLI[39m Target: chrome91,firefox90,edge91,safari15,ios15,opera77
@tevm/address: [2m[[22m@TEVM/ADDRESS[2m][22m [34mCJS[39m Build start
@tevm/address: [2m[[22m@TEVM/ADDRESS[2m][22m [34mESM[39m Build start
@tevm/address: [2m[[22m@TEVM/ADDRESS[2m][22m [32mESM[39m [1mdist/index.js     [22m[32m3.76 KB[39m
@tevm/address: [2m[[22m@TEVM/ADDRESS[2m][22m [32mESM[39m [1mdist/index.js.map [22m[32m18.35 KB[39m
@tevm/address: [2m[[22m@TEVM/ADDRESS[2m][22m [32mESM[39m ⚡️ Build success in 50ms
@tevm/address: [2m[[22m@TEVM/ADDRESS[2m][22m [32mCJS[39m [1mdist/index.cjs     [22m[32m3.88 KB[39m
@tevm/address: [2m[[22m@TEVM/ADDRESS[2m][22m [32mCJS[39m [1mdist/index.cjs.map [22m[32m18.47 KB[39m
@tevm/address: [2m[[22m@TEVM/ADDRESS[2m][22m [32mCJS[39m ⚡️ Build success in 50ms

> nx run @tevm/block:"build:dist"


> nx run @tevm/logger:"build:types"

@tevm/block: > @tevm/block@1.0.0-next.148 build:dist /Users/williamcory/tevm-monorepo/packages/block
@tevm/block: > tsup
@tevm/logger: > @tevm/logger@1.0.0-next.148 build:types /Users/williamcory/tevm-monorepo/packages/logger
@tevm/logger: > tsup --dts-only
@tevm/block: [2m[[22m@TEVM/BLOCK[2m][22m [34mCLI[39m Building entry: src/index.ts
@tevm/block: [2m[[22m@TEVM/BLOCK[2m][22m [34mCLI[39m Using tsconfig: tsconfig.json
@tevm/block: [2m[[22m@TEVM/BLOCK[2m][22m [34mCLI[39m tsup v8.5.1
@tevm/block: [2m[[22m@TEVM/BLOCK[2m][22m [34mCLI[39m Using tsup config: /Users/williamcory/tevm-monorepo/packages/block/tsup.config.ts
@tevm/block: [2m[[22m@TEVM/BLOCK[2m][22m [34mCLI[39m Target: chrome91,firefox90,edge91,safari15,ios15,opera77
@tevm/block: [2m[[22m@TEVM/BLOCK[2m][22m [34mCJS[39m Build start
@tevm/block: [2m[[22m@TEVM/BLOCK[2m][22m [34mESM[39m Build start
@tevm/logger: [2m[[22m@TEVM/LOGGER[2m][22m [34mCLI[39m Building entry: src/index.ts
@tevm/logger: [2m[[22m@TEVM/LOGGER[2m][22m [34mCLI[39m Using tsconfig: tsconfig.json
@tevm/logger: [2m[[22m@TEVM/LOGGER[2m][22m [34mCLI[39m tsup v8.5.1
@tevm/logger: [2m[[22m@TEVM/LOGGER[2m][22m [34mCLI[39m Using tsup config: /Users/williamcory/tevm-monorepo/packages/logger/tsup.config.js

> nx run @tevm/utils:"build:types"

@tevm/block: [2m[[22m@TEVM/BLOCK[2m][22m [32mCJS[39m [1mdist/index.cjs     [22m[32m71.45 KB[39m
@tevm/block: [2m[[22m@TEVM/BLOCK[2m][22m [32mCJS[39m [1mdist/index.cjs.map [22m[32m160.85 KB[39m
@tevm/block: [2m[[22m@TEVM/BLOCK[2m][22m [32mCJS[39m ⚡️ Build success in 163ms
@tevm/block: [2m[[22m@TEVM/BLOCK[2m][22m [32mESM[39m [1mdist/index.js     [22m[32m70.50 KB[39m
@tevm/block: [2m[[22m@TEVM/BLOCK[2m][22m [32mESM[39m [1mdist/index.js.map [22m[32m160.41 KB[39m
@tevm/block: [2m[[22m@TEVM/BLOCK[2m][22m [32mESM[39m ⚡️ Build success in 164ms

> nx run @tevm/solc:"build:dist"

@tevm/logger: [2m[[22m@TEVM/LOGGER[2m][22m [34mDTS[39m Build start
@tevm/utils: > @tevm/utils@1.0.0-next.148 build:types /Users/williamcory/tevm-monorepo/packages/utils
@tevm/utils: > tsup --dts-only && tsc --emitDeclarationOnly --declaration
@tevm/solc: > @tevm/solc@1.0.0-next.148 build:dist /Users/williamcory/tevm-monorepo/bundler-packages/solc
@tevm/solc: > tsup
@tevm/utils: [2m[[22m@TEVM/UTILS[2m][22m [34mCLI[39m Building entry: src/index.ts
@tevm/utils: [2m[[22m@TEVM/UTILS[2m][22m [34mCLI[39m Using tsconfig: tsconfig.json
@tevm/utils: [2m[[22m@TEVM/UTILS[2m][22m [34mCLI[39m tsup v8.5.1
@tevm/utils: [2m[[22m@TEVM/UTILS[2m][22m [34mCLI[39m Using tsup config: /Users/williamcory/tevm-monorepo/packages/utils/tsup.config.ts
@tevm/logger: [2m[[22m@TEVM/LOGGER[2m][22m [32mDTS[39m ⚡️ Build success in 435ms
@tevm/logger: [2m[[22m@TEVM/LOGGER[2m][22m [32mDTS[39m [1mdist/index.d.cts [22m[32m1.45 KB[39m
@tevm/logger: [2m[[22m@TEVM/LOGGER[2m][22m [32mDTS[39m [1mdist/index.d.ts  [22m[32m1.45 KB[39m

> nx run @tevm/predeploys:"build:dist"

@tevm/solc: [2m[[22m@TEVM/SOLC[2m][22m [34mCLI[39m Building entry: src/index.ts
@tevm/solc: [2m[[22m@TEVM/SOLC[2m][22m [34mCLI[39m Using tsconfig: tsconfig.json
@tevm/solc: [2m[[22m@TEVM/SOLC[2m][22m [34mCLI[39m tsup v8.5.1
@tevm/solc: [2m[[22m@TEVM/SOLC[2m][22m [34mCLI[39m Using tsup config: /Users/williamcory/tevm-monorepo/bundler-packages/solc/tsup.config.ts
@tevm/solc: [2m[[22m@TEVM/SOLC[2m][22m [34mCLI[39m Target: node16
@tevm/solc: [2m[[22m@TEVM/SOLC[2m][22m [34mCJS[39m Build start
@tevm/solc: [2m[[22m@TEVM/SOLC[2m][22m [34mESM[39m Build start
@tevm/solc: [2m[[22m@TEVM/SOLC[2m][22m [32mESM[39m [1mdist/index.js     [22m[32m4.98 KB[39m
@tevm/solc: [2m[[22m@TEVM/SOLC[2m][22m [32mESM[39m [1mdist/index.js.map [22m[32m9.29 KB[39m
@tevm/solc: [2m[[22m@TEVM/SOLC[2m][22m [32mESM[39m ⚡️ Build success in 47ms
@tevm/solc: [2m[[22m@TEVM/SOLC[2m][22m [32mCJS[39m [1mdist/index.cjs     [22m[32m5.20 KB[39m
@tevm/solc: [2m[[22m@TEVM/SOLC[2m][22m [32mCJS[39m [1mdist/index.cjs.map [22m[32m9.30 KB[39m
@tevm/solc: [2m[[22m@TEVM/SOLC[2m][22m [32mCJS[39m ⚡️ Build success in 47ms

> nx run @tevm/solc:"build:types"

@tevm/utils: [2m[[22m@TEVM/UTILS[2m][22m [34mDTS[39m Build start
@tevm/predeploys: > @tevm/predeploys@1.0.0-next.148 build:dist /Users/williamcory/tevm-monorepo/packages/predeploys
@tevm/predeploys: > tsup
@tevm/solc: > @tevm/solc@1.0.0-next.148 build:types /Users/williamcory/tevm-monorepo/bundler-packages/solc
@tevm/solc: > tsup --dts-only && tsc --emitDeclarationOnly --declaration
@tevm/predeploys: [2m[[22m@TEVM/PREDEPLOYS[2m][22m [34mCLI[39m Building entry: src/index.ts
@tevm/predeploys: [2m[[22m@TEVM/PREDEPLOYS[2m][22m [34mCLI[39m Using tsconfig: tsconfig.json
@tevm/predeploys: [2m[[22m@TEVM/PREDEPLOYS[2m][22m [34mCLI[39m tsup v8.5.1
@tevm/predeploys: [2m[[22m@TEVM/PREDEPLOYS[2m][22m [34mCLI[39m Using tsup config: /Users/williamcory/tevm-monorepo/packages/predeploys/tsup.config.js
@tevm/predeploys: [2m[[22m@TEVM/PREDEPLOYS[2m][22m [34mCLI[39m Target: chrome91,firefox90,edge91,safari15,ios15,opera77
@tevm/predeploys: [2m[[22m@TEVM/PREDEPLOYS[2m][22m [34mCJS[39m Build start
@tevm/predeploys: [2m[[22m@TEVM/PREDEPLOYS[2m][22m [34mESM[39m Build start
@tevm/predeploys: [2m[[22m@TEVM/PREDEPLOYS[2m][22m [32mESM[39m [1mdist/index.js     [22m[32m356.00 B[39m
@tevm/predeploys: [2m[[22m@TEVM/PREDEPLOYS[2m][22m [32mESM[39m [1mdist/index.js.map [22m[32m1.35 KB[39m
@tevm/predeploys: [2m[[22m@TEVM/PREDEPLOYS[2m][22m [32mESM[39m ⚡️ Build success in 28ms
@tevm/predeploys: [2m[[22m@TEVM/PREDEPLOYS[2m][22m [32mCJS[39m [1mdist/index.cjs     [22m[32m389.00 B[39m
@tevm/predeploys: [2m[[22m@TEVM/PREDEPLOYS[2m][22m [32mCJS[39m [1mdist/index.cjs.map [22m[32m1.37 KB[39m
@tevm/predeploys: [2m[[22m@TEVM/PREDEPLOYS[2m][22m [32mCJS[39m ⚡️ Build success in 28ms

> nx run @tevm/consensus:"build:types"

@tevm/solc: [2m[[22m@TEVM/SOLC[2m][22m [34mCLI[39m Building entry: src/index.ts
@tevm/solc: [2m[[22m@TEVM/SOLC[2m][22m [34mCLI[39m Using tsconfig: tsconfig.json
@tevm/solc: [2m[[22m@TEVM/SOLC[2m][22m [34mCLI[39m tsup v8.5.1
@tevm/solc: [2m[[22m@TEVM/SOLC[2m][22m [34mCLI[39m Using tsup config: /Users/williamcory/tevm-monorepo/bundler-packages/solc/tsup.config.ts
@tevm/solc: [2m[[22m@TEVM/SOLC[2m][22m [34mDTS[39m Build start
@tevm/consensus: > @tevm/consensus@1.0.0-next.148 build:types /Users/williamcory/tevm-monorepo/packages/consensus
@tevm/consensus: > tsup --dts-only
@tevm/utils: [2m[[22m@TEVM/UTILS[2m][22m [32mDTS[39m ⚡️ Build success in 871ms
@tevm/utils: [2m[[22m@TEVM/UTILS[2m][22m [32mDTS[39m [1mdist/index.d.cts [22m[32m11.46 KB[39m
@tevm/utils: [2m[[22m@TEVM/UTILS[2m][22m [32mDTS[39m [1mdist/index.d.ts  [22m[32m11.46 KB[39m
@tevm/consensus: [2m[[22m@TEVM/CONSENSUS[2m][22m [34mCLI[39m Building entry: src/index.ts
@tevm/consensus: [2m[[22m@TEVM/CONSENSUS[2m][22m [34mCLI[39m Using tsconfig: tsconfig.json
@tevm/consensus: [2m[[22m@TEVM/CONSENSUS[2m][22m [34mCLI[39m tsup v8.5.1
@tevm/consensus: [2m[[22m@TEVM/CONSENSUS[2m][22m [34mCLI[39m Using tsup config: /Users/williamcory/tevm-monorepo/packages/consensus/tsup.config.ts
@tevm/consensus: [2m[[22m@TEVM/CONSENSUS[2m][22m [34mDTS[39m Build start
@tevm/solc: [2m[[22m@TEVM/SOLC[2m][22m [32mDTS[39m ⚡️ Build success in 517ms
@tevm/solc: [2m[[22m@TEVM/SOLC[2m][22m [32mDTS[39m [1mdist/index.d.cts [22m[32m16.88 KB[39m
@tevm/solc: [2m[[22m@TEVM/SOLC[2m][22m [32mDTS[39m [1mdist/index.d.ts  [22m[32m16.88 KB[39m
@tevm/consensus: [2m[[22m@TEVM/CONSENSUS[2m][22m [32mDTS[39m ⚡️ Build success in 450ms
@tevm/consensus: [2m[[22m@TEVM/CONSENSUS[2m][22m [32mDTS[39m [1mdist/index.d.cts [22m[32m2.80 KB[39m
@tevm/consensus: [2m[[22m@TEVM/CONSENSUS[2m][22m [32mDTS[39m [1mdist/index.d.ts  [22m[32m2.80 KB[39m

> nx run @tevm/consensus:"build:dist"

@tevm/consensus: > @tevm/consensus@1.0.0-next.148 build:dist /Users/williamcory/tevm-monorepo/packages/consensus
@tevm/consensus: > tsup

> nx run @tevm/common:"build:types"


> nx run @tevm/contract:"build:types"

@tevm/consensus: [2m[[22m@TEVM/CONSENSUS[2m][22m [34mCLI[39m Building entry: src/index.ts
@tevm/consensus: [2m[[22m@TEVM/CONSENSUS[2m][22m [34mCLI[39m Using tsconfig: tsconfig.json
@tevm/consensus: [2m[[22m@TEVM/CONSENSUS[2m][22m [34mCLI[39m tsup v8.5.1
@tevm/consensus: [2m[[22m@TEVM/CONSENSUS[2m][22m [34mCLI[39m Using tsup config: /Users/williamcory/tevm-monorepo/packages/consensus/tsup.config.ts
@tevm/consensus: [2m[[22m@TEVM/CONSENSUS[2m][22m [34mCLI[39m Target: chrome91,firefox90,edge91,safari15,ios15,opera77
@tevm/consensus: [2m[[22m@TEVM/CONSENSUS[2m][22m [34mCJS[39m Build start
@tevm/consensus: [2m[[22m@TEVM/CONSENSUS[2m][22m [34mESM[39m Build start
@tevm/consensus: [2m[[22m@TEVM/CONSENSUS[2m][22m [32mESM[39m [1mdist/index.js     [22m[32m1.70 KB[39m
@tevm/consensus: [2m[[22m@TEVM/CONSENSUS[2m][22m [32mESM[39m [1mdist/index.js.map [22m[32m3.87 KB[39m
@tevm/consensus: [2m[[22m@TEVM/CONSENSUS[2m][22m [32mESM[39m ⚡️ Build success in 38ms
@tevm/consensus: [2m[[22m@TEVM/CONSENSUS[2m][22m [32mCJS[39m [1mdist/index.cjs     [22m[32m1.79 KB[39m
@tevm/consensus: [2m[[22m@TEVM/CONSENSUS[2m][22m [32mCJS[39m [1mdist/index.cjs.map [22m[32m3.87 KB[39m
@tevm/consensus: [2m[[22m@TEVM/CONSENSUS[2m][22m [32mCJS[39m ⚡️ Build success in 38ms

> nx run @tevm/address:"build:types"

@tevm/contract: > @tevm/contract@1.0.0-next.149 build:types /Users/williamcory/tevm-monorepo/packages/contract
@tevm/contract: > tsup --dts-only && tsc --emitDeclarationOnly --declaration
@tevm/common: > @tevm/common@1.0.0-next.148 build:types /Users/williamcory/tevm-monorepo/packages/common
@tevm/common: > tsup --dts-only && tsc --emitDeclarationOnly --declaration
@tevm/address: > @tevm/address@1.0.0-next.148 build:types /Users/williamcory/tevm-monorepo/packages/address
@tevm/address: > tsup --dts-only && tsc --emitDeclarationOnly --declaration
@tevm/contract: [2m[[22m@TEVM/CONTRACT[2m][22m [34mCLI[39m Building entry: src/index.ts
@tevm/common: [2m[[22m@TEVM/COMMON[2m][22m [34mCLI[39m Building entry: src/index.ts
@tevm/common: [2m[[22m@TEVM/COMMON[2m][22m [34mCLI[39m Using tsconfig: tsconfig.json
@tevm/common: [2m[[22m@TEVM/COMMON[2m][22m [34mCLI[39m tsup v8.5.1
@tevm/common: [2m[[22m@TEVM/COMMON[2m][22m [34mCLI[39m Using tsup config: /Users/williamcory/tevm-monorepo/packages/common/tsup.config.ts
@tevm/contract: [2m[[22m@TEVM/CONTRACT[2m][22m [34mCLI[39m Using tsconfig: tsconfig.json
@tevm/contract: [2m[[22m@TEVM/CONTRACT[2m][22m [34mCLI[39m tsup v8.5.1
@tevm/contract: [2m[[22m@TEVM/CONTRACT[2m][22m [34mCLI[39m Using tsup config: /Users/williamcory/tevm-monorepo/packages/contract/tsup.config.js
@tevm/address: [2m[[22m@TEVM/ADDRESS[2m][22m [34mCLI[39m Building entry: src/index.ts
@tevm/address: [2m[[22m@TEVM/ADDRESS[2m][22m [34mCLI[39m Using tsconfig: tsconfig.json
@tevm/address: [2m[[22m@TEVM/ADDRESS[2m][22m [34mCLI[39m tsup v8.5.1
@tevm/address: [2m[[22m@TEVM/ADDRESS[2m][22m [34mCLI[39m Using tsup config: /Users/williamcory/tevm-monorepo/packages/address/tsup.config.ts
@tevm/contract: [2m[[22m@TEVM/CONTRACT[2m][22m [34mDTS[39m Build start
@tevm/common: [2m[[22m@TEVM/COMMON[2m][22m [34mDTS[39m Build start
@tevm/address: [2m[[22m@TEVM/ADDRESS[2m][22m [34mDTS[39m Build start
@tevm/address: [2m[[22m@TEVM/ADDRESS[2m][22m [32mDTS[39m ⚡️ Build success in 784ms
@tevm/address: [2m[[22m@TEVM/ADDRESS[2m][22m [32mDTS[39m [1mdist/index.d.cts [22m[32m2.11 KB[39m
@tevm/address: [2m[[22m@TEVM/ADDRESS[2m][22m [32mDTS[39m [1mdist/index.d.ts  [22m[32m2.11 KB[39m
@tevm/contract: [2m[[22m@TEVM/CONTRACT[2m][22m [32mDTS[39m ⚡️ Build success in 1008ms
@tevm/contract: [2m[[22m@TEVM/CONTRACT[2m][22m [32mDTS[39m [1mdist/index.d.cts [22m[32m111.92 KB[39m
@tevm/contract: [2m[[22m@TEVM/CONTRACT[2m][22m [32mDTS[39m [1mdist/index.d.ts  [22m[32m111.92 KB[39m
@tevm/common: [2m[[22m@TEVM/COMMON[2m][22m [32mDTS[39m ⚡️ Build success in 1943ms
@tevm/common: [2m[[22m@TEVM/COMMON[2m][22m [32mDTS[39m [1mdist/index.d.cts [22m[32m204.78 KB[39m
@tevm/common: [2m[[22m@TEVM/COMMON[2m][22m [32mDTS[39m [1mdist/index.d.ts  [22m[32m204.78 KB[39m

> nx run @tevm/effect:"build:dist"

@tevm/effect: > @tevm/effect@1.0.0-next.148 build:dist /Users/williamcory/tevm-monorepo/packages/effect
@tevm/effect: > tsup

> nx run @tevm/predeploys:"build:types"

@tevm/effect: [2m[[22m@TEVM/EFFECT[2m][22m [34mCLI[39m Building entry: src/index.js
@tevm/effect: [2m[[22m@TEVM/EFFECT[2m][22m [34mCLI[39m Using tsconfig: tsconfig.json
@tevm/effect: [2m[[22m@TEVM/EFFECT[2m][22m [34mCLI[39m tsup v8.5.1
@tevm/effect: [2m[[22m@TEVM/EFFECT[2m][22m [34mCLI[39m Using tsup config: /Users/williamcory/tevm-monorepo/packages/effect/tsup.config.js
@tevm/effect: [2m[[22m@TEVM/EFFECT[2m][22m [34mCLI[39m Target: chrome91,firefox90,edge91,safari15,ios15,opera77
@tevm/effect: [2m[[22m@TEVM/EFFECT[2m][22m [34mCJS[39m Build start
@tevm/effect: [2m[[22m@TEVM/EFFECT[2m][22m [34mESM[39m Build start
@tevm/effect: [2m[[22m@TEVM/EFFECT[2m][22m [32mESM[39m [1mdist/index.js     [22m[32m4.08 KB[39m
@tevm/effect: [2m[[22m@TEVM/EFFECT[2m][22m [32mESM[39m [1mdist/index.js.map [22m[32m10.68 KB[39m
@tevm/effect: [2m[[22m@TEVM/EFFECT[2m][22m [32mESM[39m ⚡️ Build success in 53ms
@tevm/effect: [2m[[22m@TEVM/EFFECT[2m][22m [32mCJS[39m [1mdist/index.cjs     [22m[32m4.56 KB[39m
@tevm/effect: [2m[[22m@TEVM/EFFECT[2m][22m [32mCJS[39m [1mdist/index.cjs.map [22m[32m10.83 KB[39m
@tevm/effect: [2m[[22m@TEVM/EFFECT[2m][22m [32mCJS[39m ⚡️ Build success in 53ms
@tevm/predeploys: > @tevm/predeploys@1.0.0-next.148 build:types /Users/williamcory/tevm-monorepo/packages/predeploys
@tevm/predeploys: > tsup --dts-only && tsc --emitDeclarationOnly --declaration

> nx run @tevm/config:"build:dist"

@tevm/predeploys: [2m[[22m@TEVM/PREDEPLOYS[2m][22m [34mCLI[39m Building entry: src/index.ts
@tevm/predeploys: [2m[[22m@TEVM/PREDEPLOYS[2m][22m [34mCLI[39m Using tsconfig: tsconfig.json
@tevm/predeploys: [2m[[22m@TEVM/PREDEPLOYS[2m][22m [34mCLI[39m tsup v8.5.1
@tevm/predeploys: [2m[[22m@TEVM/PREDEPLOYS[2m][22m [34mCLI[39m Using tsup config: /Users/williamcory/tevm-monorepo/packages/predeploys/tsup.config.js
@tevm/config: > @tevm/config@1.0.0-next.148 build:dist /Users/williamcory/tevm-monorepo/bundler-packages/config
@tevm/config: > tsup
@tevm/predeploys: [2m[[22m@TEVM/PREDEPLOYS[2m][22m [34mDTS[39m Build start
@tevm/config: [2m[[22m@TEVM/CONFIG[2m][22m [34mCLI[39m Building entry: src/index.js
@tevm/config: [2m[[22m@TEVM/CONFIG[2m][22m [34mCLI[39m Using tsconfig: tsconfig.json
@tevm/config: [2m[[22m@TEVM/CONFIG[2m][22m [34mCLI[39m tsup v8.5.1
@tevm/config: [2m[[22m@TEVM/CONFIG[2m][22m [34mCLI[39m Using tsup config: /Users/williamcory/tevm-monorepo/bundler-packages/config/tsup.config.ts
@tevm/config: [2m[[22m@TEVM/CONFIG[2m][22m [34mCLI[39m Target: node16
@tevm/config: [2m[[22m@TEVM/CONFIG[2m][22m [34mCJS[39m Build start
@tevm/config: [2m[[22m@TEVM/CONFIG[2m][22m [34mESM[39m Build start
@tevm/config: [2m[[22m@TEVM/CONFIG[2m][22m [32mESM[39m [1mdist/index.js     [22m[32m19.33 KB[39m
@tevm/config: [2m[[22m@TEVM/CONFIG[2m][22m [32mESM[39m [1mdist/index.js.map [22m[32m45.95 KB[39m
@tevm/config: [2m[[22m@TEVM/CONFIG[2m][22m [32mESM[39m ⚡️ Build success in 89ms
@tevm/config: [2m[[22m@TEVM/CONFIG[2m][22m [32mCJS[39m [1mdist/index.cjs     [22m[32m20.82 KB[39m
@tevm/config: [2m[[22m@TEVM/CONFIG[2m][22m [32mCJS[39m [1mdist/index.cjs.map [22m[32m46.17 KB[39m
@tevm/config: [2m[[22m@TEVM/CONFIG[2m][22m [32mCJS[39m ⚡️ Build success in 89ms

> nx run @tevm/resolutions:"build:dist"

@tevm/resolutions: > @tevm/resolutions@1.0.0-next.148 build:dist /Users/williamcory/tevm-monorepo/bundler-packages/resolutions
@tevm/resolutions: > tsup
@tevm/common: [96msrc/createCommon.js[0m:[93m5[0m:[93m28[0m - [91merror[0m[90m TS7006: [0mParameter 'hardfork' implicitly has an 'any' type.
@tevm/common: [7m5[0m const normalizeHardfork = (hardfork) =>
@tevm/common: [7m [0m [91m                           ~~~~~~~~[0m
@tevm/common: Found 1 error in src/createCommon.js[90m:5[0m
@tevm/common: [41m[30m ELIFECYCLE [39m[49m [31mCommand failed with exit code 2.[39m
@tevm/predeploys: [2m[[22m@TEVM/PREDEPLOYS[2m][22m [32mDTS[39m ⚡️ Build success in 795ms
@tevm/predeploys: [2m[[22m@TEVM/PREDEPLOYS[2m][22m [32mDTS[39m [1mdist/index.d.cts [22m[32m2.19 KB[39m
@tevm/predeploys: [2m[[22m@TEVM/PREDEPLOYS[2m][22m [32mDTS[39m [1mdist/index.d.ts  [22m[32m2.19 KB[39m

> nx run @tevm/tx:"build:types"

@tevm/resolutions: [2m[[22m@TEVM/RESOLUTIONS[2m][22m [34mCLI[39m Building entry: src/index.js
@tevm/resolutions: [2m[[22m@TEVM/RESOLUTIONS[2m][22m [34mCLI[39m Using tsconfig: tsconfig.json
@tevm/resolutions: [2m[[22m@TEVM/RESOLUTIONS[2m][22m [34mCLI[39m tsup v8.5.1
@tevm/resolutions: [2m[[22m@TEVM/RESOLUTIONS[2m][22m [34mCLI[39m Using tsup config: /Users/williamcory/tevm-monorepo/bundler-packages/resolutions/tsup.config.ts
@tevm/resolutions: [2m[[22m@TEVM/RESOLUTIONS[2m][22m [34mCLI[39m Target: node16
@tevm/resolutions: [2m[[22m@TEVM/RESOLUTIONS[2m][22m [34mCJS[39m Build start
@tevm/resolutions: [2m[[22m@TEVM/RESOLUTIONS[2m][22m [34mESM[39m Build start
@tevm/resolutions: [2m[[22m@TEVM/RESOLUTIONS[2m][22m [32mCJS[39m [1mdist/index.cjs     [22m[32m8.71 KB[39m
@tevm/resolutions: [2m[[22m@TEVM/RESOLUTIONS[2m][22m [32mCJS[39m [1mdist/index.cjs.map [22m[32m22.71 KB[39m
@tevm/resolutions: [2m[[22m@TEVM/RESOLUTIONS[2m][22m [32mCJS[39m ⚡️ Build success in 67ms
@tevm/resolutions: [2m[[22m@TEVM/RESOLUTIONS[2m][22m [32mESM[39m [1mdist/index.js     [22m[32m8.42 KB[39m
@tevm/resolutions: [2m[[22m@TEVM/RESOLUTIONS[2m][22m [32mESM[39m [1mdist/index.js.map [22m[32m22.64 KB[39m
@tevm/resolutions: [2m[[22m@TEVM/RESOLUTIONS[2m][22m [32mESM[39m ⚡️ Build success in 67ms
@tevm/tx: > @tevm/tx@1.0.0-next.148 build:types /Users/williamcory/tevm-monorepo/packages/tx
@tevm/tx: > tsup --dts-only && tsc --emitDeclarationOnly --declaration

> nx run @tevm/compiler:"build:dist"

@tevm/tx: [2m[[22m@TEVM/TX[2m][22m [34mCLI[39m Building entry: src/index.ts
@tevm/tx: [2m[[22m@TEVM/TX[2m][22m [34mCLI[39m Using tsconfig: tsconfig.json
@tevm/tx: [2m[[22m@TEVM/TX[2m][22m [34mCLI[39m tsup v8.5.1
@tevm/tx: [2m[[22m@TEVM/TX[2m][22m [34mCLI[39m Using tsup config: /Users/williamcory/tevm-monorepo/packages/tx/tsup.config.ts
@tevm/tx: [2m[[22m@TEVM/TX[2m][22m [34mDTS[39m Build start
@tevm/compiler: > @tevm/compiler@1.0.0-next.148 build:dist /Users/williamcory/tevm-monorepo/bundler-packages/compiler
@tevm/compiler: > tsup

> nx run @tevm/effect:"build:types"

@tevm/compiler: [2m[[22m@TEVM/COMPILER[2m][22m [34mCLI[39m Building entry: src/index.js
@tevm/compiler: [2m[[22m@TEVM/COMPILER[2m][22m [34mCLI[39m Using tsconfig: tsconfig.json
@tevm/compiler: [2m[[22m@TEVM/COMPILER[2m][22m [34mCLI[39m tsup v8.5.1
@tevm/compiler: [2m[[22m@TEVM/COMPILER[2m][22m [34mCLI[39m Using tsup config: /Users/williamcory/tevm-monorepo/bundler-packages/compiler/tsup.config.ts
@tevm/compiler: [2m[[22m@TEVM/COMPILER[2m][22m [34mCLI[39m Target: node16
@tevm/compiler: [2m[[22m@TEVM/COMPILER[2m][22m [34mCJS[39m Build start
@tevm/compiler: [2m[[22m@TEVM/COMPILER[2m][22m [34mESM[39m Build start
@tevm/compiler: [2m[[22m@TEVM/COMPILER[2m][22m [32mESM[39m [1mdist/index.js     [22m[32m9.86 KB[39m
@tevm/compiler: [2m[[22m@TEVM/COMPILER[2m][22m [32mESM[39m [1mdist/index.js.map [22m[32m22.32 KB[39m
@tevm/compiler: [2m[[22m@TEVM/COMPILER[2m][22m [32mESM[39m ⚡️ Build success in 72ms
@tevm/compiler: [2m[[22m@TEVM/COMPILER[2m][22m [32mCJS[39m [1mdist/index.cjs     [22m[32m10.16 KB[39m
@tevm/compiler: [2m[[22m@TEVM/COMPILER[2m][22m [32mCJS[39m [1mdist/index.cjs.map [22m[32m22.37 KB[39m
@tevm/compiler: [2m[[22m@TEVM/COMPILER[2m][22m [32mCJS[39m ⚡️ Build success in 72ms
@tevm/tx: [2m[[22m@TEVM/TX[2m][22m [32mDTS[39m ⚡️ Build success in 457ms
@tevm/tx: [2m[[22m@TEVM/TX[2m][22m [32mDTS[39m [1mdist/index.d.cts [22m[32m954.00 B[39m
@tevm/tx: [2m[[22m@TEVM/TX[2m][22m [32mDTS[39m [1mdist/index.d.ts  [22m[32m954.00 B[39m
@tevm/effect: > @tevm/effect@1.0.0-next.148 build:types /Users/williamcory/tevm-monorepo/packages/effect
@tevm/effect: > tsup --dts-only && tsc --emitDeclarationOnly --declaration

> nx run @tevm/bundler-cache:"build:dist"

@tevm/effect: [2m[[22m@TEVM/EFFECT[2m][22m [34mCLI[39m Building entry: src/index.js
@tevm/effect: [2m[[22m@TEVM/EFFECT[2m][22m [34mCLI[39m Using tsconfig: tsconfig.json
@tevm/effect: [2m[[22m@TEVM/EFFECT[2m][22m [34mCLI[39m tsup v8.5.1
@tevm/effect: [2m[[22m@TEVM/EFFECT[2m][22m [34mCLI[39m Using tsup config: /Users/williamcory/tevm-monorepo/packages/effect/tsup.config.js
@tevm/effect: [2m[[22m@TEVM/EFFECT[2m][22m [34mDTS[39m Build start

> nx run @tevm/runtime:"build:dist"

@tevm/bundler-cache: > @tevm/bundler-cache@1.0.0-next.148 build:dist /Users/williamcory/tevm-monorepo/bundler-packages/bundler-cache
@tevm/bundler-cache: > tsup
@tevm/bundler-cache: [2m[[22m@TEVM/BUNDLER-CACHE[2m][22m [34mCLI[39m Building entry: src/index.js
@tevm/bundler-cache: [2m[[22m@TEVM/BUNDLER-CACHE[2m][22m [34mCLI[39m Using tsconfig: tsconfig.json
@tevm/bundler-cache: [2m[[22m@TEVM/BUNDLER-CACHE[2m][22m [34mCLI[39m tsup v8.5.1
@tevm/bundler-cache: [2m[[22m@TEVM/BUNDLER-CACHE[2m][22m [34mCLI[39m Using tsup config: /Users/williamcory/tevm-monorepo/bundler-packages/bundler-cache/tsup.config.ts
@tevm/bundler-cache: [2m[[22m@TEVM/BUNDLER-CACHE[2m][22m [34mCLI[39m Target: node16
@tevm/bundler-cache: [2m[[22m@TEVM/BUNDLER-CACHE[2m][22m [34mCJS[39m Build start
@tevm/bundler-cache: [2m[[22m@TEVM/BUNDLER-CACHE[2m][22m [34mESM[39m Build start
@tevm/bundler-cache: [2m[[22m@TEVM/BUNDLER-CACHE[2m][22m [32mESM[39m [1mdist/index.js     [22m[32m12.33 KB[39m
@tevm/bundler-cache: [2m[[22m@TEVM/BUNDLER-CACHE[2m][22m [32mESM[39m [1mdist/index.js.map [22m[32m36.81 KB[39m
@tevm/bundler-cache: [2m[[22m@TEVM/BUNDLER-CACHE[2m][22m [32mESM[39m ⚡️ Build success in 67ms
@tevm/bundler-cache: [2m[[22m@TEVM/BUNDLER-CACHE[2m][22m [32mCJS[39m [1mdist/index.cjs     [22m[32m12.87 KB[39m
@tevm/bundler-cache: [2m[[22m@TEVM/BUNDLER-CACHE[2m][22m [32mCJS[39m [1mdist/index.cjs.map [22m[32m36.85 KB[39m
@tevm/bundler-cache: [2m[[22m@TEVM/BUNDLER-CACHE[2m][22m [32mCJS[39m ⚡️ Build success in 67ms
@tevm/runtime: > @tevm/runtime@1.0.0-next.148 build:dist /Users/williamcory/tevm-monorepo/bundler-packages/runtime
@tevm/runtime: > tsup

> nx run @tevm/resolutions:"build:types"

@tevm/runtime: [2m[[22m@TEVM/RUNTIME[2m][22m [34mCLI[39m Building entry: src/index.js
@tevm/runtime: [2m[[22m@TEVM/RUNTIME[2m][22m [34mCLI[39m Using tsconfig: tsconfig.json
@tevm/runtime: [2m[[22m@TEVM/RUNTIME[2m][22m [34mCLI[39m tsup v8.5.1
@tevm/runtime: [2m[[22m@TEVM/RUNTIME[2m][22m [34mCLI[39m Using tsup config: /Users/williamcory/tevm-monorepo/bundler-packages/runtime/tsup.config.ts
@tevm/runtime: [2m[[22m@TEVM/RUNTIME[2m][22m [34mCLI[39m Target: node16
@tevm/runtime: [2m[[22m@TEVM/RUNTIME[2m][22m [34mCJS[39m Build start
@tevm/runtime: [2m[[22m@TEVM/RUNTIME[2m][22m [34mESM[39m Build start
@tevm/effect: [2m[[22m@TEVM/EFFECT[2m][22m [32mDTS[39m ⚡️ Build success in 698ms
@tevm/effect: [2m[[22m@TEVM/EFFECT[2m][22m [32mDTS[39m [1mdist/index.d.cts [22m[32m3.01 KB[39m
@tevm/effect: [2m[[22m@TEVM/EFFECT[2m][22m [32mDTS[39m [1mdist/index.d.ts  [22m[32m3.01 KB[39m
@tevm/runtime: [2m[[22m@TEVM/RUNTIME[2m][22m [32mCJS[39m [1mdist/index.cjs     [22m[32m6.52 KB[39m
@tevm/runtime: [2m[[22m@TEVM/RUNTIME[2m][22m [32mCJS[39m [1mdist/index.cjs.map [22m[32m18.72 KB[39m
@tevm/runtime: [2m[[22m@TEVM/RUNTIME[2m][22m [32mCJS[39m ⚡️ Build success in 64ms
@tevm/runtime: [2m[[22m@TEVM/RUNTIME[2m][22m [32mESM[39m [1mdist/index.js     [22m[32m6.45 KB[39m
@tevm/runtime: [2m[[22m@TEVM/RUNTIME[2m][22m [32mESM[39m [1mdist/index.js.map [22m[32m18.69 KB[39m
@tevm/runtime: [2m[[22m@TEVM/RUNTIME[2m][22m [32mESM[39m ⚡️ Build success in 64ms
@tevm/resolutions: > @tevm/resolutions@1.0.0-next.148 build:types /Users/williamcory/tevm-monorepo/bundler-packages/resolutions
@tevm/resolutions: > tsup --dts-only && tsc --emitDeclarationOnly --declaration

> nx run @tevm/base-bundler:"build:dist"

@tevm/resolutions: [2m[[22m@TEVM/RESOLUTIONS[2m][22m [34mCLI[39m Building entry: src/index.js
@tevm/resolutions: [2m[[22m@TEVM/RESOLUTIONS[2m][22m [34mCLI[39m Using tsconfig: tsconfig.json
@tevm/resolutions: [2m[[22m@TEVM/RESOLUTIONS[2m][22m [34mCLI[39m tsup v8.5.1
@tevm/resolutions: [2m[[22m@TEVM/RESOLUTIONS[2m][22m [34mCLI[39m Using tsup config: /Users/williamcory/tevm-monorepo/bundler-packages/resolutions/tsup.config.ts
@tevm/resolutions: [2m[[22m@TEVM/RESOLUTIONS[2m][22m [34mDTS[39m Build start
@tevm/base-bundler: > @tevm/base-bundler@1.0.0-next.149 build:dist /Users/williamcory/tevm-monorepo/bundler-packages/base-bundler
@tevm/base-bundler: > tsup

> nx run @tevm/config:"build:types"

@tevm/base-bundler: [2m[[22m@TEVM/BASE-BUNDLER[2m][22m [34mCLI[39m Building entry: src/index.js
@tevm/base-bundler: [2m[[22m@TEVM/BASE-BUNDLER[2m][22m [34mCLI[39m Using tsconfig: tsconfig.json
@tevm/base-bundler: [2m[[22m@TEVM/BASE-BUNDLER[2m][22m [34mCLI[39m tsup v8.5.1
@tevm/base-bundler: [2m[[22m@TEVM/BASE-BUNDLER[2m][22m [34mCLI[39m Using tsup config: /Users/williamcory/tevm-monorepo/bundler-packages/base-bundler/tsup.config.js
@tevm/base-bundler: [2m[[22m@TEVM/BASE-BUNDLER[2m][22m [34mCLI[39m Target: node16
@tevm/base-bundler: [2m[[22m@TEVM/BASE-BUNDLER[2m][22m [34mCJS[39m Build start
@tevm/base-bundler: [2m[[22m@TEVM/BASE-BUNDLER[2m][22m [34mESM[39m Build start
@tevm/base-bundler: [2m[[22m@TEVM/BASE-BUNDLER[2m][22m [32mCJS[39m [1mdist/index.cjs     [22m[32m11.26 KB[39m
@tevm/base-bundler: [2m[[22m@TEVM/BASE-BUNDLER[2m][22m [32mCJS[39m [1mdist/index.cjs.map [22m[32m40.30 KB[39m
@tevm/base-bundler: [2m[[22m@TEVM/BASE-BUNDLER[2m][22m [32mCJS[39m ⚡️ Build success in 67ms
@tevm/base-bundler: [2m[[22m@TEVM/BASE-BUNDLER[2m][22m [32mESM[39m [1mdist/index.js     [22m[32m11.22 KB[39m
@tevm/base-bundler: [2m[[22m@TEVM/BASE-BUNDLER[2m][22m [32mESM[39m [1mdist/index.js.map [22m[32m40.19 KB[39m
@tevm/base-bundler: [2m[[22m@TEVM/BASE-BUNDLER[2m][22m [32mESM[39m ⚡️ Build success in 67ms
@tevm/config: > @tevm/config@1.0.0-next.148 build:types /Users/williamcory/tevm-monorepo/bundler-packages/config
@tevm/config: > tsup --dts-only && tsc --emitDeclarationOnly --declaration

> nx run @tevm/unplugin:"build:dist"

@tevm/resolutions: [2m[[22m@TEVM/RESOLUTIONS[2m][22m [32mDTS[39m ⚡️ Build success in 684ms
@tevm/resolutions: [2m[[22m@TEVM/RESOLUTIONS[2m][22m [32mDTS[39m [1mdist/index.d.cts [22m[32m2.83 KB[39m
@tevm/resolutions: [2m[[22m@TEVM/RESOLUTIONS[2m][22m [32mDTS[39m [1mdist/index.d.ts  [22m[32m2.83 KB[39m
@tevm/config: [2m[[22m@TEVM/CONFIG[2m][22m [34mCLI[39m Building entry: src/index.js
@tevm/config: [2m[[22m@TEVM/CONFIG[2m][22m [34mCLI[39m Using tsconfig: tsconfig.json
@tevm/config: [2m[[22m@TEVM/CONFIG[2m][22m [34mCLI[39m tsup v8.5.1
@tevm/config: [2m[[22m@TEVM/CONFIG[2m][22m [34mCLI[39m Using tsup config: /Users/williamcory/tevm-monorepo/bundler-packages/config/tsup.config.ts
@tevm/unplugin: > @tevm/unplugin@1.0.0-next.148 build:dist /Users/williamcory/tevm-monorepo/bundler-packages/unplugin
@tevm/unplugin: > tsup
@tevm/config: [2m[[22m@TEVM/CONFIG[2m][22m [34mDTS[39m Build start
@tevm/unplugin: [2m[[22m@TEVM/UNPLUGIN[2m][22m [34mCLI[39m Building entry: src/index.ts
@tevm/unplugin: [2m[[22m@TEVM/UNPLUGIN[2m][22m [34mCLI[39m Using tsconfig: tsconfig.json
@tevm/unplugin: [2m[[22m@TEVM/UNPLUGIN[2m][22m [34mCLI[39m tsup v8.5.1
@tevm/unplugin: [2m[[22m@TEVM/UNPLUGIN[2m][22m [34mCLI[39m Using tsup config: /Users/williamcory/tevm-monorepo/bundler-packages/unplugin/tsup.config.ts
@tevm/unplugin: [2m[[22m@TEVM/UNPLUGIN[2m][22m [34mCLI[39m Target: node16
@tevm/unplugin: [2m[[22m@TEVM/UNPLUGIN[2m][22m [34mCJS[39m Build start
@tevm/unplugin: [2m[[22m@TEVM/UNPLUGIN[2m][22m [34mESM[39m Build start
@tevm/unplugin: [2m[[22m@TEVM/UNPLUGIN[2m][22m [32mCJS[39m [1mdist/index.cjs     [22m[32m5.84 KB[39m
@tevm/unplugin: [2m[[22m@TEVM/UNPLUGIN[2m][22m [32mCJS[39m [1mdist/index.cjs.map [22m[32m10.79 KB[39m
@tevm/unplugin: [2m[[22m@TEVM/UNPLUGIN[2m][22m [32mCJS[39m ⚡️ Build success in 51ms
@tevm/unplugin: [2m[[22m@TEVM/UNPLUGIN[2m][22m [32mESM[39m [1mdist/index.js     [22m[32m5.40 KB[39m
@tevm/unplugin: [2m[[22m@TEVM/UNPLUGIN[2m][22m [32mESM[39m [1mdist/index.js.map [22m[32m10.46 KB[39m
@tevm/unplugin: [2m[[22m@TEVM/UNPLUGIN[2m][22m [32mESM[39m ⚡️ Build success in 51ms

> nx run @tevm/ts-plugin:"build:dist"


> nx run @tevm/bun-plugin:"build:dist"

@tevm/config: [2m[[22m@TEVM/CONFIG[2m][22m [32mDTS[39m ⚡️ Build success in 875ms
@tevm/config: [2m[[22m@TEVM/CONFIG[2m][22m [32mDTS[39m [1mdist/index.d.cts [22m[32m9.08 KB[39m
@tevm/config: [2m[[22m@TEVM/CONFIG[2m][22m [32mDTS[39m [1mdist/index.d.ts  [22m[32m9.08 KB[39m
@tevm/ts-plugin: > @tevm/ts-plugin@1.0.0-next.148 build:dist /Users/williamcory/tevm-monorepo/lsp/ts-plugin
@tevm/ts-plugin: > tsup
@tevm/bun-plugin: > @tevm/bun-plugin@1.0.0-next.148 build:dist /Users/williamcory/tevm-monorepo/bundler-packages/bun
@tevm/bun-plugin: > tsup
@tevm/ts-plugin: [2m[[22m@TEVM/TS-PLUGIN[2m][22m [34mCLI[39m Building entry: src/index.ts, src/bin/tevm-gen.ts
@tevm/ts-plugin: [2m[[22m@TEVM/TS-PLUGIN[2m][22m [34mCLI[39m Using tsconfig: tsconfig.json
@tevm/ts-plugin: [2m[[22m@TEVM/TS-PLUGIN[2m][22m [34mCLI[39m tsup v8.5.1
@tevm/ts-plugin: [2m[[22m@TEVM/TS-PLUGIN[2m][22m [34mCLI[39m Using tsup config: /Users/williamcory/tevm-monorepo/lsp/ts-plugin/tsup.config.ts
@tevm/ts-plugin: [2m[[22m@TEVM/TS-PLUGIN[2m][22m [34mCLI[39m Target: node16
@tevm/ts-plugin: [2m[[22m@TEVM/TS-PLUGIN[2m][22m [34mCJS[39m Build start
@tevm/ts-plugin: [2m[[22m@TEVM/TS-PLUGIN[2m][22m [34mESM[39m Build start
@tevm/bun-plugin: [2m[[22m@TEVM/BUN-PLUGIN[2m][22m [34mCLI[39m Building entry: src/index.js
@tevm/bun-plugin: [2m[[22m@TEVM/BUN-PLUGIN[2m][22m [34mCLI[39m Using tsconfig: tsconfig.json
@tevm/bun-plugin: [2m[[22m@TEVM/BUN-PLUGIN[2m][22m [34mCLI[39m tsup v8.5.1
@tevm/bun-plugin: [2m[[22m@TEVM/BUN-PLUGIN[2m][22m [34mCLI[39m Using tsup config: /Users/williamcory/tevm-monorepo/bundler-packages/bun/tsup.config.ts
@tevm/bun-plugin: [2m[[22m@TEVM/BUN-PLUGIN[2m][22m [34mCLI[39m Target: node16
@tevm/bun-plugin: [2m[[22m@TEVM/BUN-PLUGIN[2m][22m [34mCJS[39m Build start
@tevm/bun-plugin: [2m[[22m@TEVM/BUN-PLUGIN[2m][22m [34mESM[39m Build start
@tevm/ts-plugin: [2m[[22m@TEVM/TS-PLUGIN[2m][22m [32mCJS[39m [1mdist/index.cjs            [22m[32m21.57 KB[39m
@tevm/ts-plugin: [2m[[22m@TEVM/TS-PLUGIN[2m][22m [32mCJS[39m [1mdist/bin/tevm-gen.cjs     [22m[32m3.05 KB[39m
@tevm/ts-plugin: [2m[[22m@TEVM/TS-PLUGIN[2m][22m [32mCJS[39m [1mdist/bin/tevm-gen.cjs.map [22m[32m5.52 KB[39m
@tevm/ts-plugin: [2m[[22m@TEVM/TS-PLUGIN[2m][22m [32mCJS[39m [1mdist/index.cjs.map        [22m[32m50.75 KB[39m
@tevm/ts-plugin: [2m[[22m@TEVM/TS-PLUGIN[2m][22m [32mCJS[39m ⚡️ Build success in 105ms
@tevm/ts-plugin: [2m[[22m@TEVM/TS-PLUGIN[2m][22m [32mESM[39m [1mdist/bin/tevm-gen.js     [22m[32m2.27 KB[39m
@tevm/ts-plugin: [2m[[22m@TEVM/TS-PLUGIN[2m][22m [32mESM[39m [1mdist/index.js            [22m[32m20.65 KB[39m
@tevm/ts-plugin: [2m[[22m@TEVM/TS-PLUGIN[2m][22m [32mESM[39m [1mdist/bin/tevm-gen.js.map [22m[32m5.28 KB[39m
@tevm/ts-plugin: [2m[[22m@TEVM/TS-PLUGIN[2m][22m [32mESM[39m [1mdist/index.js.map        [22m[32m50.46 KB[39m
@tevm/ts-plugin: [2m[[22m@TEVM/TS-PLUGIN[2m][22m [32mESM[39m ⚡️ Build success in 105ms
@tevm/bun-plugin: [2m[[22m@TEVM/BUN-PLUGIN[2m][22m [32mESM[39m [1mdist/index.js     [22m[32m5.59 KB[39m
@tevm/bun-plugin: [2m[[22m@TEVM/BUN-PLUGIN[2m][22m [32mESM[39m [1mdist/index.js.map [22m[32m14.53 KB[39m
@tevm/bun-plugin: [2m[[22m@TEVM/BUN-PLUGIN[2m][22m [32mESM[39m ⚡️ Build success in 53ms
@tevm/bun-plugin: [2m[[22m@TEVM/BUN-PLUGIN[2m][22m [32mCJS[39m [1mdist/index.cjs     [22m[32m5.93 KB[39m
@tevm/bun-plugin: [2m[[22m@TEVM/BUN-PLUGIN[2m][22m [32mCJS[39m [1mdist/index.cjs.map [22m[32m14.79 KB[39m
@tevm/bun-plugin: [2m[[22m@TEVM/BUN-PLUGIN[2m][22m [32mCJS[39m ⚡️ Build success in 54ms

> nx run @tevm/esbuild-plugin:"build:dist"


> nx run @tevm/precompiles:"build:dist"

@tevm/esbuild-plugin: > @tevm/esbuild-plugin@1.0.0-next.148 build:dist /Users/williamcory/tevm-monorepo/bundler-packages/esbuild
@tevm/esbuild-plugin: > tsup
@tevm/precompiles: > @tevm/precompiles@1.0.0-next.148 build:dist /Users/williamcory/tevm-monorepo/packages/precompiles
@tevm/precompiles: > tsup
@tevm/config: [96msrc/tsconfig/loadTsConfig.js[0m:[93m87[0m:[93m2[0m - [91merror[0m[90m TS2375: [0mType 'Effect<TsConfig, any, any>' is not assignable to type 'Effect<TsConfig, LoadTsConfigError, never>' with 'exactOptionalPropertyTypes: true'. Consider adding 'undefined' to the types of the target's properties.
@tevm/config:   Type 'any' is not assignable to type 'never'.
@tevm/config: [7m87[0m  return tryEffect({
@tevm/config: [7m  [0m [91m ~~~~~~[0m
@tevm/config: [96msrc/tsconfig/loadTsConfig.js[0m:[93m114[0m:[93m12[0m - [91merror[0m[90m TS2769: [0mNo overload matches this call.
@tevm/config:   Overload 1 of 2, '(...args: ["InvalidConfigError" | "FailedToReadConfigError" | "ParseJsonError", ...("InvalidConfigError" | "FailedToReadConfigError" | "ParseJsonError")[], f: (e: ParseJsonError | FailedToReadConfigError | InvalidTsConfigError) => Effect<...>]): <A, R>(self: Effect<...>) => Effect<...>', gave the following error.
@tevm/config:     Argument of type '"ParseError"' is not assignable to parameter of type '"InvalidConfigError" | "FailedToReadConfigError" | "ParseJsonError"'.
@tevm/config:   Overload 2 of 2, '(self: Effect<any, any, any>, ...args: [any, ...any[], f: (e: any) => Effect<any, any, any>]): Effect<any, any, any>', gave the following error.
@tevm/config:     Argument of type 'string' is not assignable to parameter of type 'Effect<any, any, any>'.
@tevm/config: [7m114[0m   catchTag('ParseError', (cause) => fail(new InvalidTsConfigError({ cause }))),
@tevm/config: [7m   [0m [91m           ~~~~~~~~~~~~[0m
@tevm/config: [96msrc/tsconfig/loadTsConfig.mocks.spec.ts[0m:[93m36[0m:[93m10[0m - [91merror[0m[90m TS18048: [0m'result.compilerOptions' is possibly 'undefined'.
@tevm/config: [7m36[0m   expect(result.compilerOptions.baseUrl).toBe('./src')
@tevm/config: [7m  [0m [91m         ~~~~~~~~~~~~~~~~~~~~~~[0m
@tevm/config: [96msrc/tsconfig/loadTsConfig.mocks.spec.ts[0m:[93m60[0m:[93m10[0m - [91merror[0m[90m TS18048: [0m'result.compilerOptions' is possibly 'undefined'.
@tevm/config: [7m60[0m   expect(result.compilerOptions.baseUrl).toBe('./src')
@tevm/config: [7m  [0m [91m         ~~~~~~~~~~~~~~~~~~~~~~[0m
@tevm/config: [96msrc/tsconfig/loadTsConfig.mocks.spec.ts[0m:[93m78[0m:[93m10[0m - [91merror[0m[90m TS18048: [0m'result.compilerOptions' is possibly 'undefined'.
@tevm/config: [7m78[0m   expect(result.compilerOptions.plugins?.[0]?.name).toBe('some-other-plugin')
@tevm/config: [7m  [0m [91m         ~~~~~~~~~~~~~~~~~~~~~~[0m
@tevm/config: [96msrc/tsconfig/loadTsConfig.spec.ts[0m:[93m125[0m:[93m10[0m - [91merror[0m[90m TS18048: [0m'result.compilerOptions' is possibly 'undefined'.
@tevm/config: [7m125[0m   expect(result.compilerOptions.baseUrl).toBe('./src')
@tevm/config: [7m   [0m [91m         ~~~~~~~~~~~~~~~~~~~~~~[0m
@tevm/config: [96msrc/tsconfig/loadTsConfig.spec.ts[0m:[93m149[0m:[93m10[0m - [91merror[0m[90m TS18048: [0m'result.compilerOptions' is possibly 'undefined'.
@tevm/config: [7m149[0m   expect(result.compilerOptions.plugins?.[0]?.name).toBe('some-other-plugin')
@tevm/config: [7m   [0m [91m         ~~~~~~~~~~~~~~~~~~~~~~[0m
@tevm/config: [96msrc/tsconfig/loadTsConfig.spec.ts[0m:[93m180[0m:[93m10[0m - [91merror[0m[90m TS18048: [0m'result.compilerOptions' is possibly 'undefined'.
@tevm/config: [7m180[0m   expect(result.compilerOptions.baseUrl).toBe('./src')
@tevm/config: [7m   [0m [91m         ~~~~~~~~~~~~~~~~~~~~~~[0m
@tevm/config: [96msrc/tsconfig/loadTsConfig.spec.ts[0m:[93m181[0m:[93m10[0m - [91merror[0m[90m TS18048: [0m'result.compilerOptions' is possibly 'undefined'.
@tevm/config: [7m181[0m   expect(result.compilerOptions.plugins).toBeUndefined()
@tevm/config: [7m   [0m [91m         ~~~~~~~~~~~~~~~~~~~~~~[0m
@tevm/config: [96msrc/tsconfig/loadTsConfig.spec.ts[0m:[93m222[0m:[93m10[0m - [91merror[0m[90m TS18048: [0m'result.compilerOptions' is possibly 'undefined'.
@tevm/config: [7m222[0m   expect(result.compilerOptions.plugins?.[0]).toEqual({ name: 'some-other-plugin' })
@tevm/config: [7m   [0m [91m         ~~~~~~~~~~~~~~~~~~~~~~[0m
@tevm/config: Found 10 errors in 3 files.
@tevm/config: Errors  Files
@tevm/config:      2  src/tsconfig/loadTsConfig.js[90m:87[0m
@tevm/config:      3  src/tsconfig/loadTsConfig.mocks.spec.ts[90m:36[0m
@tevm/config:      5  src/tsconfig/loadTsConfig.spec.ts[90m:125[0m
@tevm/esbuild-plugin: [2m[[22m@TEVM/ESBUILD-PLUGIN[2m][22m [34mCLI[39m Building entry: src/index.js
@tevm/esbuild-plugin: [2m[[22m@TEVM/ESBUILD-PLUGIN[2m][22m [34mCLI[39m Using tsconfig: tsconfig.json
@tevm/esbuild-plugin: [2m[[22m@TEVM/ESBUILD-PLUGIN[2m][22m [34mCLI[39m tsup v8.5.1
@tevm/esbuild-plugin: [2m[[22m@TEVM/ESBUILD-PLUGIN[2m][22m [34mCLI[39m Using tsup config: /Users/williamcory/tevm-monorepo/bundler-packages/esbuild/tsup.config.ts
@tevm/esbuild-plugin: [2m[[22m@TEVM/ESBUILD-PLUGIN[2m][22m [34mCLI[39m Target: node16
@tevm/esbuild-plugin: [2m[[22m@TEVM/ESBUILD-PLUGIN[2m][22m [34mCJS[39m Build start
@tevm/esbuild-plugin: [2m[[22m@TEVM/ESBUILD-PLUGIN[2m][22m [34mESM[39m Build start
@tevm/config: [41m[30m ELIFECYCLE [39m[49m [31mCommand failed with exit code 1.[39m
@tevm/esbuild-plugin: [2m[[22m@TEVM/ESBUILD-PLUGIN[2m][22m [32mESM[39m [1mdist/index.js     [22m[32m252.00 B[39m
@tevm/esbuild-plugin: [2m[[22m@TEVM/ESBUILD-PLUGIN[2m][22m [32mESM[39m [1mdist/index.js.map [22m[32m3.63 KB[39m
@tevm/esbuild-plugin: [2m[[22m@TEVM/ESBUILD-PLUGIN[2m][22m [32mESM[39m ⚡️ Build success in 25ms
@tevm/esbuild-plugin: [2m[[22m@TEVM/ESBUILD-PLUGIN[2m][22m [32mCJS[39m [1mdist/index.cjs     [22m[32m283.00 B[39m
@tevm/esbuild-plugin: [2m[[22m@TEVM/ESBUILD-PLUGIN[2m][22m [32mCJS[39m [1mdist/index.cjs.map [22m[32m3.66 KB[39m
@tevm/esbuild-plugin: [2m[[22m@TEVM/ESBUILD-PLUGIN[2m][22m [32mCJS[39m ⚡️ Build success in 25ms
@tevm/precompiles: [2m[[22m@TEVM/PRECOMPILES[2m][22m [34mCLI[39m Building entry: src/index.ts
@tevm/precompiles: [2m[[22m@TEVM/PRECOMPILES[2m][22m [34mCLI[39m Using tsconfig: tsconfig.json
@tevm/precompiles: [2m[[22m@TEVM/PRECOMPILES[2m][22m [34mCLI[39m tsup v8.5.1
@tevm/precompiles: [2m[[22m@TEVM/PRECOMPILES[2m][22m [34mCLI[39m Using tsup config: /Users/williamcory/tevm-monorepo/packages/precompiles/tsup.config.js
@tevm/precompiles: [2m[[22m@TEVM/PRECOMPILES[2m][22m [34mCLI[39m Target: chrome91,firefox90,edge91,safari15,ios15,opera77
@tevm/precompiles: [2m[[22m@TEVM/PRECOMPILES[2m][22m [34mCJS[39m Build start
@tevm/precompiles: [2m[[22m@TEVM/PRECOMPILES[2m][22m [34mESM[39m Build start

> nx run @tevm/errors:typecheck


> nx run @tevm/test-utils:"build:dist"

@tevm/precompiles: [2m[[22m@TEVM/PRECOMPILES[2m][22m [32mCJS[39m [1mdist/index.cjs     [22m[32m4.52 KB[39m
@tevm/precompiles: [2m[[22m@TEVM/PRECOMPILES[2m][22m [32mCJS[39m [1mdist/index.cjs.map [22m[32m16.06 KB[39m
@tevm/precompiles: [2m[[22m@TEVM/PRECOMPILES[2m][22m [32mCJS[39m ⚡️ Build success in 48ms
@tevm/precompiles: [2m[[22m@TEVM/PRECOMPILES[2m][22m [32mESM[39m [1mdist/index.js     [22m[32m4.42 KB[39m
@tevm/precompiles: [2m[[22m@TEVM/PRECOMPILES[2m][22m [32mESM[39m [1mdist/index.js.map [22m[32m15.87 KB[39m
@tevm/precompiles: [2m[[22m@TEVM/PRECOMPILES[2m][22m [32mESM[39m ⚡️ Build success in 49ms

> nx run @tevm/utils:typecheck

@tevm/errors: > @tevm/errors@1.0.0-next.148 typecheck /Users/williamcory/tevm-monorepo/packages/errors
@tevm/errors: > tsc --noEmit
@tevm/test-utils: > @tevm/test-utils@1.0.0-next.148 build:dist /Users/williamcory/tevm-monorepo/test/test-utils
@tevm/test-utils: > tsup
@tevm/utils: > @tevm/utils@1.0.0-next.148 typecheck /Users/williamcory/tevm-monorepo/packages/utils
@tevm/utils: > tsc --noEmit

> nx run @tevm/contract:typecheck

@tevm/test-utils: [2m[[22m@TEVM/TEST-UTILS[2m][22m [34mCLI[39m Building entry: src/index.ts
@tevm/test-utils: [2m[[22m@TEVM/TEST-UTILS[2m][22m [34mCLI[39m Using tsconfig: tsconfig.json
@tevm/test-utils: [2m[[22m@TEVM/TEST-UTILS[2m][22m [34mCLI[39m tsup v8.5.1
@tevm/test-utils: [2m[[22m@TEVM/TEST-UTILS[2m][22m [34mCLI[39m Using tsup config: /Users/williamcory/tevm-monorepo/test/test-utils/tsup.config.js

> nx run @tevm/logger:typecheck

@tevm/test-utils: [2m[[22m@TEVM/TEST-UTILS[2m][22m [34mCLI[39m Target: chrome91,firefox90,edge91,safari15,ios15,opera77
@tevm/test-utils: [2m[[22m@TEVM/TEST-UTILS[2m][22m [34mCJS[39m Build start
@tevm/test-utils: [2m[[22m@TEVM/TEST-UTILS[2m][22m [34mESM[39m Build start
@tevm/test-utils: proces.cwd() /Users/williamcory/tevm-monorepo/test/test-utils
@tevm/test-utils: proces.cwd() /Users/williamcory/tevm-monorepo/test/test-utils
@tevm/test-utils: [2m[[22m@TEVM/TEST-UTILS[2m][22m [32mCJS[39m [1mdist/index.cjs     [22m[32m165.55 KB[39m
@tevm/test-utils: [2m[[22m@TEVM/TEST-UTILS[2m][22m [32mCJS[39m [1mdist/index.cjs.map [22m[32m306.17 KB[39m
@tevm/test-utils: [2m[[22m@TEVM/TEST-UTILS[2m][22m [32mCJS[39m ⚡️ Build success in 65ms
@tevm/test-utils: [2m[[22m@TEVM/TEST-UTILS[2m][22m [32mESM[39m [1mdist/index.js     [22m[32m165.31 KB[39m
@tevm/test-utils: [2m[[22m@TEVM/TEST-UTILS[2m][22m [32mESM[39m [1mdist/index.js.map [22m[32m306.12 KB[39m
@tevm/test-utils: [2m[[22m@TEVM/TEST-UTILS[2m][22m [32mESM[39m ⚡️ Build success in 65ms
@tevm/contract: > @tevm/contract@1.0.0-next.149 typecheck /Users/williamcory/tevm-monorepo/packages/contract
@tevm/contract: > tsc --noEmit

> nx run @tevm/state:"build:dist"

@tevm/logger: > @tevm/logger@1.0.0-next.148 typecheck /Users/williamcory/tevm-monorepo/packages/logger
@tevm/logger: > tsc --noEmit
@tevm/state: > @tevm/state@1.0.0-next.148 build:dist /Users/williamcory/tevm-monorepo/packages/state
@tevm/state: > tsup

> nx run @tevm/blockchain:"build:dist"

@tevm/state: [2m[[22m@TEVM/STATE[2m][22m [34mCLI[39m Building entry: src/index.ts
@tevm/state: [2m[[22m@TEVM/STATE[2m][22m [34mCLI[39m Using tsconfig: tsconfig.json
@tevm/state: [2m[[22m@TEVM/STATE[2m][22m [34mCLI[39m tsup v8.5.1
@tevm/state: [2m[[22m@TEVM/STATE[2m][22m [34mCLI[39m Using tsup config: /Users/williamcory/tevm-monorepo/packages/state/tsup.config.ts
@tevm/state: [2m[[22m@TEVM/STATE[2m][22m [34mCLI[39m Target: chrome91,firefox90,edge91,safari15,ios15,opera77
@tevm/state: [2m[[22m@TEVM/STATE[2m][22m [34mCJS[39m Build start
@tevm/state: [2m[[22m@TEVM/STATE[2m][22m [34mESM[39m Build start
@tevm/state: "createAddressFromString" is imported from external module "@tevm/utils" but never used in "dist/index.cjs".
@tevm/state: "createAddressFromString" is imported from external module "@tevm/utils" but never used in "dist/index.js".
@tevm/state: [2m[[22m@TEVM/STATE[2m][22m [32mESM[39m [1mdist/index.js     [22m[32m30.96 KB[39m
@tevm/state: [2m[[22m@TEVM/STATE[2m][22m [32mESM[39m [1mdist/index.js.map [22m[32m77.99 KB[39m
@tevm/state: [2m[[22m@TEVM/STATE[2m][22m [32mESM[39m ⚡️ Build success in 119ms
@tevm/state: [2m[[22m@TEVM/STATE[2m][22m [32mCJS[39m [1mdist/index.cjs     [22m[32m32.39 KB[39m
@tevm/state: [2m[[22m@TEVM/STATE[2m][22m [32mCJS[39m [1mdist/index.cjs.map [22m[32m78.24 KB[39m
@tevm/state: [2m[[22m@TEVM/STATE[2m][22m [32mCJS[39m ⚡️ Build success in 119ms
@tevm/blockchain: > @tevm/blockchain@1.0.0-next.148 build:dist /Users/williamcory/tevm-monorepo/packages/blockchain
@tevm/blockchain: > tsup

> nx run @tevm/sync-storage-persister:"build:dist"


> nx run @tevm/common:typecheck

@tevm/blockchain: [2m[[22m@TEVM/BLOCKCHAIN[2m][22m [34mCLI[39m Building entry: src/index.ts
@tevm/blockchain: [2m[[22m@TEVM/BLOCKCHAIN[2m][22m [34mCLI[39m Using tsconfig: tsconfig.json
@tevm/blockchain: [2m[[22m@TEVM/BLOCKCHAIN[2m][22m [34mCLI[39m tsup v8.5.1
@tevm/blockchain: [2m[[22m@TEVM/BLOCKCHAIN[2m][22m [34mCLI[39m Using tsup config: /Users/williamcory/tevm-monorepo/packages/blockchain/tsup.config.ts
@tevm/blockchain: [2m[[22m@TEVM/BLOCKCHAIN[2m][22m [34mCLI[39m Target: chrome91,firefox90,edge91,safari15,ios15,opera77
@tevm/blockchain: [2m[[22m@TEVM/BLOCKCHAIN[2m][22m [34mCJS[39m Build start
@tevm/blockchain: [2m[[22m@TEVM/BLOCKCHAIN[2m][22m [34mESM[39m Build start
@tevm/blockchain: "Block" is imported from external module "@tevm/block" but never used in "dist/index.cjs".
@tevm/blockchain: "Block" is imported from external module "@tevm/block" but never used in "dist/index.js".
@tevm/blockchain: [2m[[22m@TEVM/BLOCKCHAIN[2m][22m [32mCJS[39m [1mdist/index.cjs     [22m[32m20.28 KB[39m
@tevm/blockchain: [2m[[22m@TEVM/BLOCKCHAIN[2m][22m [32mCJS[39m [1mdist/index.cjs.map [22m[32m46.00 KB[39m
@tevm/blockchain: [2m[[22m@TEVM/BLOCKCHAIN[2m][22m [32mCJS[39m ⚡️ Build success in 96ms
@tevm/blockchain: [2m[[22m@TEVM/BLOCKCHAIN[2m][22m [32mESM[39m [1mdist/index.js     [22m[32m19.92 KB[39m
@tevm/blockchain: [2m[[22m@TEVM/BLOCKCHAIN[2m][22m [32mESM[39m [1mdist/index.js.map [22m[32m45.77 KB[39m
@tevm/blockchain: [2m[[22m@TEVM/BLOCKCHAIN[2m][22m [32mESM[39m ⚡️ Build success in 96ms
@tevm/sync-storage-persister: > @tevm/sync-storage-persister@1.0.0-next.148 build:dist /Users/williamcory/tevm-monorepo/packages/sync-storage-persister
@tevm/sync-storage-persister: > tsup
@tevm/common: > @tevm/common@1.0.0-next.148 typecheck /Users/williamcory/tevm-monorepo/packages/common
@tevm/common: > tsc --noEmit

> nx run @tevm/evm:"build:dist"

@tevm/sync-storage-persister: [2m[[22m@TEVM/SYNC-STORAGE-PERSISTER[2m][22m [34mCLI[39m Building entry: src/index.ts
@tevm/sync-storage-persister: [2m[[22m@TEVM/SYNC-STORAGE-PERSISTER[2m][22m [34mCLI[39m Using tsconfig: tsconfig.json
@tevm/sync-storage-persister: [2m[[22m@TEVM/SYNC-STORAGE-PERSISTER[2m][22m [34mCLI[39m tsup v8.5.1
@tevm/sync-storage-persister: [2m[[22m@TEVM/SYNC-STORAGE-PERSISTER[2m][22m [34mCLI[39m Using tsup config: /Users/williamcory/tevm-monorepo/packages/sync-storage-persister/tsup.config.ts
@tevm/sync-storage-persister: [2m[[22m@TEVM/SYNC-STORAGE-PERSISTER[2m][22m [34mCLI[39m Target: chrome91,firefox90,edge91,safari15,ios15,opera77
@tevm/sync-storage-persister: [2m[[22m@TEVM/SYNC-STORAGE-PERSISTER[2m][22m [34mCJS[39m Build start
@tevm/sync-storage-persister: [2m[[22m@TEVM/SYNC-STORAGE-PERSISTER[2m][22m [34mESM[39m Build start
@tevm/sync-storage-persister: [2m[[22m@TEVM/SYNC-STORAGE-PERSISTER[2m][22m [32mESM[39m [1mdist/index.js     [22m[32m2.63 KB[39m
@tevm/sync-storage-persister: [2m[[22m@TEVM/SYNC-STORAGE-PERSISTER[2m][22m [32mESM[39m [1mdist/index.js.map [22m[32m5.69 KB[39m
@tevm/sync-storage-persister: [2m[[22m@TEVM/SYNC-STORAGE-PERSISTER[2m][22m [32mESM[39m ⚡️ Build success in 43ms
@tevm/sync-storage-persister: [2m[[22m@TEVM/SYNC-STORAGE-PERSISTER[2m][22m [32mCJS[39m [1mdist/index.cjs     [22m[32m2.70 KB[39m
@tevm/sync-storage-persister: [2m[[22m@TEVM/SYNC-STORAGE-PERSISTER[2m][22m [32mCJS[39m [1mdist/index.cjs.map [22m[32m5.69 KB[39m
@tevm/sync-storage-persister: [2m[[22m@TEVM/SYNC-STORAGE-PERSISTER[2m][22m [32mCJS[39m ⚡️ Build success in 43ms

> nx run @tevm/receipt-manager:"build:dist"

@tevm/evm: > @tevm/evm@1.0.0-next.148 build:dist /Users/williamcory/tevm-monorepo/packages/evm
@tevm/evm: > tsup
@tevm/receipt-manager: > @tevm/receipt-manager@1.0.0-next.148 build:dist /Users/williamcory/tevm-monorepo/packages/receipt-manager
@tevm/receipt-manager: > tsup
@tevm/evm: [2m[[22m@TEVM/EVM[2m][22m [34mCLI[39m Building entry: src/index.ts
@tevm/evm: [2m[[22m@TEVM/EVM[2m][22m [34mCLI[39m Using tsconfig: tsconfig.json
@tevm/evm: [2m[[22m@TEVM/EVM[2m][22m [34mCLI[39m tsup v8.5.1
@tevm/evm: [2m[[22m@TEVM/EVM[2m][22m [34mCLI[39m Using tsup config: /Users/williamcory/tevm-monorepo/packages/evm/tsup.config.js
@tevm/evm: [2m[[22m@TEVM/EVM[2m][22m [34mCLI[39m Target: chrome91,firefox90,edge91,safari15,ios15,opera77
@tevm/evm: [2m[[22m@TEVM/EVM[2m][22m [34mCJS[39m Build start
@tevm/evm: [2m[[22m@TEVM/EVM[2m][22m [34mESM[39m Build start
@tevm/evm: [2m[[22m@TEVM/EVM[2m][22m [32mCJS[39m [1mdist/index.cjs     [22m[32m5.20 KB[39m
@tevm/evm: [2m[[22m@TEVM/EVM[2m][22m [32mCJS[39m [1mdist/index.cjs.map [22m[32m10.13 KB[39m
@tevm/evm: [2m[[22m@TEVM/EVM[2m][22m [32mCJS[39m ⚡️ Build success in 50ms
@tevm/evm: [2m[[22m@TEVM/EVM[2m][22m [32mESM[39m [1mdist/index.js     [22m[32m4.75 KB[39m
@tevm/evm: [2m[[22m@TEVM/EVM[2m][22m [32mESM[39m [1mdist/index.js.map [22m[32m9.95 KB[39m
@tevm/evm: [2m[[22m@TEVM/EVM[2m][22m [32mESM[39m ⚡️ Build success in 50ms
@tevm/receipt-manager: [2m[[22m@TEVM/RECEIPT-MANAGER[2m][22m [34mCLI[39m Building entry: src/index.ts
@tevm/receipt-manager: [2m[[22m@TEVM/RECEIPT-MANAGER[2m][22m [34mCLI[39m Using tsconfig: tsconfig.json
@tevm/receipt-manager: [2m[[22m@TEVM/RECEIPT-MANAGER[2m][22m [34mCLI[39m tsup v8.5.1
@tevm/receipt-manager: [2m[[22m@TEVM/RECEIPT-MANAGER[2m][22m [34mCLI[39m Using tsup config: /Users/williamcory/tevm-monorepo/packages/receipt-manager/tsup.config.ts
@tevm/receipt-manager: [2m[[22m@TEVM/RECEIPT-MANAGER[2m][22m [34mCLI[39m Target: chrome91,firefox90,edge91,safari15,ios15,opera77
@tevm/receipt-manager: [2m[[22m@TEVM/RECEIPT-MANAGER[2m][22m [34mCJS[39m Build start
@tevm/receipt-manager: [2m[[22m@TEVM/RECEIPT-MANAGER[2m][22m [34mESM[39m Build start
@tevm/receipt-manager: [2m[[22m@TEVM/RECEIPT-MANAGER[2m][22m [32mCJS[39m [1mdist/index.cjs     [22m[32m10.10 KB[39m
@tevm/receipt-manager: [2m[[22m@TEVM/RECEIPT-MANAGER[2m][22m [32mCJS[39m [1mdist/index.cjs.map [22m[32m28.10 KB[39m
@tevm/receipt-manager: [2m[[22m@TEVM/RECEIPT-MANAGER[2m][22m [32mCJS[39m ⚡️ Build success in 59ms
@tevm/receipt-manager: [2m[[22m@TEVM/RECEIPT-MANAGER[2m][22m [32mESM[39m [1mdist/index.js     [22m[32m9.97 KB[39m
@tevm/receipt-manager: [2m[[22m@TEVM/RECEIPT-MANAGER[2m][22m [32mESM[39m [1mdist/index.js.map [22m[32m27.90 KB[39m
@tevm/receipt-manager: [2m[[22m@TEVM/RECEIPT-MANAGER[2m][22m [32mESM[39m ⚡️ Build success in 59ms

> nx run @tevm/vm:"build:dist"


> nx run @tevm/address:typecheck

@tevm/vm: > @tevm/vm@1.0.0-next.148 build:dist /Users/williamcory/tevm-monorepo/packages/vm
@tevm/vm: > tsup
@tevm/address: > @tevm/address@1.0.0-next.148 typecheck /Users/williamcory/tevm-monorepo/packages/address
@tevm/address: > tsc --noEmit
@tevm/vm: [2m[[22m@TEVM/VM[2m][22m [34mCLI[39m Building entry: src/index.ts
@tevm/vm: [2m[[22m@TEVM/VM[2m][22m [34mCLI[39m Using tsconfig: tsconfig.json
@tevm/vm: [2m[[22m@TEVM/VM[2m][22m [34mCLI[39m tsup v8.5.1
@tevm/vm: [2m[[22m@TEVM/VM[2m][22m [34mCLI[39m Using tsup config: /Users/williamcory/tevm-monorepo/packages/vm/tsup.config.ts
@tevm/vm: [2m[[22m@TEVM/VM[2m][22m [34mCLI[39m Target: chrome91,firefox90,edge91,safari15,ios15,opera77
@tevm/vm: [2m[[22m@TEVM/VM[2m][22m [34mCJS[39m Build start
@tevm/vm: [2m[[22m@TEVM/VM[2m][22m [34mESM[39m Build start
@tevm/vm: [2m[[22m@TEVM/VM[2m][22m [32mCJS[39m [1mdist/index.cjs     [22m[32m53.82 KB[39m
@tevm/vm: [2m[[22m@TEVM/VM[2m][22m [32mCJS[39m [1mdist/index.cjs.map [22m[32m124.24 KB[39m
@tevm/vm: [2m[[22m@TEVM/VM[2m][22m [32mCJS[39m ⚡️ Build success in 145ms
@tevm/vm: [2m[[22m@TEVM/VM[2m][22m [32mESM[39m [1mdist/index.js     [22m[32m52.81 KB[39m
@tevm/vm: [2m[[22m@TEVM/VM[2m][22m [32mESM[39m [1mdist/index.js.map [22m[32m123.57 KB[39m
@tevm/vm: [2m[[22m@TEVM/VM[2m][22m [32mESM[39m ⚡️ Build success in 145ms
@tevm/common: [96msrc/createCommon.js[0m:[93m5[0m:[93m28[0m - [91merror[0m[90m TS7006: [0mParameter 'hardfork' implicitly has an 'any' type.
@tevm/common: [7m5[0m const normalizeHardfork = (hardfork) =>
@tevm/common: [7m [0m [91m                           ~~~~~~~~[0m
@tevm/common: Found 1 error in src/createCommon.js[90m:5[0m
@tevm/common: [41m[30m ELIFECYCLE [39m[49m [31mCommand failed with exit code 2.[39m

> nx run @tevm/jsonrpc:typecheck


> nx run @tevm/txpool:"build:dist"


> nx run @tevm/predeploys:typecheck

@tevm/txpool: > @tevm/txpool@1.0.0-next.148 build:dist /Users/williamcory/tevm-monorepo/packages/txpool
@tevm/txpool: > tsup
@tevm/jsonrpc: > @tevm/jsonrpc@1.0.0-next.148 typecheck /Users/williamcory/tevm-monorepo/packages/jsonrpc
@tevm/jsonrpc: > tsc --noEmit
@tevm/predeploys: > @tevm/predeploys@1.0.0-next.148 typecheck /Users/williamcory/tevm-monorepo/packages/predeploys
@tevm/predeploys: > tsc --noEmit
@tevm/txpool: [2m[[22m@TEVM/TXPOOL[2m][22m [34mCLI[39m Building entry: src/index.ts
@tevm/txpool: [2m[[22m@TEVM/TXPOOL[2m][22m [34mCLI[39m Using tsconfig: tsconfig.json
@tevm/txpool: [2m[[22m@TEVM/TXPOOL[2m][22m [34mCLI[39m tsup v8.5.1
@tevm/txpool: [2m[[22m@TEVM/TXPOOL[2m][22m [34mCLI[39m Using tsup config: /Users/williamcory/tevm-monorepo/packages/txpool/tsup.config.ts
@tevm/txpool: [2m[[22m@TEVM/TXPOOL[2m][22m [34mCLI[39m Target: chrome91,firefox90,edge91,safari15,ios15,opera77
@tevm/txpool: [2m[[22m@TEVM/TXPOOL[2m][22m [34mCJS[39m Build start
@tevm/txpool: [2m[[22m@TEVM/TXPOOL[2m][22m [34mESM[39m Build start
@tevm/txpool: [2m[[22m@TEVM/TXPOOL[2m][22m [32mESM[39m [1mdist/index.js     [22m[32m2.90 KB[39m
@tevm/txpool: [2m[[22m@TEVM/TXPOOL[2m][22m [32mESM[39m [1mdist/index.js.map [22m[32m7.24 KB[39m
@tevm/txpool: [2m[[22m@TEVM/TXPOOL[2m][22m [32mESM[39m ⚡️ Build success in 45ms
@tevm/txpool: [2m[[22m@TEVM/TXPOOL[2m][22m [32mCJS[39m [1mdist/index.cjs     [22m[32m2.92 KB[39m
@tevm/txpool: [2m[[22m@TEVM/TXPOOL[2m][22m [32mCJS[39m [1mdist/index.cjs.map [22m[32m7.24 KB[39m
@tevm/txpool: [2m[[22m@TEVM/TXPOOL[2m][22m [32mCJS[39m ⚡️ Build success in 45ms

> nx run @tevm/node:"build:dist"


> nx run @tevm/consensus:typecheck

@tevm/node: > @tevm/node@1.0.0-next.148 build:dist /Users/williamcory/tevm-monorepo/packages/node
@tevm/node: > tsup

> nx run @tevm/tx:typecheck

@tevm/consensus: > @tevm/consensus@1.0.0-next.148 typecheck /Users/williamcory/tevm-monorepo/packages/consensus
@tevm/consensus: > tsc --noEmit
@tevm/node: [2m[[22m@TEVM/NODE[2m][22m [34mCLI[39m Building entry: src/index.ts
@tevm/node: [2m[[22m@TEVM/NODE[2m][22m [34mCLI[39m Using tsconfig: tsconfig.json
@tevm/node: [2m[[22m@TEVM/NODE[2m][22m [34mCLI[39m tsup v8.5.1
@tevm/node: [2m[[22m@TEVM/NODE[2m][22m [34mCLI[39m Using tsup config: /Users/williamcory/tevm-monorepo/packages/node/tsup.config.js
@tevm/node: [2m[[22m@TEVM/NODE[2m][22m [34mCLI[39m Target: chrome91,firefox90,edge91,safari15,ios15,opera77
@tevm/node: [2m[[22m@TEVM/NODE[2m][22m [34mCJS[39m Build start
@tevm/node: [2m[[22m@TEVM/NODE[2m][22m [34mESM[39m Build start
@tevm/node: [2m[[22m@TEVM/NODE[2m][22m [32mCJS[39m [1mdist/index.cjs     [22m[32m32.39 KB[39m
@tevm/node: [2m[[22m@TEVM/NODE[2m][22m [32mCJS[39m [1mdist/index.cjs.map [22m[32m67.84 KB[39m
@tevm/node: [2m[[22m@TEVM/NODE[2m][22m [32mCJS[39m ⚡️ Build success in 99ms
@tevm/node: [2m[[22m@TEVM/NODE[2m][22m [32mESM[39m [1mdist/index.js     [22m[32m32.21 KB[39m
@tevm/node: [2m[[22m@TEVM/NODE[2m][22m [32mESM[39m [1mdist/index.js.map [22m[32m67.41 KB[39m
@tevm/node: [2m[[22m@TEVM/NODE[2m][22m [32mESM[39m ⚡️ Build success in 99ms
@tevm/tx: > @tevm/tx@1.0.0-next.148 typecheck /Users/williamcory/tevm-monorepo/packages/tx
@tevm/tx: > tsc --noEmit

> nx run @tevm/rlp:typecheck


> nx run @tevm/actions:"build:dist"


> nx run @tevm/trie:typecheck

@tevm/rlp: > @tevm/rlp@1.0.0-next.148 typecheck /Users/williamcory/tevm-monorepo/packages/rlp
@tevm/rlp: > tsc --noEmit
@tevm/actions: > @tevm/actions@1.0.0-next.149 build:dist /Users/williamcory/tevm-monorepo/packages/actions
@tevm/actions: > tsup
@tevm/actions: [2m[[22m@TEVM/ACTIONS[2m][22m [34mCLI[39m Building entry: src/index.ts
@tevm/actions: [2m[[22m@TEVM/ACTIONS[2m][22m [34mCLI[39m Using tsconfig: tsconfig.json
@tevm/actions: [2m[[22m@TEVM/ACTIONS[2m][22m [34mCLI[39m tsup v8.5.1
@tevm/actions: [2m[[22m@TEVM/ACTIONS[2m][22m [34mCLI[39m Using tsup config: /Users/williamcory/tevm-monorepo/packages/actions/tsup.config.ts
@tevm/actions: [2m[[22m@TEVM/ACTIONS[2m][22m [34mCLI[39m Target: chrome91,firefox90,edge91,safari15,ios15,opera77
@tevm/actions: [2m[[22m@TEVM/ACTIONS[2m][22m [34mCJS[39m Build start
@tevm/actions: [2m[[22m@TEVM/ACTIONS[2m][22m [34mESM[39m Build start
@tevm/trie: > @tevm/trie@1.0.0-next.148 typecheck /Users/williamcory/tevm-monorepo/packages/trie
@tevm/trie: > tsc --noEmit
@tevm/actions: "EthjsAddress" is imported from external module "@tevm/utils" but never used in "dist/index.cjs".
@tevm/actions: "EthjsAddress" is imported from external module "@tevm/utils" but never used in "dist/index.js".
@tevm/trie: [96msrc/EMPTY_STATE_ROOT.js[0m:[93m52[0m:[93m23[0m - [91merror[0m[90m TS7006: [0mParameter 'property' implicitly has an 'any' type.
@tevm/trie: [7m52[0m const isArrayIndex = (property) => {
@tevm/trie: [7m  [0m [91m                      ~~~~~~~~[0m
@tevm/trie: Found 1 error in src/EMPTY_STATE_ROOT.js[90m:52[0m
@tevm/trie: [41m[30m ELIFECYCLE [39m[49m [31mCommand failed with exit code 2.[39m
@tevm/actions: [2m[[22m@TEVM/ACTIONS[2m][22m [32mCJS[39m [1mdist/index.cjs     [22m[32m443.08 KB[39m
@tevm/actions: [2m[[22m@TEVM/ACTIONS[2m][22m [32mCJS[39m [1mdist/index.cjs.map [22m[32m1.02 MB[39m
@tevm/actions: [2m[[22m@TEVM/ACTIONS[2m][22m [32mCJS[39m ⚡️ Build success in 576ms
@tevm/actions: [2m[[22m@TEVM/ACTIONS[2m][22m [32mESM[39m [1mdist/index.js     [22m[32m432.62 KB[39m
@tevm/actions: [2m[[22m@TEVM/ACTIONS[2m][22m [32mESM[39m [1mdist/index.js.map [22m[32m1.02 MB[39m
@tevm/actions: [2m[[22m@TEVM/ACTIONS[2m][22m [32mESM[39m ⚡️ Build success in 577ms

> nx run @tevm/decorators:"build:dist"


> nx run @tevm/client-types:"build:dist"

@tevm/client-types: > @tevm/client-types@1.0.0-next.148 build:dist /Users/williamcory/tevm-monorepo/packages/client-types
@tevm/client-types: > tsup
@tevm/decorators: > @tevm/decorators@1.0.0-next.148 build:dist /Users/williamcory/tevm-monorepo/packages/decorators
@tevm/decorators: > tsup
@tevm/client-types: [2m[[22m@TEVM/CLIENT-TYPES[2m][22m [34mCLI[39m Building entry: src/index.ts
@tevm/decorators: [2m[[22m@TEVM/DECORATORS[2m][22m [34mCLI[39m Building entry: src/index.ts
@tevm/client-types: [2m[[22m@TEVM/CLIENT-TYPES[2m][22m [34mCLI[39m Using tsconfig: tsconfig.json
@tevm/client-types: [2m[[22m@TEVM/CLIENT-TYPES[2m][22m [34mCLI[39m tsup v8.5.1
@tevm/decorators: [2m[[22m@TEVM/DECORATORS[2m][22m [34mCLI[39m Using tsconfig: tsconfig.json
@tevm/client-types: [2m[[22m@TEVM/CLIENT-TYPES[2m][22m [34mCLI[39m Using tsup config: /Users/williamcory/tevm-monorepo/packages/client-types/tsup.config.ts
@tevm/decorators: [2m[[22m@TEVM/DECORATORS[2m][22m [34mCLI[39m tsup v8.5.1
@tevm/decorators: [2m[[22m@TEVM/DECORATORS[2m][22m [34mCLI[39m Using tsup config: /Users/williamcory/tevm-monorepo/packages/decorators/tsup.config.js
@tevm/decorators: [2m[[22m@TEVM/DECORATORS[2m][22m [34mCLI[39m Target: chrome91,firefox90,edge91,safari15,ios15,opera77
@tevm/client-types: [2m[[22m@TEVM/CLIENT-TYPES[2m][22m [34mCLI[39m Target: chrome91,firefox90,edge91,safari15,ios15,opera77
@tevm/decorators: [2m[[22m@TEVM/DECORATORS[2m][22m [34mCJS[39m Build start
@tevm/client-types: [2m[[22m@TEVM/CLIENT-TYPES[2m][22m [34mCJS[39m Build start
@tevm/decorators: [2m[[22m@TEVM/DECORATORS[2m][22m [34mESM[39m Build start
@tevm/client-types: [2m[[22m@TEVM/CLIENT-TYPES[2m][22m [34mESM[39m Build start
@tevm/client-types: Generated an empty chunk: "index".
@tevm/client-types: Generated an empty chunk: "index".
@tevm/client-types: [2m[[22m@TEVM/CLIENT-TYPES[2m][22m [32mESM[39m [1mdist/index.js     [22m[32m68.00 B[39m
@tevm/client-types: [2m[[22m@TEVM/CLIENT-TYPES[2m][22m [32mESM[39m [1mdist/index.js.map [22m[32m69.00 B[39m
@tevm/client-types: [2m[[22m@TEVM/CLIENT-TYPES[2m][22m [32mESM[39m ⚡️ Build success in 19ms
@tevm/client-types: [2m[[22m@TEVM/CLIENT-TYPES[2m][22m [32mCJS[39m [1mdist/index.cjs     [22m[32m84.00 B[39m
@tevm/client-types: [2m[[22m@TEVM/CLIENT-TYPES[2m][22m [32mCJS[39m [1mdist/index.cjs.map [22m[32m70.00 B[39m
@tevm/client-types: [2m[[22m@TEVM/CLIENT-TYPES[2m][22m [32mCJS[39m ⚡️ Build success in 20ms
@tevm/decorators: [2m[[22m@TEVM/DECORATORS[2m][22m [32mESM[39m [1mdist/index.js     [22m[32m3.33 KB[39m
@tevm/decorators: [2m[[22m@TEVM/DECORATORS[2m][22m [32mESM[39m [1mdist/index.js.map [22m[32m8.94 KB[39m
@tevm/decorators: [2m[[22m@TEVM/DECORATORS[2m][22m [32mESM[39m ⚡️ Build success in 48ms
@tevm/decorators: [2m[[22m@TEVM/DECORATORS[2m][22m [32mCJS[39m [1mdist/index.cjs     [22m[32m3.27 KB[39m
@tevm/decorators: [2m[[22m@TEVM/DECORATORS[2m][22m [32mCJS[39m [1mdist/index.cjs.map [22m[32m9.29 KB[39m
@tevm/decorators: [2m[[22m@TEVM/DECORATORS[2m][22m [32mCJS[39m ⚡️ Build success in 48ms

> nx run @tevm/memory-client:"build:dist"

@tevm/memory-client: > @tevm/memory-client@1.0.0-next.148 build:dist /Users/williamcory/tevm-monorepo/packages/memory-client
@tevm/memory-client: > tsup
@tevm/memory-client: [2m[[22m@TEVM/MEMORY-CLIENT[2m][22m [34mCLI[39m Building entry: src/index.ts
@tevm/memory-client: [2m[[22m@TEVM/MEMORY-CLIENT[2m][22m [34mCLI[39m Using tsconfig: tsconfig.json
@tevm/memory-client: [2m[[22m@TEVM/MEMORY-CLIENT[2m][22m [34mCLI[39m tsup v8.5.1
@tevm/memory-client: [2m[[22m@TEVM/MEMORY-CLIENT[2m][22m [34mCLI[39m Using tsup config: /Users/williamcory/tevm-monorepo/packages/memory-client/tsup.config.js
@tevm/memory-client: [2m[[22m@TEVM/MEMORY-CLIENT[2m][22m [34mCLI[39m Target: chrome91,firefox90,edge91,safari15,ios15,opera77
@tevm/memory-client: [2m[[22m@TEVM/MEMORY-CLIENT[2m][22m [34mCJS[39m Build start
@tevm/memory-client: [2m[[22m@TEVM/MEMORY-CLIENT[2m][22m [34mESM[39m Build start
@tevm/memory-client: [2m[[22m@TEVM/MEMORY-CLIENT[2m][22m [32mCJS[39m [1mdist/index.cjs     [22m[32m5.53 KB[39m
@tevm/memory-client: [2m[[22m@TEVM/MEMORY-CLIENT[2m][22m [32mCJS[39m [1mdist/index.cjs.map [22m[32m70.76 KB[39m
@tevm/memory-client: [2m[[22m@TEVM/MEMORY-CLIENT[2m][22m [32mCJS[39m ⚡️ Build success in 54ms
@tevm/memory-client: [2m[[22m@TEVM/MEMORY-CLIENT[2m][22m [32mESM[39m [1mdist/index.js     [22m[32m4.91 KB[39m
@tevm/memory-client: [2m[[22m@TEVM/MEMORY-CLIENT[2m][22m [32mESM[39m [1mdist/index.js.map [22m[32m70.45 KB[39m
@tevm/memory-client: [2m[[22m@TEVM/MEMORY-CLIENT[2m][22m [32mESM[39m ⚡️ Build success in 54ms

> nx run @tevm/server:"build:dist"

@tevm/server: > @tevm/server@1.0.0-next.148 build:dist /Users/williamcory/tevm-monorepo/packages/server
@tevm/server: > tsup
@tevm/server: [2m[[22m@TEVM/SERVER[2m][22m [34mCLI[39m Building entry: src/index.ts
@tevm/server: [2m[[22m@TEVM/SERVER[2m][22m [34mCLI[39m Using tsconfig: tsconfig.json
@tevm/server: [2m[[22m@TEVM/SERVER[2m][22m [34mCLI[39m tsup v8.5.1
@tevm/server: [2m[[22m@TEVM/SERVER[2m][22m [34mCLI[39m Using tsup config: /Users/williamcory/tevm-monorepo/packages/server/tsup.config.ts
@tevm/server: [2m[[22m@TEVM/SERVER[2m][22m [34mCLI[39m Target: node16
@tevm/server: [2m[[22m@TEVM/SERVER[2m][22m [34mCJS[39m Build start
@tevm/server: [2m[[22m@TEVM/SERVER[2m][22m [34mESM[39m Build start
@tevm/server: [2m[[22m@TEVM/SERVER[2m][22m [32mCJS[39m [1mdist/index.cjs     [22m[32m12.61 KB[39m
@tevm/server: [2m[[22m@TEVM/SERVER[2m][22m [32mCJS[39m [1mdist/index.cjs.map [22m[32m34.13 KB[39m
@tevm/server: [2m[[22m@TEVM/SERVER[2m][22m [32mCJS[39m ⚡️ Build success in 72ms
@tevm/server: [2m[[22m@TEVM/SERVER[2m][22m [32mESM[39m [1mdist/index.js     [22m[32m12.37 KB[39m
@tevm/server: [2m[[22m@TEVM/SERVER[2m][22m [32mESM[39m [1mdist/index.js.map [22m[32m34.02 KB[39m
@tevm/server: [2m[[22m@TEVM/SERVER[2m][22m [32mESM[39m ⚡️ Build success in 72ms

> nx run @tevm/viem:"build:dist"

@tevm/viem: > @tevm/viem@1.0.0-next.148 build:dist /Users/williamcory/tevm-monorepo/extensions/viem
@tevm/viem: > tsup
@tevm/viem: [2m[[22m@TEVM/VIEM[2m][22m [34mCLI[39m Building entry: src/index.js
@tevm/viem: [2m[[22m@TEVM/VIEM[2m][22m [34mCLI[39m Using tsconfig: tsconfig.json
@tevm/viem: [2m[[22m@TEVM/VIEM[2m][22m [34mCLI[39m tsup v8.5.1
@tevm/viem: [2m[[22m@TEVM/VIEM[2m][22m [34mCLI[39m Using tsup config: /Users/williamcory/tevm-monorepo/extensions/viem/tsup.config.ts
@tevm/viem: [2m[[22m@TEVM/VIEM[2m][22m [34mCLI[39m Target: chrome91,firefox90,edge91,safari15,ios15,opera77
@tevm/viem: [2m[[22m@TEVM/VIEM[2m][22m [34mCJS[39m Build start
@tevm/viem: [2m[[22m@TEVM/VIEM[2m][22m [34mESM[39m Build start
@tevm/viem: [2m[[22m@TEVM/VIEM[2m][22m [32mCJS[39m [1mdist/index.cjs     [22m[32m13.31 KB[39m
@tevm/viem: [2m[[22m@TEVM/VIEM[2m][22m [32mCJS[39m [1mdist/index.cjs.map [22m[32m29.42 KB[39m
@tevm/viem: [2m[[22m@TEVM/VIEM[2m][22m [32mCJS[39m ⚡️ Build success in 64ms
@tevm/viem: [2m[[22m@TEVM/VIEM[2m][22m [32mESM[39m [1mdist/index.js     [22m[32m13.21 KB[39m
@tevm/viem: [2m[[22m@TEVM/VIEM[2m][22m [32mESM[39m [1mdist/index.js.map [22m[32m29.24 KB[39m
@tevm/viem: [2m[[22m@TEVM/VIEM[2m][22m [32mESM[39m ⚡️ Build success in 64ms



 NX   Running target typecheck for 38 projects and 86 tasks they depend on failed

Tasks not run because their dependencies failed or --nx-bail=true:

- @tevm/sync-storage-persister:typecheck
- @tevm/receipt-manager:typecheck
- @tevm/test-matchers:typecheck
- @tevm/webpack-plugin:typecheck
- @tevm/memory-client:typecheck
- @tevm/client-types:typecheck
- @tevm/http-client:typecheck
- @tevm/test-node:typecheck
- @tevm/blockchain:typecheck
- @tevm/decorators:typecheck
- @tevm/procedures:typecheck
- @tevm/memory-client-integration:typecheck
- @tevm/test-matchers-integration:typecheck
- @tevm/ethers:typecheck
- @tevm/actions:typecheck
- @tevm/precompiles-integration:typecheck
- @tevm/server:typecheck
- @tevm/txpool:typecheck
- @tevm/viem:typecheck
- @tevm/block:typecheck
- @tevm/state:typecheck
- @tevm/node:typecheck
- @tevm/ts-plugin:typecheck
- @tevm/evm:typecheck
- @tevm/vm:typecheck
- tevm:typecheck
- @tevm/state:build:types
- @tevm/test-utils:build:types
- @tevm/esbuild-plugin:build:types
- @tevm/unplugin:build:types
- @tevm/base-bundler:build:types
- @tevm/bundler-cache:build:types
- @tevm/compiler:build:types
- @tevm/runtime:build:types
- @tevm/ts-plugin:build:types
- @tevm/block:build:types
- @tevm/blockchain:build:types
- @tevm/actions:build:types
- @tevm/evm:build:types
- @tevm/node:build:types
- @tevm/precompiles:build:types
- @tevm/bun-plugin:build:types
- @tevm/receipt-manager:build:types
- @tevm/sync-storage-persister:build:types
- @tevm/txpool:build:types
- @tevm/vm:build:types
- @tevm/decorators:build:types
- @tevm/client-types:build:types
- @tevm/server:build:types
- @tevm/memory-client:build:types
- @tevm/viem:build:types
- @tevm/test-node:build:types
- @tevm/test-matchers:build:types
- @tevm/http-client:build:types
- @tevm/rollup-plugin:build:types
- @tevm/rspack-plugin:build:types
- @tevm/vite-plugin:build:types
- @tevm/webpack-plugin:build:types

Failed tasks:

- @tevm/common:build:types
- @tevm/config:build:types
- @tevm/common:typecheck
- @tevm/trie:typecheck

